<?xml version="1.0" encoding="UTF-8"?>
<coverage generated="1774088554981" clover="3.2.0">
  <project timestamp="1774088554982" name="All files">
    <metrics statements="2926" coveredstatements="2704" conditionals="1125" coveredconditionals="940" methods="44" coveredmethods="41" elements="4095" coveredelements="3685" complexity="0" loc="2926" ncloc="2926" packages="4" files="6" classes="6"/>
    <package name="src">
      <metrics statements="125" coveredstatements="83" conditionals="35" coveredconditionals="28" methods="4" coveredmethods="3"/>
      <file name="index.ts" path="C:\SysteModel\packages\diagram-service\src\index.ts">
        <metrics statements="30" coveredstatements="0" conditionals="1" coveredconditionals="0" methods="1" coveredmethods="0"/>
        <line num="1" count="0" type="cond" truecount="0" falsecount="1"/>
        <line num="2" count="0" type="stmt"/>
        <line num="3" count="0" type="stmt"/>
        <line num="4" count="0" type="stmt"/>
        <line num="5" count="0" type="stmt"/>
        <line num="7" count="0" type="stmt"/>
        <line num="8" count="0" type="stmt"/>
        <line num="9" count="0" type="stmt"/>
        <line num="10" count="0" type="stmt"/>
        <line num="11" count="0" type="stmt"/>
        <line num="14" count="0" type="stmt"/>
        <line num="15" count="0" type="stmt"/>
        <line num="16" count="0" type="stmt"/>
        <line num="17" count="0" type="stmt"/>
        <line num="18" count="0" type="stmt"/>
        <line num="19" count="0" type="stmt"/>
        <line num="21" count="0" type="stmt"/>
        <line num="23" count="0" type="stmt"/>
        <line num="24" count="0" type="stmt"/>
        <line num="25" count="0" type="stmt"/>
        <line num="26" count="0" type="stmt"/>
        <line num="27" count="0" type="stmt"/>
        <line num="29" count="0" type="stmt"/>
        <line num="30" count="0" type="stmt"/>
        <line num="31" count="0" type="stmt"/>
        <line num="33" count="0" type="stmt"/>
        <line num="34" count="0" type="stmt"/>
        <line num="36" count="0" type="stmt"/>
        <line num="37" count="0" type="stmt"/>
        <line num="38" count="0" type="stmt"/>
      </file>
      <file name="websocket-server.ts" path="C:\SysteModel\packages\diagram-service\src\websocket-server.ts">
        <metrics statements="95" coveredstatements="83" conditionals="34" coveredconditionals="28" methods="3" coveredmethods="3"/>
        <line num="1" count="1" type="stmt"/>
        <line num="12" count="1" type="stmt"/>
        <line num="13" count="1" type="stmt"/>
        <line num="14" count="1" type="stmt"/>
        <line num="16" count="1" type="cond" truecount="1" falsecount="0"/>
        <line num="17" count="17" type="stmt"/>
        <line num="18" count="17" type="stmt"/>
        <line num="19" count="17" type="stmt"/>
        <line num="20" count="17" type="stmt"/>
        <line num="21" count="17" type="cond" truecount="1" falsecount="0"/>
        <line num="22" count="21" type="cond" truecount="3" falsecount="0"/>
        <line num="23" count="2" type="stmt"/>
        <line num="24" count="2" type="stmt"/>
        <line num="25" count="2" type="cond" truecount="1" falsecount="0"/>
        <line num="26" count="19" type="stmt"/>
        <line num="27" count="21" type="stmt"/>
        <line num="28" count="17" type="stmt"/>
        <line num="31" count="17" type="stmt"/>
        <line num="33" count="17" type="stmt"/>
        <line num="35" count="17" type="cond" truecount="1" falsecount="0"/>
        <line num="36" count="19" type="cond" truecount="0" falsecount="1"/>
        <line num="39" count="19" type="cond" truecount="1" falsecount="0"/>
        <line num="40" count="19" type="cond" truecount="0" falsecount="1"/>
        <line num="41" count="0" type="stmt"/>
        <line num="42" count="0" type="stmt"/>
        <line num="43" count="0" type="stmt"/>
        <line num="44" count="19" type="stmt"/>
        <line num="47" count="19" type="stmt"/>
        <line num="48" count="19" type="stmt"/>
        <line num="50" count="19" type="cond" truecount="1" falsecount="0"/>
        <line num="51" count="140" type="stmt"/>
        <line num="52" count="140" type="stmt"/>
        <line num="53" count="140" type="stmt"/>
        <line num="54" count="140" type="stmt"/>
        <line num="56" count="19" type="cond" truecount="1" falsecount="0"/>
        <line num="58" count="140" type="stmt"/>
        <line num="59" count="140" type="cond" truecount="1" falsecount="0"/>
        <line num="60" count="1" type="stmt"/>
        <line num="61" count="1" type="stmt"/>
        <line num="62" count="1" type="cond" truecount="1" falsecount="0"/>
        <line num="64" count="139" type="stmt"/>
        <line num="65" count="139" type="stmt"/>
        <line num="67" count="140" type="cond" truecount="0" falsecount="1"/>
        <line num="68" count="0" type="stmt"/>
        <line num="69" count="0" type="stmt"/>
        <line num="70" count="0" type="cond" truecount="1" falsecount="0"/>
        <line num="72" count="139" type="stmt"/>
        <line num="74" count="139" type="stmt"/>
        <line num="75" count="139" type="stmt"/>
        <line num="76" count="139" type="stmt"/>
        <line num="77" count="140" type="cond" truecount="2" falsecount="0"/>
        <line num="78" count="140" type="cond" truecount="1" falsecount="0"/>
        <line num="80" count="140" type="cond" truecount="1" falsecount="0"/>
        <line num="82" count="137" type="cond" truecount="2" falsecount="0"/>
        <line num="83" count="1" type="stmt"/>
        <line num="84" count="1" type="stmt"/>
        <line num="85" count="1" type="cond" truecount="1" falsecount="0"/>
        <line num="86" count="136" type="stmt"/>
        <line num="87" count="136" type="stmt"/>
        <line num="88" count="136" type="stmt"/>
        <line num="89" count="140" type="cond" truecount="1" falsecount="1"/>
        <line num="90" count="0" type="stmt"/>
        <line num="91" count="0" type="stmt"/>
        <line num="92" count="0" type="stmt"/>
        <line num="93" count="0" type="stmt"/>
        <line num="94" count="0" type="stmt"/>
        <line num="95" count="1" type="stmt"/>
        <line num="96" count="1" type="stmt"/>
        <line num="97" count="1" type="stmt"/>
        <line num="98" count="1" type="cond" truecount="1" falsecount="0"/>
        <line num="100" count="140" type="cond" truecount="1" falsecount="0"/>
        <line num="101" count="1" type="stmt"/>
        <line num="102" count="1" type="stmt"/>
        <line num="103" count="1" type="cond" truecount="1" falsecount="0"/>
        <line num="106" count="135" type="stmt"/>
        <line num="107" count="135" type="stmt"/>
        <line num="108" count="135" type="stmt"/>
        <line num="110" count="140" type="cond" truecount="1" falsecount="0"/>
        <line num="112" count="1" type="cond" truecount="0" falsecount="1"/>
        <line num="113" count="1" type="stmt"/>
        <line num="114" count="1" type="stmt"/>
        <line num="115" count="1" type="stmt"/>
        <line num="116" count="19" type="stmt"/>
        <line num="118" count="19" type="cond" truecount="1" falsecount="0"/>
        <line num="119" count="19" type="stmt"/>
        <line num="120" count="19" type="cond" truecount="0" falsecount="1"/>
        <line num="121" count="19" type="cond" truecount="2" falsecount="0"/>
        <line num="122" count="4" type="stmt"/>
        <line num="123" count="19" type="stmt"/>
        <line num="125" count="19" type="stmt"/>
        <line num="126" count="0" type="stmt"/>
        <line num="127" count="19" type="stmt"/>
        <line num="128" count="17" type="stmt"/>
        <line num="130" count="17" type="stmt"/>
        <line num="131" count="17" type="stmt"/>
      </file>
    </package>
    <package name="src.layout">
      <metrics statements="56" coveredstatements="0" conditionals="1" coveredconditionals="0" methods="1" coveredmethods="0"/>
      <file name="elk-layout.ts" path="C:\SysteModel\packages\diagram-service\src\layout\elk-layout.ts">
        <metrics statements="56" coveredstatements="0" conditionals="1" coveredconditionals="0" methods="1" coveredmethods="0"/>
        <line num="1" count="0" type="cond" truecount="0" falsecount="1"/>
        <line num="5" count="0" type="stmt"/>
        <line num="6" count="0" type="stmt"/>
        <line num="31" count="0" type="stmt"/>
        <line num="32" count="0" type="stmt"/>
        <line num="33" count="0" type="stmt"/>
        <line num="35" count="0" type="stmt"/>
        <line num="36" count="0" type="stmt"/>
        <line num="37" count="0" type="stmt"/>
        <line num="38" count="0" type="stmt"/>
        <line num="39" count="0" type="stmt"/>
        <line num="40" count="0" type="stmt"/>
        <line num="41" count="0" type="stmt"/>
        <line num="42" count="0" type="stmt"/>
        <line num="43" count="0" type="stmt"/>
        <line num="44" count="0" type="stmt"/>
        <line num="45" count="0" type="stmt"/>
        <line num="46" count="0" type="stmt"/>
        <line num="47" count="0" type="stmt"/>
        <line num="48" count="0" type="stmt"/>
        <line num="49" count="0" type="stmt"/>
        <line num="50" count="0" type="stmt"/>
        <line num="51" count="0" type="stmt"/>
        <line num="52" count="0" type="stmt"/>
        <line num="56" count="0" type="stmt"/>
        <line num="57" count="0" type="stmt"/>
        <line num="58" count="0" type="stmt"/>
        <line num="59" count="0" type="stmt"/>
        <line num="60" count="0" type="stmt"/>
        <line num="61" count="0" type="stmt"/>
        <line num="62" count="0" type="stmt"/>
        <line num="63" count="0" type="stmt"/>
        <line num="64" count="0" type="stmt"/>
        <line num="65" count="0" type="stmt"/>
        <line num="66" count="0" type="stmt"/>
        <line num="68" count="0" type="stmt"/>
        <line num="70" count="0" type="stmt"/>
        <line num="71" count="0" type="stmt"/>
        <line num="72" count="0" type="stmt"/>
        <line num="73" count="0" type="stmt"/>
        <line num="74" count="0" type="stmt"/>
        <line num="75" count="0" type="stmt"/>
        <line num="76" count="0" type="stmt"/>
        <line num="78" count="0" type="stmt"/>
        <line num="79" count="0" type="stmt"/>
        <line num="80" count="0" type="stmt"/>
        <line num="81" count="0" type="stmt"/>
        <line num="82" count="0" type="stmt"/>
        <line num="83" count="0" type="stmt"/>
        <line num="84" count="0" type="stmt"/>
        <line num="85" count="0" type="stmt"/>
        <line num="87" count="0" type="stmt"/>
        <line num="88" count="0" type="stmt"/>
        <line num="89" count="0" type="stmt"/>
        <line num="90" count="0" type="stmt"/>
        <line num="91" count="0" type="stmt"/>
      </file>
    </package>
    <package name="src.parser">
      <metrics statements="2076" coveredstatements="1979" conditionals="789" coveredconditionals="642" methods="26" coveredmethods="25"/>
      <file name="sysml-text-parser.ts" path="C:\SysteModel\packages\diagram-service\src\parser\sysml-text-parser.ts">
        <metrics statements="2076" coveredstatements="1979" conditionals="789" coveredconditionals="642" methods="26" coveredmethods="25"/>
        <line num="15" count="800" type="cond" truecount="1" falsecount="0"/>
        <line num="16" count="800" type="stmt"/>
        <line num="17" count="800" type="stmt"/>
        <line num="20" count="800" type="stmt"/>
        <line num="21" count="800" type="stmt"/>
        <line num="22" count="800" type="stmt"/>
        <line num="23" count="800" type="cond" truecount="1" falsecount="0"/>
        <line num="24" count="21" type="stmt"/>
        <line num="25" count="21" type="stmt"/>
        <line num="26" count="800" type="cond" truecount="1" falsecount="0"/>
        <line num="27" count="24" type="cond" truecount="2" falsecount="0"/>
        <line num="28" count="24" type="stmt"/>
        <line num="31" count="800" type="stmt"/>
        <line num="32" count="800" type="stmt"/>
        <line num="33" count="800" type="cond" truecount="1" falsecount="0"/>
        <line num="34" count="24" type="cond" truecount="3" falsecount="0"/>
        <line num="36" count="14" type="stmt"/>
        <line num="37" count="14" type="stmt"/>
        <line num="38" count="14" type="stmt"/>
        <line num="39" count="14" type="stmt"/>
        <line num="40" count="14" type="cond" truecount="3" falsecount="0"/>
        <line num="42" count="12" type="stmt"/>
        <line num="43" count="12" type="stmt"/>
        <line num="44" count="12" type="stmt"/>
        <line num="46" count="12" type="stmt"/>
        <line num="47" count="12" type="stmt"/>
        <line num="49" count="20" type="cond" truecount="1" falsecount="0"/>
        <line num="50" count="6" type="stmt"/>
        <line num="51" count="6" type="cond" truecount="1" falsecount="0"/>
        <line num="52" count="2" type="stmt"/>
        <line num="53" count="2" type="stmt"/>
        <line num="54" count="2" type="cond" truecount="0" falsecount="2"/>
        <line num="55" count="6" type="cond" truecount="3" falsecount="0"/>
        <line num="56" count="2" type="stmt"/>
        <line num="57" count="2" type="stmt"/>
        <line num="58" count="6" type="stmt"/>
        <line num="60" count="6" type="cond" truecount="2" falsecount="0"/>
        <line num="61" count="6" type="cond" truecount="1" falsecount="0"/>
        <line num="63" count="12" type="stmt"/>
        <line num="65" count="12" type="stmt"/>
        <line num="66" count="12" type="stmt"/>
        <line num="67" count="12" type="stmt"/>
        <line num="68" count="800" type="stmt"/>
        <line num="69" count="800" type="stmt"/>
        <line num="71" count="0" type="stmt"/>
        <line num="73" count="0" type="stmt"/>
        <line num="75" count="0" type="stmt"/>
        <line num="76" count="0" type="stmt"/>
        <line num="77" count="0" type="stmt"/>
        <line num="79" count="11400" type="cond" truecount="1" falsecount="0"/>
        <line num="80" count="11400" type="stmt"/>
        <line num="81" count="11400" type="stmt"/>
        <line num="85" count="800" type="cond" truecount="1" falsecount="0"/>
        <line num="86" count="800" type="stmt"/>
        <line num="87" count="800" type="stmt"/>
        <line num="88" count="800" type="cond" truecount="1" falsecount="0"/>
        <line num="89" count="11" type="stmt"/>
        <line num="91" count="11" type="cond" truecount="0" falsecount="1"/>
        <line num="92" count="0" type="stmt"/>
        <line num="93" count="11" type="stmt"/>
        <line num="94" count="11" type="stmt"/>
        <line num="95" count="11" type="stmt"/>
        <line num="96" count="800" type="stmt"/>
        <line num="97" count="800" type="stmt"/>
        <line num="98" count="800" type="stmt"/>
        <line num="101" count="6915" type="cond" truecount="1" falsecount="0"/>
        <line num="102" count="6915" type="cond" truecount="1" falsecount="0"/>
        <line num="103" count="6915" type="stmt"/>
        <line num="105" count="11019" type="cond" truecount="1" falsecount="0"/>
        <line num="106" count="11019" type="stmt"/>
        <line num="107" count="11019" type="stmt"/>
        <line num="108" count="11019" type="cond" truecount="1" falsecount="0"/>
        <line num="109" count="11019" type="stmt"/>
        <line num="110" count="11019" type="stmt"/>
        <line num="111" count="11019" type="stmt"/>
        <line num="114" count="196" type="cond" truecount="1" falsecount="0"/>
        <line num="115" count="196" type="stmt"/>
        <line num="117" count="196" type="cond" truecount="0" falsecount="1"/>
        <line num="119" count="196" type="cond" truecount="2" falsecount="0"/>
        <line num="120" count="196" type="cond" truecount="2" falsecount="0"/>
        <line num="121" count="196" type="cond" truecount="1" falsecount="0"/>
        <line num="122" count="196" type="stmt"/>
        <line num="123" count="196" type="cond" truecount="1" falsecount="0"/>
        <line num="124" count="2381" type="stmt"/>
        <line num="125" count="2381" type="cond" truecount="1" falsecount="0"/>
        <line num="126" count="19414" type="cond" truecount="2" falsecount="0"/>
        <line num="127" count="18015" type="stmt"/>
        <line num="128" count="19414" type="stmt"/>
        <line num="129" count="2381" type="stmt"/>
        <line num="130" count="2381" type="stmt"/>
        <line num="131" count="196" type="stmt"/>
        <line num="132" count="196" type="stmt"/>
        <line num="135" count="20" type="cond" truecount="1" falsecount="0"/>
        <line num="136" count="20" type="stmt"/>
        <line num="137" count="20" type="stmt"/>
        <line num="138" count="20" type="cond" truecount="1" falsecount="0"/>
        <line num="139" count="20" type="cond" truecount="1" falsecount="0"/>
        <line num="140" count="20" type="cond" truecount="1" falsecount="0"/>
        <line num="141" count="20" type="stmt"/>
        <line num="142" count="20" type="stmt"/>
        <line num="143" count="20" type="cond" truecount="1" falsecount="0"/>
        <line num="144" count="20" type="stmt"/>
        <line num="148" count="9577" type="cond" truecount="1" falsecount="0"/>
        <line num="149" count="9577" type="stmt"/>
        <line num="150" count="9577" type="cond" truecount="2" falsecount="0"/>
        <line num="151" count="9577" type="cond" truecount="1" falsecount="1"/>
        <line num="152" count="1187" type="stmt"/>
        <line num="153" count="1187" type="stmt"/>
        <line num="154" count="9577" type="cond" truecount="2" falsecount="0"/>
        <line num="155" count="107999" type="cond" truecount="2" falsecount="0"/>
        <line num="156" count="97871" type="cond" truecount="1" falsecount="0"/>
        <line num="157" count="107999" type="stmt"/>
        <line num="158" count="107999" type="cond" truecount="1" falsecount="0"/>
        <line num="159" count="1187" type="stmt"/>
        <line num="160" count="1187" type="stmt"/>
        <line num="168" count="1" type="stmt"/>
        <line num="169" count="1" type="stmt"/>
        <line num="170" count="1" type="stmt"/>
        <line num="171" count="1" type="stmt"/>
        <line num="172" count="1" type="stmt"/>
        <line num="173" count="1" type="stmt"/>
        <line num="174" count="1" type="stmt"/>
        <line num="175" count="1" type="stmt"/>
        <line num="176" count="1" type="stmt"/>
        <line num="177" count="1" type="stmt"/>
        <line num="178" count="1" type="stmt"/>
        <line num="179" count="1" type="stmt"/>
        <line num="180" count="1" type="stmt"/>
        <line num="181" count="1" type="stmt"/>
        <line num="183" count="1" type="stmt"/>
        <line num="184" count="1" type="stmt"/>
        <line num="185" count="1" type="stmt"/>
        <line num="186" count="1" type="stmt"/>
        <line num="187" count="1" type="stmt"/>
        <line num="188" count="1" type="stmt"/>
        <line num="189" count="1" type="stmt"/>
        <line num="190" count="1" type="stmt"/>
        <line num="191" count="1" type="stmt"/>
        <line num="193" count="1" type="stmt"/>
        <line num="194" count="1" type="stmt"/>
        <line num="195" count="1" type="stmt"/>
        <line num="196" count="1" type="stmt"/>
        <line num="197" count="1" type="stmt"/>
        <line num="198" count="1" type="stmt"/>
        <line num="199" count="1" type="stmt"/>
        <line num="200" count="1" type="stmt"/>
        <line num="201" count="1" type="stmt"/>
        <line num="202" count="1" type="stmt"/>
        <line num="203" count="1" type="stmt"/>
        <line num="204" count="1" type="stmt"/>
        <line num="205" count="1" type="stmt"/>
        <line num="206" count="1" type="stmt"/>
        <line num="207" count="1" type="stmt"/>
        <line num="208" count="1" type="stmt"/>
        <line num="209" count="1" type="stmt"/>
        <line num="211" count="1" type="stmt"/>
        <line num="212" count="1" type="stmt"/>
        <line num="213" count="1" type="stmt"/>
        <line num="214" count="1" type="stmt"/>
        <line num="215" count="1" type="stmt"/>
        <line num="216" count="1" type="stmt"/>
        <line num="217" count="1" type="stmt"/>
        <line num="218" count="1" type="stmt"/>
        <line num="219" count="1" type="stmt"/>
        <line num="220" count="1" type="stmt"/>
        <line num="221" count="1" type="stmt"/>
        <line num="222" count="1" type="stmt"/>
        <line num="223" count="1" type="stmt"/>
        <line num="224" count="1" type="stmt"/>
        <line num="225" count="1" type="stmt"/>
        <line num="226" count="1" type="stmt"/>
        <line num="227" count="1" type="stmt"/>
        <line num="228" count="1" type="stmt"/>
        <line num="229" count="1" type="stmt"/>
        <line num="230" count="1" type="stmt"/>
        <line num="232" count="1" type="stmt"/>
        <line num="233" count="1" type="stmt"/>
        <line num="234" count="1" type="stmt"/>
        <line num="235" count="1" type="stmt"/>
        <line num="236" count="1" type="stmt"/>
        <line num="237" count="1" type="stmt"/>
        <line num="238" count="1" type="stmt"/>
        <line num="239" count="1" type="stmt"/>
        <line num="240" count="1" type="stmt"/>
        <line num="241" count="1" type="stmt"/>
        <line num="242" count="1" type="stmt"/>
        <line num="244" count="1" type="stmt"/>
        <line num="245" count="1" type="stmt"/>
        <line num="246" count="1" type="stmt"/>
        <line num="247" count="1" type="stmt"/>
        <line num="248" count="1" type="stmt"/>
        <line num="249" count="1" type="stmt"/>
        <line num="250" count="1" type="stmt"/>
        <line num="251" count="1" type="stmt"/>
        <line num="252" count="1" type="stmt"/>
        <line num="256" count="1" type="stmt"/>
        <line num="261" count="1" type="stmt"/>
        <line num="264" count="1" type="stmt"/>
        <line num="265" count="1" type="stmt"/>
        <line num="267" count="1" type="stmt"/>
        <line num="269" count="1" type="stmt"/>
        <line num="270" count="1" type="stmt"/>
        <line num="271" count="1" type="stmt"/>
        <line num="273" count="1" type="stmt"/>
        <line num="275" count="1" type="stmt"/>
        <line num="277" count="1" type="stmt"/>
        <line num="279" count="1" type="stmt"/>
        <line num="281" count="1" type="stmt"/>
        <line num="283" count="1" type="stmt"/>
        <line num="284" count="1" type="stmt"/>
        <line num="286" count="1" type="stmt"/>
        <line num="288" count="1" type="stmt"/>
        <line num="290" count="1" type="stmt"/>
        <line num="292" count="1" type="stmt"/>
        <line num="294" count="1" type="stmt"/>
        <line num="295" count="1" type="stmt"/>
        <line num="296" count="1" type="stmt"/>
        <line num="298" count="1" type="stmt"/>
        <line num="299" count="1" type="stmt"/>
        <line num="300" count="1" type="stmt"/>
        <line num="301" count="1" type="stmt"/>
        <line num="302" count="1" type="stmt"/>
        <line num="303" count="1" type="stmt"/>
        <line num="305" count="1" type="stmt"/>
        <line num="306" count="1" type="stmt"/>
        <line num="311" count="1" type="stmt"/>
        <line num="312" count="1" type="stmt"/>
        <line num="315" count="1" type="stmt"/>
        <line num="317" count="1" type="stmt"/>
        <line num="320" count="1" type="stmt"/>
        <line num="322" count="1" type="stmt"/>
        <line num="323" count="1" type="stmt"/>
        <line num="325" count="1" type="stmt"/>
        <line num="327" count="1" type="stmt"/>
        <line num="328" count="1" type="stmt"/>
        <line num="329" count="1" type="stmt"/>
        <line num="330" count="1" type="stmt"/>
        <line num="333" count="1" type="stmt"/>
        <line num="335" count="1" type="stmt"/>
        <line num="338" count="1" type="stmt"/>
        <line num="339" count="1" type="stmt"/>
        <line num="340" count="1" type="stmt"/>
        <line num="341" count="1" type="stmt"/>
        <line num="342" count="1" type="stmt"/>
        <line num="343" count="1" type="stmt"/>
        <line num="344" count="1" type="stmt"/>
        <line num="348" count="1" type="stmt"/>
        <line num="350" count="1" type="cond" truecount="1" falsecount="0"/>
        <line num="351" count="811" type="cond" truecount="2" falsecount="0"/>
        <line num="352" count="8" type="stmt"/>
        <line num="353" count="8" type="cond" truecount="1" falsecount="0"/>
        <line num="354" count="811" type="cond" truecount="1" falsecount="0"/>
        <line num="355" count="3" type="stmt"/>
        <line num="356" count="3" type="stmt"/>
        <line num="357" count="3" type="stmt"/>
        <line num="358" count="3" type="stmt"/>
        <line num="359" count="3" type="cond" truecount="1" falsecount="0"/>
        <line num="362" count="800" type="cond" truecount="1" falsecount="0"/>
        <line num="364" count="800" type="stmt"/>
        <line num="368" count="800" type="stmt"/>
        <line num="369" count="800" type="stmt"/>
        <line num="370" count="800" type="stmt"/>
        <line num="371" count="811" type="cond" truecount="1" falsecount="0"/>
        <line num="372" count="174915" type="cond" truecount="2" falsecount="0"/>
        <line num="373" count="169278" type="cond" truecount="1" falsecount="0"/>
        <line num="374" count="174915" type="stmt"/>
        <line num="375" count="174915" type="cond" truecount="1" falsecount="0"/>
        <line num="376" count="800" type="stmt"/>
        <line num="377" count="800" type="stmt"/>
        <line num="378" count="800" type="stmt"/>
        <line num="379" count="811" type="cond" truecount="1" falsecount="0"/>
        <line num="382" count="9" type="cond" truecount="3" falsecount="0"/>
        <line num="383" count="8" type="stmt"/>
        <line num="384" count="8" type="stmt"/>
        <line num="385" count="8" type="stmt"/>
        <line num="386" count="8" type="stmt"/>
        <line num="387" count="9" type="cond" truecount="1" falsecount="0"/>
        <line num="388" count="800" type="stmt"/>
        <line num="389" count="800" type="stmt"/>
        <line num="391" count="800" type="stmt"/>
        <line num="392" count="800" type="stmt"/>
        <line num="393" count="800" type="stmt"/>
        <line num="394" count="800" type="stmt"/>
        <line num="395" count="800" type="stmt"/>
        <line num="397" count="800" type="stmt"/>
        <line num="400" count="800" type="cond" truecount="1" falsecount="0"/>
        <line num="401" count="808" type="stmt"/>
        <line num="402" count="808" type="cond" truecount="0" falsecount="1"/>
        <line num="403" count="808" type="stmt"/>
        <line num="404" count="808" type="cond" truecount="1" falsecount="0"/>
        <line num="405" count="4885" type="cond" truecount="1" falsecount="0"/>
        <line num="406" count="4843" type="stmt"/>
        <line num="407" count="4843" type="stmt"/>
        <line num="408" count="4843" type="stmt"/>
        <line num="409" count="4843" type="stmt"/>
        <line num="410" count="4843" type="stmt"/>
        <line num="411" count="4843" type="stmt"/>
        <line num="412" count="4843" type="stmt"/>
        <line num="413" count="4843" type="stmt"/>
        <line num="414" count="4885" type="stmt"/>
        <line num="415" count="808" type="stmt"/>
        <line num="417" count="800" type="stmt"/>
        <line num="420" count="800" type="stmt"/>
        <line num="421" count="800" type="stmt"/>
        <line num="422" count="811" type="cond" truecount="1" falsecount="0"/>
        <line num="423" count="17" type="stmt"/>
        <line num="425" count="17" type="cond" truecount="0" falsecount="1"/>
        <line num="426" count="17" type="stmt"/>
        <line num="427" count="17" type="cond" truecount="1" falsecount="0"/>
        <line num="429" count="3" type="stmt"/>
        <line num="430" count="3" type="stmt"/>
        <line num="431" count="3" type="cond" truecount="1" falsecount="0"/>
        <line num="432" count="3" type="stmt"/>
        <line num="433" count="3" type="stmt"/>
        <line num="434" count="3" type="stmt"/>
        <line num="435" count="3" type="stmt"/>
        <line num="436" count="3" type="stmt"/>
        <line num="437" count="3" type="stmt"/>
        <line num="438" count="3" type="stmt"/>
        <line num="439" count="3" type="cond" truecount="2" falsecount="0"/>
        <line num="440" count="16" type="cond" truecount="1" falsecount="0"/>
        <line num="441" count="8" type="stmt"/>
        <line num="442" count="16" type="cond" truecount="1" falsecount="0"/>
        <line num="444" count="6" type="cond" truecount="1" falsecount="0"/>
        <line num="445" count="5" type="stmt"/>
        <line num="446" count="5" type="stmt"/>
        <line num="447" count="5" type="stmt"/>
        <line num="448" count="5" type="stmt"/>
        <line num="449" count="5" type="stmt"/>
        <line num="450" count="5" type="stmt"/>
        <line num="451" count="5" type="stmt"/>
        <line num="452" count="5" type="stmt"/>
        <line num="453" count="5" type="stmt"/>
        <line num="454" count="6" type="cond" truecount="0" falsecount="1"/>
        <line num="455" count="0" type="stmt"/>
        <line num="456" count="0" type="stmt"/>
        <line num="457" count="0" type="stmt"/>
        <line num="458" count="0" type="stmt"/>
        <line num="459" count="0" type="stmt"/>
        <line num="460" count="0" type="stmt"/>
        <line num="461" count="0" type="stmt"/>
        <line num="462" count="0" type="stmt"/>
        <line num="463" count="0" type="stmt"/>
        <line num="464" count="0" type="stmt"/>
        <line num="465" count="17" type="cond" truecount="1" falsecount="0"/>
        <line num="468" count="800" type="stmt"/>
        <line num="472" count="800" type="cond" truecount="1" falsecount="0"/>
        <line num="474" count="367" type="stmt"/>
        <line num="475" count="367" type="cond" truecount="3" falsecount="0"/>
        <line num="477" count="21" type="stmt"/>
        <line num="478" count="251" type="cond" truecount="0" falsecount="1"/>
        <line num="479" count="0" type="stmt"/>
        <line num="480" count="0" type="stmt"/>
        <line num="481" count="0" type="cond" truecount="1" falsecount="0"/>
        <line num="483" count="251" type="cond" truecount="1" falsecount="0"/>
        <line num="484" count="1" type="stmt"/>
        <line num="485" count="1" type="stmt"/>
        <line num="486" count="1" type="cond" truecount="1" falsecount="0"/>
        <line num="487" count="20" type="stmt"/>
        <line num="488" count="367" type="stmt"/>
        <line num="491" count="800" type="cond" truecount="1" falsecount="0"/>
        <line num="492" count="486" type="cond" truecount="2" falsecount="0"/>
        <line num="493" count="486" type="stmt"/>
        <line num="499" count="800" type="stmt"/>
        <line num="501" count="800" type="stmt"/>
        <line num="502" count="800" type="stmt"/>
        <line num="503" count="811" type="cond" truecount="1" falsecount="0"/>
        <line num="504" count="47" type="stmt"/>
        <line num="505" count="47" type="stmt"/>
        <line num="506" count="47" type="stmt"/>
        <line num="507" count="47" type="stmt"/>
        <line num="508" count="47" type="stmt"/>
        <line num="510" count="47" type="stmt"/>
        <line num="511" count="47" type="stmt"/>
        <line num="512" count="47" type="stmt"/>
        <line num="513" count="47" type="stmt"/>
        <line num="514" count="47" type="stmt"/>
        <line num="515" count="47" type="stmt"/>
        <line num="516" count="47" type="stmt"/>
        <line num="517" count="47" type="stmt"/>
        <line num="518" count="47" type="stmt"/>
        <line num="519" count="47" type="stmt"/>
        <line num="520" count="47" type="stmt"/>
        <line num="521" count="47" type="stmt"/>
        <line num="522" count="47" type="stmt"/>
        <line num="523" count="47" type="cond" truecount="1" falsecount="0"/>
        <line num="526" count="800" type="cond" truecount="1" falsecount="0"/>
        <line num="529" count="811" type="cond" truecount="1" falsecount="0"/>
        <line num="531" count="47" type="cond" truecount="1" falsecount="0"/>
        <line num="532" count="54" type="cond" truecount="2" falsecount="0"/>
        <line num="533" count="47" type="stmt"/>
        <line num="534" count="47" type="cond" truecount="1" falsecount="0"/>
        <line num="535" count="3" type="stmt"/>
        <line num="536" count="3" type="stmt"/>
        <line num="537" count="3" type="stmt"/>
        <line num="538" count="3" type="stmt"/>
        <line num="539" count="3" type="stmt"/>
        <line num="540" count="3" type="stmt"/>
        <line num="541" count="3" type="stmt"/>
        <line num="542" count="3" type="stmt"/>
        <line num="543" count="47" type="cond" truecount="1" falsecount="0"/>
        <line num="546" count="800" type="cond" truecount="1" falsecount="0"/>
        <line num="547" count="5070" type="cond" truecount="2" falsecount="0"/>
        <line num="548" count="5070" type="stmt"/>
        <line num="553" count="800" type="stmt"/>
        <line num="555" count="800" type="stmt"/>
        <line num="556" count="800" type="stmt"/>
        <line num="557" count="811" type="cond" truecount="1" falsecount="0"/>
        <line num="558" count="13" type="stmt"/>
        <line num="559" count="13" type="stmt"/>
        <line num="560" count="13" type="cond" truecount="2" falsecount="0"/>
        <line num="562" count="13" type="stmt"/>
        <line num="564" count="13" type="stmt"/>
        <line num="565" count="13" type="stmt"/>
        <line num="566" count="13" type="stmt"/>
        <line num="567" count="13" type="stmt"/>
        <line num="568" count="13" type="stmt"/>
        <line num="569" count="13" type="stmt"/>
        <line num="570" count="13" type="stmt"/>
        <line num="571" count="13" type="stmt"/>
        <line num="572" count="13" type="stmt"/>
        <line num="573" count="13" type="stmt"/>
        <line num="574" count="13" type="stmt"/>
        <line num="575" count="13" type="stmt"/>
        <line num="576" count="13" type="stmt"/>
        <line num="577" count="13" type="stmt"/>
        <line num="578" count="13" type="stmt"/>
        <line num="579" count="13" type="stmt"/>
        <line num="582" count="13" type="stmt"/>
        <line num="583" count="13" type="stmt"/>
        <line num="586" count="13" type="stmt"/>
        <line num="587" count="13" type="cond" truecount="1" falsecount="0"/>
        <line num="588" count="7" type="stmt"/>
        <line num="589" count="7" type="stmt"/>
        <line num="590" count="7" type="stmt"/>
        <line num="591" count="7" type="stmt"/>
        <line num="592" count="7" type="stmt"/>
        <line num="593" count="7" type="stmt"/>
        <line num="594" count="7" type="stmt"/>
        <line num="595" count="7" type="stmt"/>
        <line num="596" count="13" type="cond" truecount="1" falsecount="0"/>
        <line num="600" count="811" type="cond" truecount="1" falsecount="0"/>
        <line num="601" count="20" type="cond" truecount="1" falsecount="0"/>
        <line num="602" count="20" type="cond" truecount="2" falsecount="0"/>
        <line num="603" count="20" type="cond" truecount="3" falsecount="0"/>
        <line num="604" count="20" type="cond" truecount="1" falsecount="0"/>
        <line num="605" count="6" type="cond" truecount="2" falsecount="0"/>
        <line num="606" count="14" type="cond" truecount="3" falsecount="0"/>
        <line num="607" count="20" type="stmt"/>
        <line num="608" count="20" type="stmt"/>
        <line num="609" count="20" type="stmt"/>
        <line num="610" count="20" type="stmt"/>
        <line num="611" count="20" type="stmt"/>
        <line num="612" count="20" type="stmt"/>
        <line num="613" count="20" type="stmt"/>
        <line num="614" count="20" type="stmt"/>
        <line num="615" count="20" type="stmt"/>
        <line num="616" count="20" type="stmt"/>
        <line num="617" count="20" type="stmt"/>
        <line num="618" count="20" type="stmt"/>
        <line num="619" count="20" type="stmt"/>
        <line num="620" count="20" type="stmt"/>
        <line num="624" count="20" type="cond" truecount="2" falsecount="0"/>
        <line num="625" count="20" type="cond" truecount="1" falsecount="0"/>
        <line num="626" count="2" type="stmt"/>
        <line num="627" count="2" type="stmt"/>
        <line num="628" count="2" type="stmt"/>
        <line num="629" count="2" type="stmt"/>
        <line num="630" count="2" type="stmt"/>
        <line num="631" count="2" type="stmt"/>
        <line num="632" count="2" type="stmt"/>
        <line num="633" count="20" type="cond" truecount="2" falsecount="0"/>
        <line num="635" count="14" type="stmt"/>
        <line num="636" count="14" type="cond" truecount="1" falsecount="0"/>
        <line num="637" count="4" type="stmt"/>
        <line num="638" count="4" type="stmt"/>
        <line num="639" count="4" type="stmt"/>
        <line num="640" count="4" type="stmt"/>
        <line num="641" count="4" type="stmt"/>
        <line num="642" count="4" type="stmt"/>
        <line num="643" count="4" type="stmt"/>
        <line num="644" count="4" type="stmt"/>
        <line num="645" count="14" type="stmt"/>
        <line num="648" count="20" type="cond" truecount="2" falsecount="0"/>
        <line num="652" count="800" type="stmt"/>
        <line num="653" count="800" type="stmt"/>
        <line num="655" count="810" type="cond" truecount="1" falsecount="0"/>
        <line num="656" count="3440" type="stmt"/>
        <line num="657" count="3440" type="stmt"/>
        <line num="658" count="3440" type="stmt"/>
        <line num="659" count="3440" type="stmt"/>
        <line num="661" count="3440" type="stmt"/>
        <line num="662" count="3440" type="stmt"/>
        <line num="663" count="3440" type="stmt"/>
        <line num="665" count="3440" type="stmt"/>
        <line num="666" count="3440" type="stmt"/>
        <line num="667" count="3440" type="stmt"/>
        <line num="668" count="3440" type="stmt"/>
        <line num="669" count="3440" type="stmt"/>
        <line num="670" count="3440" type="stmt"/>
        <line num="671" count="3440" type="stmt"/>
        <line num="672" count="3440" type="stmt"/>
        <line num="673" count="3440" type="cond" truecount="2" falsecount="0"/>
        <line num="674" count="3440" type="stmt"/>
        <line num="675" count="3440" type="stmt"/>
        <line num="676" count="3440" type="stmt"/>
        <line num="677" count="3440" type="stmt"/>
        <line num="678" count="3440" type="stmt"/>
        <line num="679" count="3440" type="stmt"/>
        <line num="680" count="3440" type="stmt"/>
        <line num="681" count="3440" type="stmt"/>
        <line num="684" count="3440" type="cond" truecount="1" falsecount="0"/>
        <line num="685" count="1737" type="stmt"/>
        <line num="686" count="1737" type="stmt"/>
        <line num="687" count="1737" type="stmt"/>
        <line num="688" count="1737" type="stmt"/>
        <line num="689" count="1737" type="stmt"/>
        <line num="690" count="1737" type="stmt"/>
        <line num="691" count="1737" type="stmt"/>
        <line num="692" count="1737" type="stmt"/>
        <line num="693" count="3440" type="stmt"/>
        <line num="695" count="3440" type="stmt"/>
        <line num="696" count="3440" type="stmt"/>
        <line num="699" count="3440" type="stmt"/>
        <line num="700" count="3440" type="cond" truecount="1" falsecount="0"/>
        <line num="701" count="109" type="stmt"/>
        <line num="702" count="109" type="stmt"/>
        <line num="703" count="109" type="stmt"/>
        <line num="704" count="109" type="stmt"/>
        <line num="705" count="109" type="stmt"/>
        <line num="706" count="109" type="stmt"/>
        <line num="707" count="109" type="stmt"/>
        <line num="708" count="109" type="stmt"/>
        <line num="711" count="3440" type="cond" truecount="1" falsecount="0"/>
        <line num="712" count="51" type="stmt"/>
        <line num="713" count="51" type="cond" truecount="1" falsecount="0"/>
        <line num="714" count="3" type="stmt"/>
        <line num="715" count="3" type="stmt"/>
        <line num="716" count="3" type="cond" truecount="1" falsecount="0"/>
        <line num="717" count="3" type="stmt"/>
        <line num="718" count="3" type="stmt"/>
        <line num="719" count="3" type="stmt"/>
        <line num="720" count="3" type="stmt"/>
        <line num="721" count="3" type="stmt"/>
        <line num="722" count="3" type="cond" truecount="1" falsecount="0"/>
        <line num="723" count="3" type="stmt"/>
        <line num="724" count="3" type="stmt"/>
        <line num="725" count="51" type="stmt"/>
        <line num="726" count="51" type="stmt"/>
        <line num="727" count="51" type="stmt"/>
        <line num="728" count="51" type="stmt"/>
        <line num="729" count="51" type="stmt"/>
        <line num="730" count="51" type="stmt"/>
        <line num="731" count="51" type="stmt"/>
        <line num="732" count="51" type="stmt"/>
        <line num="733" count="3440" type="cond" truecount="1" falsecount="0"/>
        <line num="737" count="800" type="stmt"/>
        <line num="738" count="800" type="stmt"/>
        <line num="739" count="810" type="cond" truecount="1" falsecount="0"/>
        <line num="740" count="3440" type="stmt"/>
        <line num="741" count="3440" type="stmt"/>
        <line num="742" count="3440" type="cond" truecount="1" falsecount="0"/>
        <line num="744" count="800" type="cond" truecount="1" falsecount="0"/>
        <line num="747" count="800" type="cond" truecount="1" falsecount="0"/>
        <line num="748" count="5086" type="cond" truecount="2" falsecount="0"/>
        <line num="749" count="5086" type="cond" truecount="2" falsecount="0"/>
        <line num="750" count="5086" type="stmt"/>
        <line num="754" count="810" type="cond" truecount="1" falsecount="0"/>
        <line num="755" count="3440" type="stmt"/>
        <line num="756" count="3440" type="cond" truecount="2" falsecount="0"/>
        <line num="757" count="3439" type="stmt"/>
        <line num="758" count="3440" type="cond" truecount="2" falsecount="0"/>
        <line num="760" count="5" type="stmt"/>
        <line num="761" count="5" type="cond" truecount="1" falsecount="2"/>
        <line num="762" count="0" type="stmt"/>
        <line num="763" count="5" type="stmt"/>
        <line num="764" count="5" type="cond" truecount="0" falsecount="1"/>
        <line num="765" count="5" type="stmt"/>
        <line num="766" count="5" type="stmt"/>
        <line num="767" count="5" type="stmt"/>
        <line num="768" count="5" type="stmt"/>
        <line num="769" count="5" type="stmt"/>
        <line num="770" count="5" type="stmt"/>
        <line num="771" count="5" type="stmt"/>
        <line num="772" count="5" type="stmt"/>
        <line num="773" count="3440" type="cond" truecount="1" falsecount="0"/>
        <line num="779" count="800" type="cond" truecount="1" falsecount="0"/>
        <line num="780" count="2400" type="stmt"/>
        <line num="781" count="2400" type="cond" truecount="1" falsecount="0"/>
        <line num="782" count="16" type="stmt"/>
        <line num="783" count="16" type="stmt"/>
        <line num="784" count="16" type="stmt"/>
        <line num="785" count="16" type="stmt"/>
        <line num="786" count="16" type="cond" truecount="0" falsecount="1"/>
        <line num="787" count="16" type="stmt"/>
        <line num="788" count="16" type="stmt"/>
        <line num="789" count="16" type="stmt"/>
        <line num="790" count="16" type="stmt"/>
        <line num="791" count="16" type="stmt"/>
        <line num="792" count="16" type="stmt"/>
        <line num="793" count="16" type="stmt"/>
        <line num="794" count="16" type="stmt"/>
        <line num="795" count="16" type="stmt"/>
        <line num="796" count="16" type="stmt"/>
        <line num="797" count="16" type="stmt"/>
        <line num="798" count="16" type="stmt"/>
        <line num="799" count="16" type="cond" truecount="0" falsecount="1"/>
        <line num="800" count="0" type="stmt"/>
        <line num="801" count="0" type="stmt"/>
        <line num="802" count="16" type="cond" truecount="0" falsecount="1"/>
        <line num="803" count="0" type="stmt"/>
        <line num="804" count="0" type="stmt"/>
        <line num="805" count="0" type="stmt"/>
        <line num="806" count="16" type="stmt"/>
        <line num="807" count="2400" type="stmt"/>
        <line num="810" count="800" type="stmt"/>
        <line num="811" count="811" type="cond" truecount="1" falsecount="0"/>
        <line num="812" count="36" type="stmt"/>
        <line num="813" count="36" type="cond" truecount="0" falsecount="1"/>
        <line num="814" count="36" type="stmt"/>
        <line num="815" count="36" type="stmt"/>
        <line num="816" count="36" type="stmt"/>
        <line num="817" count="36" type="stmt"/>
        <line num="818" count="36" type="cond" truecount="0" falsecount="1"/>
        <line num="819" count="36" type="stmt"/>
        <line num="820" count="36" type="stmt"/>
        <line num="821" count="36" type="stmt"/>
        <line num="822" count="36" type="stmt"/>
        <line num="823" count="36" type="stmt"/>
        <line num="824" count="36" type="stmt"/>
        <line num="825" count="36" type="stmt"/>
        <line num="826" count="36" type="stmt"/>
        <line num="827" count="36" type="stmt"/>
        <line num="828" count="36" type="stmt"/>
        <line num="829" count="36" type="stmt"/>
        <line num="830" count="36" type="stmt"/>
        <line num="831" count="36" type="cond" truecount="1" falsecount="0"/>
        <line num="832" count="1" type="stmt"/>
        <line num="833" count="1" type="stmt"/>
        <line num="834" count="36" type="cond" truecount="1" falsecount="0"/>
        <line num="835" count="1" type="stmt"/>
        <line num="836" count="1" type="stmt"/>
        <line num="837" count="1" type="stmt"/>
        <line num="838" count="36" type="cond" truecount="1" falsecount="0"/>
        <line num="841" count="800" type="stmt"/>
        <line num="842" count="800" type="stmt"/>
        <line num="843" count="800" type="stmt"/>
        <line num="844" count="800" type="stmt"/>
        <line num="845" count="811" type="cond" truecount="1" falsecount="0"/>
        <line num="846" count="2400" type="stmt"/>
        <line num="847" count="2400" type="cond" truecount="1" falsecount="0"/>
        <line num="848" count="800" type="cond" truecount="1" falsecount="0"/>
        <line num="853" count="800" type="stmt"/>
        <line num="854" count="800" type="stmt"/>
        <line num="856" count="800" type="stmt"/>
        <line num="857" count="800" type="stmt"/>
        <line num="858" count="811" type="cond" truecount="1" falsecount="0"/>
        <line num="859" count="364" type="stmt"/>
        <line num="860" count="364" type="stmt"/>
        <line num="861" count="364" type="cond" truecount="1" falsecount="0"/>
        <line num="863" count="800" type="stmt"/>
        <line num="864" count="811" type="cond" truecount="1" falsecount="0"/>
        <line num="866" count="516" type="stmt"/>
        <line num="867" count="516" type="cond" truecount="2" falsecount="0"/>
        <line num="869" count="512" type="stmt"/>
        <line num="870" count="512" type="stmt"/>
        <line num="871" count="512" type="cond" truecount="2" falsecount="1"/>
        <line num="872" count="512" type="stmt"/>
        <line num="873" count="512" type="stmt"/>
        <line num="874" count="512" type="cond" truecount="1" falsecount="0"/>
        <line num="876" count="800" type="stmt"/>
        <line num="877" count="800" type="stmt"/>
        <line num="878" count="811" type="cond" truecount="1" falsecount="0"/>
        <line num="879" count="4800" type="stmt"/>
        <line num="880" count="4800" type="cond" truecount="1" falsecount="0"/>
        <line num="881" count="11" type="stmt"/>
        <line num="882" count="11" type="stmt"/>
        <line num="883" count="11" type="cond" truecount="1" falsecount="1"/>
        <line num="884" count="11" type="stmt"/>
        <line num="885" count="11" type="stmt"/>
        <line num="886" count="11" type="stmt"/>
        <line num="887" count="4800" type="cond" truecount="1" falsecount="0"/>
        <line num="889" count="800" type="stmt"/>
        <line num="890" count="811" type="cond" truecount="1" falsecount="0"/>
        <line num="891" count="8" type="stmt"/>
        <line num="892" count="8" type="stmt"/>
        <line num="893" count="8" type="cond" truecount="1" falsecount="0"/>
        <line num="894" count="800" type="stmt"/>
        <line num="895" count="811" type="cond" truecount="1" falsecount="0"/>
        <line num="896" count="9" type="stmt"/>
        <line num="897" count="9" type="stmt"/>
        <line num="898" count="9" type="cond" truecount="1" falsecount="0"/>
        <line num="899" count="800" type="cond" truecount="1" falsecount="0"/>
        <line num="900" count="800" type="stmt"/>
        <line num="905" count="800" type="stmt"/>
        <line num="906" count="800" type="stmt"/>
        <line num="907" count="800" type="stmt"/>
        <line num="908" count="811" type="cond" truecount="1" falsecount="0"/>
        <line num="910" count="516" type="cond" truecount="3" falsecount="0"/>
        <line num="911" count="19" type="stmt"/>
        <line num="912" count="19" type="cond" truecount="2" falsecount="0"/>
        <line num="914" count="15" type="stmt"/>
        <line num="915" count="15" type="stmt"/>
        <line num="916" count="15" type="stmt"/>
        <line num="917" count="15" type="cond" truecount="2" falsecount="1"/>
        <line num="919" count="15" type="stmt"/>
        <line num="920" count="15" type="stmt"/>
        <line num="921" count="15" type="stmt"/>
        <line num="922" count="15" type="stmt"/>
        <line num="923" count="15" type="stmt"/>
        <line num="926" count="15" type="stmt"/>
        <line num="927" count="15" type="stmt"/>
        <line num="928" count="516" type="cond" truecount="4" falsecount="0"/>
        <line num="931" count="516" type="cond" truecount="2" falsecount="1"/>
        <line num="933" count="15" type="stmt"/>
        <line num="934" count="15" type="stmt"/>
        <line num="935" count="15" type="stmt"/>
        <line num="936" count="15" type="stmt"/>
        <line num="937" count="15" type="stmt"/>
        <line num="938" count="15" type="stmt"/>
        <line num="939" count="516" type="cond" truecount="1" falsecount="1"/>
        <line num="940" count="516" type="cond" truecount="1" falsecount="1"/>
        <line num="941" count="516" type="stmt"/>
        <line num="942" count="516" type="stmt"/>
        <line num="943" count="516" type="stmt"/>
        <line num="944" count="516" type="stmt"/>
        <line num="945" count="516" type="stmt"/>
        <line num="946" count="516" type="cond" truecount="2" falsecount="0"/>
        <line num="949" count="516" type="cond" truecount="2" falsecount="0"/>
        <line num="950" count="8" type="cond" truecount="2" falsecount="0"/>
        <line num="951" count="8" type="stmt"/>
        <line num="952" count="8" type="stmt"/>
        <line num="953" count="8" type="cond" truecount="0" falsecount="1"/>
        <line num="954" count="8" type="stmt"/>
        <line num="955" count="8" type="stmt"/>
        <line num="956" count="516" type="stmt"/>
        <line num="957" count="811" type="cond" truecount="1" falsecount="0"/>
        <line num="960" count="800" type="stmt"/>
        <line num="961" count="800" type="stmt"/>
        <line num="962" count="800" type="stmt"/>
        <line num="963" count="800" type="stmt"/>
        <line num="964" count="800" type="stmt"/>
        <line num="965" count="800" type="stmt"/>
        <line num="966" count="811" type="cond" truecount="1" falsecount="0"/>
        <line num="967" count="2400" type="cond" truecount="1" falsecount="0"/>
        <line num="968" count="4800" type="stmt"/>
        <line num="969" count="4800" type="stmt"/>
        <line num="970" count="4800" type="cond" truecount="1" falsecount="0"/>
        <line num="971" count="11" type="cond" truecount="3" falsecount="0"/>
        <line num="972" count="1" type="stmt"/>
        <line num="973" count="1" type="stmt"/>
        <line num="975" count="1" type="stmt"/>
        <line num="976" count="1" type="stmt"/>
        <line num="977" count="11" type="cond" truecount="1" falsecount="2"/>
        <line num="979" count="11" type="cond" truecount="2" falsecount="1"/>
        <line num="981" count="11" type="cond" truecount="1" falsecount="2"/>
        <line num="982" count="11" type="stmt"/>
        <line num="983" count="11" type="stmt"/>
        <line num="984" count="11" type="stmt"/>
        <line num="985" count="11" type="stmt"/>
        <line num="986" count="11" type="stmt"/>
        <line num="987" count="11" type="stmt"/>
        <line num="988" count="11" type="cond" truecount="1" falsecount="1"/>
        <line num="989" count="11" type="stmt"/>
        <line num="990" count="11" type="stmt"/>
        <line num="991" count="11" type="stmt"/>
        <line num="992" count="11" type="stmt"/>
        <line num="993" count="11" type="stmt"/>
        <line num="994" count="11" type="cond" truecount="1" falsecount="0"/>
        <line num="996" count="11" type="cond" truecount="1" falsecount="1"/>
        <line num="997" count="0" type="stmt"/>
        <line num="998" count="0" type="stmt"/>
        <line num="999" count="0" type="stmt"/>
        <line num="1000" count="0" type="stmt"/>
        <line num="1001" count="0" type="cond" truecount="1" falsecount="0"/>
        <line num="1002" count="7" type="cond" truecount="0" falsecount="1"/>
        <line num="1003" count="0" type="stmt"/>
        <line num="1004" count="0" type="stmt"/>
        <line num="1005" count="0" type="stmt"/>
        <line num="1006" count="0" type="stmt"/>
        <line num="1007" count="0" type="stmt"/>
        <line num="1008" count="11" type="stmt"/>
        <line num="1009" count="4800" type="stmt"/>
        <line num="1010" count="2400" type="cond" truecount="1" falsecount="0"/>
        <line num="1011" count="800" type="stmt"/>
        <line num="1014" count="800" type="cond" truecount="1" falsecount="0"/>
        <line num="1015" count="1620" type="cond" truecount="1" falsecount="0"/>
        <line num="1016" count="14781" type="cond" truecount="2" falsecount="0"/>
        <line num="1017" count="14781" type="cond" truecount="2" falsecount="0"/>
        <line num="1018" count="110" type="cond" truecount="0" falsecount="1"/>
        <line num="1019" count="0" type="stmt"/>
        <line num="1020" count="110" type="stmt"/>
        <line num="1021" count="110" type="stmt"/>
        <line num="1022" count="14781" type="cond" truecount="1" falsecount="0"/>
        <line num="1023" count="1510" type="stmt"/>
        <line num="1024" count="1620" type="stmt"/>
        <line num="1028" count="800" type="stmt"/>
        <line num="1029" count="800" type="stmt"/>
        <line num="1030" count="800" type="stmt"/>
        <line num="1031" count="800" type="stmt"/>
        <line num="1032" count="811" type="cond" truecount="1" falsecount="0"/>
        <line num="1033" count="68" type="stmt"/>
        <line num="1034" count="68" type="stmt"/>
        <line num="1037" count="68" type="cond" truecount="1" falsecount="0"/>
        <line num="1038" count="17" type="stmt"/>
        <line num="1039" count="17" type="cond" truecount="0" falsecount="1"/>
        <line num="1040" count="17" type="stmt"/>
        <line num="1043" count="68" type="stmt"/>
        <line num="1044" count="68" type="stmt"/>
        <line num="1047" count="68" type="cond" truecount="1" falsecount="0"/>
        <line num="1048" count="98" type="cond" truecount="3" falsecount="0"/>
        <line num="1049" count="67" type="stmt"/>
        <line num="1050" count="67" type="cond" truecount="1" falsecount="0"/>
        <line num="1051" count="62" type="stmt"/>
        <line num="1052" count="62" type="stmt"/>
        <line num="1053" count="62" type="stmt"/>
        <line num="1054" count="67" type="stmt"/>
        <line num="1055" count="98" type="stmt"/>
        <line num="1058" count="68" type="cond" truecount="1" falsecount="0"/>
        <line num="1059" count="134" type="cond" truecount="3" falsecount="0"/>
        <line num="1060" count="15" type="cond" truecount="1" falsecount="0"/>
        <line num="1061" count="4" type="cond" truecount="2" falsecount="0"/>
        <line num="1062" count="15" type="cond" truecount="2" falsecount="0"/>
        <line num="1063" count="11" type="stmt"/>
        <line num="1064" count="11" type="stmt"/>
        <line num="1065" count="11" type="stmt"/>
        <line num="1066" count="15" type="stmt"/>
        <line num="1067" count="134" type="stmt"/>
        <line num="1069" count="68" type="cond" truecount="3" falsecount="0"/>
        <line num="1071" count="68" type="cond" truecount="2" falsecount="0"/>
        <line num="1072" count="68" type="cond" truecount="1" falsecount="0"/>
        <line num="1073" count="44" type="cond" truecount="3" falsecount="0"/>
        <line num="1074" count="18" type="stmt"/>
        <line num="1075" count="68" type="stmt"/>
        <line num="1076" count="68" type="stmt"/>
        <line num="1077" count="68" type="stmt"/>
        <line num="1078" count="68" type="stmt"/>
        <line num="1079" count="68" type="stmt"/>
        <line num="1082" count="68" type="cond" truecount="1" falsecount="0"/>
        <line num="1083" count="68" type="stmt"/>
        <line num="1084" count="68" type="stmt"/>
        <line num="1085" count="68" type="stmt"/>
        <line num="1086" count="68" type="stmt"/>
        <line num="1087" count="68" type="stmt"/>
        <line num="1088" count="68" type="stmt"/>
        <line num="1089" count="68" type="stmt"/>
        <line num="1090" count="68" type="stmt"/>
        <line num="1091" count="68" type="cond" truecount="2" falsecount="0"/>
        <line num="1092" count="68" type="cond" truecount="1" falsecount="0"/>
        <line num="1093" count="68" type="stmt"/>
        <line num="1094" count="68" type="stmt"/>
        <line num="1095" count="68" type="stmt"/>
        <line num="1096" count="68" type="stmt"/>
        <line num="1097" count="68" type="stmt"/>
        <line num="1098" count="68" type="stmt"/>
        <line num="1099" count="68" type="stmt"/>
        <line num="1100" count="68" type="stmt"/>
        <line num="1101" count="68" type="stmt"/>
        <line num="1102" count="68" type="stmt"/>
        <line num="1103" count="68" type="stmt"/>
        <line num="1104" count="68" type="stmt"/>
        <line num="1105" count="68" type="cond" truecount="1" falsecount="0"/>
        <line num="1106" count="9" type="stmt"/>
        <line num="1107" count="9" type="stmt"/>
        <line num="1108" count="9" type="stmt"/>
        <line num="1109" count="9" type="stmt"/>
        <line num="1110" count="9" type="stmt"/>
        <line num="1111" count="9" type="stmt"/>
        <line num="1112" count="9" type="stmt"/>
        <line num="1113" count="9" type="stmt"/>
        <line num="1114" count="9" type="stmt"/>
        <line num="1115" count="9" type="stmt"/>
        <line num="1116" count="9" type="stmt"/>
        <line num="1117" count="68" type="stmt"/>
        <line num="1118" count="811" type="cond" truecount="1" falsecount="0"/>
        <line num="1122" count="800" type="stmt"/>
        <line num="1123" count="800" type="stmt"/>
        <line num="1124" count="800" type="stmt"/>
        <line num="1125" count="811" type="cond" truecount="1" falsecount="0"/>
        <line num="1126" count="8" type="stmt"/>
        <line num="1127" count="8" type="stmt"/>
        <line num="1128" count="8" type="stmt"/>
        <line num="1129" count="8" type="stmt"/>
        <line num="1130" count="8" type="stmt"/>
        <line num="1131" count="8" type="stmt"/>
        <line num="1132" count="8" type="stmt"/>
        <line num="1133" count="8" type="stmt"/>
        <line num="1134" count="8" type="stmt"/>
        <line num="1135" count="8" type="stmt"/>
        <line num="1136" count="8" type="stmt"/>
        <line num="1137" count="8" type="stmt"/>
        <line num="1138" count="8" type="stmt"/>
        <line num="1139" count="8" type="stmt"/>
        <line num="1142" count="8" type="stmt"/>
        <line num="1143" count="8" type="stmt"/>
        <line num="1144" count="8" type="cond" truecount="0" falsecount="2"/>
        <line num="1145" count="0" type="stmt"/>
        <line num="1146" count="0" type="stmt"/>
        <line num="1147" count="8" type="stmt"/>
        <line num="1148" count="8" type="cond" truecount="1" falsecount="0"/>
        <line num="1149" count="4" type="stmt"/>
        <line num="1150" count="4" type="stmt"/>
        <line num="1151" count="4" type="cond" truecount="2" falsecount="0"/>
        <line num="1152" count="4" type="stmt"/>
        <line num="1153" count="4" type="cond" truecount="0" falsecount="1"/>
        <line num="1154" count="0" type="stmt"/>
        <line num="1155" count="0" type="stmt"/>
        <line num="1156" count="8" type="cond" truecount="1" falsecount="0"/>
        <line num="1157" count="1" type="stmt"/>
        <line num="1158" count="1" type="stmt"/>
        <line num="1159" count="1" type="stmt"/>
        <line num="1160" count="1" type="stmt"/>
        <line num="1161" count="1" type="stmt"/>
        <line num="1162" count="8" type="cond" truecount="1" falsecount="0"/>
        <line num="1164" count="800" type="stmt"/>
        <line num="1165" count="800" type="stmt"/>
        <line num="1166" count="811" type="cond" truecount="1" falsecount="0"/>
        <line num="1167" count="9" type="stmt"/>
        <line num="1168" count="9" type="stmt"/>
        <line num="1169" count="9" type="stmt"/>
        <line num="1170" count="9" type="stmt"/>
        <line num="1171" count="9" type="stmt"/>
        <line num="1172" count="9" type="stmt"/>
        <line num="1173" count="9" type="stmt"/>
        <line num="1174" count="9" type="stmt"/>
        <line num="1175" count="9" type="stmt"/>
        <line num="1176" count="9" type="stmt"/>
        <line num="1177" count="9" type="stmt"/>
        <line num="1178" count="9" type="stmt"/>
        <line num="1179" count="9" type="stmt"/>
        <line num="1180" count="9" type="stmt"/>
        <line num="1182" count="9" type="stmt"/>
        <line num="1183" count="9" type="stmt"/>
        <line num="1184" count="9" type="cond" truecount="0" falsecount="2"/>
        <line num="1185" count="0" type="stmt"/>
        <line num="1186" count="0" type="stmt"/>
        <line num="1187" count="9" type="stmt"/>
        <line num="1188" count="9" type="stmt"/>
        <line num="1189" count="9" type="stmt"/>
        <line num="1190" count="9" type="stmt"/>
        <line num="1191" count="9" type="cond" truecount="2" falsecount="0"/>
        <line num="1192" count="9" type="stmt"/>
        <line num="1193" count="9" type="cond" truecount="0" falsecount="1"/>
        <line num="1194" count="0" type="stmt"/>
        <line num="1195" count="0" type="stmt"/>
        <line num="1196" count="9" type="cond" truecount="1" falsecount="0"/>
        <line num="1197" count="3" type="stmt"/>
        <line num="1198" count="3" type="stmt"/>
        <line num="1199" count="3" type="stmt"/>
        <line num="1200" count="3" type="stmt"/>
        <line num="1201" count="3" type="stmt"/>
        <line num="1202" count="9" type="stmt"/>
        <line num="1203" count="811" type="cond" truecount="1" falsecount="0"/>
        <line num="1207" count="800" type="stmt"/>
        <line num="1209" count="811" type="cond" truecount="1" falsecount="0"/>
        <line num="1210" count="364" type="stmt"/>
        <line num="1211" count="364" type="cond" truecount="2" falsecount="0"/>
        <line num="1212" count="364" type="stmt"/>
        <line num="1213" count="364" type="stmt"/>
        <line num="1214" count="364" type="stmt"/>
        <line num="1217" count="364" type="stmt"/>
        <line num="1218" count="364" type="cond" truecount="3" falsecount="0"/>
        <line num="1221" count="270" type="stmt"/>
        <line num="1222" count="270" type="stmt"/>
        <line num="1223" count="364" type="cond" truecount="3" falsecount="0"/>
        <line num="1226" count="364" type="stmt"/>
        <line num="1227" count="364" type="cond" truecount="2" falsecount="0"/>
        <line num="1228" count="42" type="stmt"/>
        <line num="1229" count="42" type="stmt"/>
        <line num="1230" count="42" type="cond" truecount="2" falsecount="0"/>
        <line num="1233" count="270" type="stmt"/>
        <line num="1234" count="364" type="cond" truecount="4" falsecount="0"/>
        <line num="1236" count="364" type="stmt"/>
        <line num="1239" count="364" type="cond" truecount="2" falsecount="0"/>
        <line num="1240" count="364" type="cond" truecount="2" falsecount="0"/>
        <line num="1241" count="196" type="cond" truecount="4" falsecount="0"/>
        <line num="1242" count="196" type="cond" truecount="1" falsecount="0"/>
        <line num="1245" count="270" type="stmt"/>
        <line num="1246" count="270" type="stmt"/>
        <line num="1248" count="270" type="stmt"/>
        <line num="1249" count="270" type="stmt"/>
        <line num="1250" count="270" type="stmt"/>
        <line num="1251" count="270" type="stmt"/>
        <line num="1252" count="270" type="stmt"/>
        <line num="1253" count="270" type="stmt"/>
        <line num="1254" count="270" type="stmt"/>
        <line num="1255" count="270" type="stmt"/>
        <line num="1256" count="364" type="cond" truecount="2" falsecount="0"/>
        <line num="1257" count="364" type="cond" truecount="2" falsecount="0"/>
        <line num="1258" count="364" type="cond" truecount="2" falsecount="0"/>
        <line num="1259" count="364" type="stmt"/>
        <line num="1260" count="364" type="stmt"/>
        <line num="1261" count="364" type="stmt"/>
        <line num="1262" count="364" type="stmt"/>
        <line num="1263" count="364" type="stmt"/>
        <line num="1264" count="364" type="stmt"/>
        <line num="1265" count="364" type="stmt"/>
        <line num="1266" count="364" type="stmt"/>
        <line num="1268" count="364" type="stmt"/>
        <line num="1271" count="364" type="stmt"/>
        <line num="1272" count="364" type="cond" truecount="3" falsecount="0"/>
        <line num="1275" count="364" type="cond" truecount="2" falsecount="0"/>
        <line num="1276" count="249" type="cond" truecount="2" falsecount="0"/>
        <line num="1277" count="249" type="stmt"/>
        <line num="1278" count="249" type="stmt"/>
        <line num="1279" count="249" type="stmt"/>
        <line num="1280" count="249" type="stmt"/>
        <line num="1281" count="249" type="cond" truecount="2" falsecount="0"/>
        <line num="1282" count="249" type="stmt"/>
        <line num="1283" count="249" type="stmt"/>
        <line num="1284" count="249" type="cond" truecount="1" falsecount="0"/>
        <line num="1287" count="270" type="stmt"/>
        <line num="1288" count="364" type="cond" truecount="1" falsecount="0"/>
        <line num="1290" count="14" type="stmt"/>
        <line num="1291" count="14" type="stmt"/>
        <line num="1292" count="14" type="cond" truecount="1" falsecount="0"/>
        <line num="1293" count="14" type="stmt"/>
        <line num="1294" count="14" type="stmt"/>
        <line num="1295" count="14" type="stmt"/>
        <line num="1296" count="14" type="stmt"/>
        <line num="1297" count="14" type="stmt"/>
        <line num="1298" count="14" type="cond" truecount="1" falsecount="0"/>
        <line num="1299" count="14" type="stmt"/>
        <line num="1300" count="14" type="cond" truecount="2" falsecount="0"/>
        <line num="1301" count="337" type="cond" truecount="1" falsecount="0"/>
        <line num="1302" count="256" type="stmt"/>
        <line num="1303" count="256" type="stmt"/>
        <line num="1304" count="256" type="stmt"/>
        <line num="1305" count="256" type="stmt"/>
        <line num="1306" count="256" type="stmt"/>
        <line num="1307" count="256" type="stmt"/>
        <line num="1308" count="256" type="stmt"/>
        <line num="1309" count="256" type="stmt"/>
        <line num="1310" count="364" type="cond" truecount="1" falsecount="0"/>
        <line num="1314" count="800" type="stmt"/>
        <line num="1316" count="811" type="cond" truecount="1" falsecount="0"/>
        <line num="1317" count="516" type="stmt"/>
        <line num="1318" count="516" type="stmt"/>
        <line num="1319" count="516" type="stmt"/>
        <line num="1320" count="516" type="stmt"/>
        <line num="1323" count="516" type="stmt"/>
        <line num="1324" count="516" type="cond" truecount="2" falsecount="0"/>
        <line num="1325" count="501" type="cond" truecount="1" falsecount="1"/>
        <line num="1328" count="501" type="stmt"/>
        <line num="1331" count="501" type="stmt"/>
        <line num="1332" count="501" type="cond" truecount="2" falsecount="1"/>
        <line num="1335" count="501" type="stmt"/>
        <line num="1336" count="516" type="cond" truecount="3" falsecount="0"/>
        <line num="1339" count="516" type="stmt"/>
        <line num="1340" count="516" type="cond" truecount="2" falsecount="0"/>
        <line num="1341" count="15" type="stmt"/>
        <line num="1342" count="15" type="stmt"/>
        <line num="1343" count="15" type="cond" truecount="2" falsecount="0"/>
        <line num="1345" count="501" type="stmt"/>
        <line num="1346" count="516" type="cond" truecount="4" falsecount="0"/>
        <line num="1349" count="516" type="cond" truecount="2" falsecount="0"/>
        <line num="1351" count="516" type="cond" truecount="2" falsecount="0"/>
        <line num="1352" count="471" type="cond" truecount="0" falsecount="2"/>
        <line num="1353" count="471" type="cond" truecount="1" falsecount="0"/>
        <line num="1355" count="486" type="stmt"/>
        <line num="1356" count="486" type="stmt"/>
        <line num="1358" count="486" type="stmt"/>
        <line num="1359" count="486" type="stmt"/>
        <line num="1360" count="486" type="stmt"/>
        <line num="1361" count="486" type="stmt"/>
        <line num="1362" count="486" type="stmt"/>
        <line num="1363" count="486" type="stmt"/>
        <line num="1364" count="486" type="stmt"/>
        <line num="1365" count="516" type="cond" truecount="1" falsecount="1"/>
        <line num="1366" count="516" type="cond" truecount="1" falsecount="1"/>
        <line num="1367" count="516" type="stmt"/>
        <line num="1368" count="516" type="stmt"/>
        <line num="1369" count="516" type="stmt"/>
        <line num="1370" count="516" type="stmt"/>
        <line num="1371" count="516" type="stmt"/>
        <line num="1372" count="516" type="stmt"/>
        <line num="1374" count="516" type="stmt"/>
        <line num="1375" count="516" type="stmt"/>
        <line num="1376" count="516" type="cond" truecount="3" falsecount="0"/>
        <line num="1378" count="516" type="cond" truecount="1" falsecount="1"/>
        <line num="1379" count="486" type="cond" truecount="0" falsecount="1"/>
        <line num="1380" count="486" type="stmt"/>
        <line num="1381" count="486" type="stmt"/>
        <line num="1382" count="486" type="stmt"/>
        <line num="1383" count="486" type="stmt"/>
        <line num="1384" count="486" type="cond" truecount="0" falsecount="1"/>
        <line num="1385" count="486" type="stmt"/>
        <line num="1386" count="486" type="stmt"/>
        <line num="1387" count="486" type="stmt"/>
        <line num="1388" count="516" type="cond" truecount="1" falsecount="0"/>
        <line num="1392" count="800" type="stmt"/>
        <line num="1393" count="800" type="stmt"/>
        <line num="1394" count="800" type="stmt"/>
        <line num="1395" count="800" type="stmt"/>
        <line num="1396" count="800" type="stmt"/>
        <line num="1398" count="811" type="cond" truecount="1" falsecount="0"/>
        <line num="1400" count="2400" type="stmt"/>
        <line num="1401" count="2400" type="cond" truecount="1" falsecount="0"/>
        <line num="1402" count="7" type="stmt"/>
        <line num="1403" count="7" type="stmt"/>
        <line num="1404" count="7" type="stmt"/>
        <line num="1406" count="7" type="stmt"/>
        <line num="1407" count="7" type="cond" truecount="3" falsecount="1"/>
        <line num="1408" count="7" type="stmt"/>
        <line num="1409" count="7" type="cond" truecount="0" falsecount="2"/>
        <line num="1411" count="7" type="stmt"/>
        <line num="1412" count="7" type="cond" truecount="2" falsecount="1"/>
        <line num="1414" count="7" type="cond" truecount="0" falsecount="1"/>
        <line num="1416" count="7" type="stmt"/>
        <line num="1417" count="7" type="cond" truecount="2" falsecount="0"/>
        <line num="1418" count="3" type="stmt"/>
        <line num="1419" count="3" type="stmt"/>
        <line num="1421" count="7" type="stmt"/>
        <line num="1422" count="7" type="stmt"/>
        <line num="1423" count="7" type="stmt"/>
        <line num="1424" count="7" type="stmt"/>
        <line num="1426" count="7" type="stmt"/>
        <line num="1427" count="7" type="stmt"/>
        <line num="1428" count="7" type="stmt"/>
        <line num="1429" count="7" type="stmt"/>
        <line num="1430" count="7" type="stmt"/>
        <line num="1431" count="7" type="stmt"/>
        <line num="1432" count="7" type="stmt"/>
        <line num="1433" count="7" type="stmt"/>
        <line num="1435" count="7" type="cond" truecount="2" falsecount="0"/>
        <line num="1436" count="3" type="cond" truecount="0" falsecount="1"/>
        <line num="1437" count="3" type="stmt"/>
        <line num="1438" count="7" type="stmt"/>
        <line num="1439" count="7" type="stmt"/>
        <line num="1440" count="7" type="stmt"/>
        <line num="1441" count="7" type="stmt"/>
        <line num="1442" count="7" type="stmt"/>
        <line num="1445" count="2400" type="stmt"/>
        <line num="1446" count="2400" type="cond" truecount="1" falsecount="0"/>
        <line num="1447" count="4" type="stmt"/>
        <line num="1448" count="4" type="stmt"/>
        <line num="1449" count="4" type="stmt"/>
        <line num="1451" count="4" type="stmt"/>
        <line num="1452" count="4" type="cond" truecount="0" falsecount="1"/>
        <line num="1453" count="4" type="stmt"/>
        <line num="1454" count="4" type="cond" truecount="0" falsecount="2"/>
        <line num="1456" count="4" type="stmt"/>
        <line num="1457" count="4" type="cond" truecount="0" falsecount="2"/>
        <line num="1459" count="4" type="cond" truecount="2" falsecount="0"/>
        <line num="1461" count="4" type="cond" truecount="0" falsecount="2"/>
        <line num="1462" count="0" type="stmt"/>
        <line num="1463" count="0" type="cond" truecount="1" falsecount="0"/>
        <line num="1465" count="3" type="stmt"/>
        <line num="1466" count="3" type="stmt"/>
        <line num="1467" count="3" type="stmt"/>
        <line num="1468" count="3" type="stmt"/>
        <line num="1470" count="3" type="stmt"/>
        <line num="1471" count="3" type="stmt"/>
        <line num="1472" count="3" type="stmt"/>
        <line num="1473" count="3" type="stmt"/>
        <line num="1474" count="3" type="stmt"/>
        <line num="1475" count="3" type="stmt"/>
        <line num="1476" count="3" type="stmt"/>
        <line num="1477" count="3" type="stmt"/>
        <line num="1479" count="4" type="cond" truecount="0" falsecount="1"/>
        <line num="1480" count="0" type="stmt"/>
        <line num="1481" count="0" type="stmt"/>
        <line num="1482" count="4" type="stmt"/>
        <line num="1483" count="2400" type="cond" truecount="1" falsecount="0"/>
        <line num="1487" count="800" type="stmt"/>
        <line num="1489" count="811" type="cond" truecount="1" falsecount="0"/>
        <line num="1490" count="3" type="stmt"/>
        <line num="1491" count="3" type="stmt"/>
        <line num="1493" count="3" type="stmt"/>
        <line num="1494" count="3" type="stmt"/>
        <line num="1495" count="3" type="cond" truecount="0" falsecount="1"/>
        <line num="1498" count="3" type="stmt"/>
        <line num="1499" count="3" type="stmt"/>
        <line num="1500" count="3" type="stmt"/>
        <line num="1501" count="3" type="cond" truecount="1" falsecount="0"/>
        <line num="1505" count="800" type="stmt"/>
        <line num="1507" count="811" type="cond" truecount="1" falsecount="0"/>
        <line num="1508" count="83" type="stmt"/>
        <line num="1509" count="83" type="stmt"/>
        <line num="1511" count="83" type="stmt"/>
        <line num="1513" count="83" type="stmt"/>
        <line num="1514" count="83" type="cond" truecount="3" falsecount="1"/>
        <line num="1515" count="83" type="stmt"/>
        <line num="1516" count="83" type="cond" truecount="2" falsecount="0"/>
        <line num="1517" count="4" type="stmt"/>
        <line num="1518" count="4" type="stmt"/>
        <line num="1519" count="83" type="cond" truecount="0" falsecount="1"/>
        <line num="1521" count="83" type="stmt"/>
        <line num="1524" count="83" type="cond" truecount="1" falsecount="0"/>
        <line num="1525" count="79" type="stmt"/>
        <line num="1526" count="79" type="stmt"/>
        <line num="1529" count="83" type="stmt"/>
        <line num="1530" count="83" type="stmt"/>
        <line num="1532" count="83" type="stmt"/>
        <line num="1533" count="83" type="stmt"/>
        <line num="1534" count="83" type="stmt"/>
        <line num="1536" count="83" type="stmt"/>
        <line num="1537" count="83" type="stmt"/>
        <line num="1538" count="83" type="stmt"/>
        <line num="1539" count="83" type="stmt"/>
        <line num="1540" count="83" type="stmt"/>
        <line num="1541" count="83" type="stmt"/>
        <line num="1542" count="83" type="cond" truecount="1" falsecount="0"/>
        <line num="1543" count="83" type="stmt"/>
        <line num="1544" count="83" type="stmt"/>
        <line num="1545" count="83" type="stmt"/>
        <line num="1546" count="83" type="stmt"/>
        <line num="1547" count="83" type="stmt"/>
        <line num="1548" count="83" type="stmt"/>
        <line num="1549" count="83" type="stmt"/>
        <line num="1550" count="83" type="stmt"/>
        <line num="1552" count="83" type="stmt"/>
        <line num="1553" count="83" type="stmt"/>
        <line num="1556" count="83" type="stmt"/>
        <line num="1557" count="83" type="stmt"/>
        <line num="1558" count="83" type="stmt"/>
        <line num="1559" count="83" type="stmt"/>
        <line num="1560" count="83" type="stmt"/>
        <line num="1561" count="83" type="stmt"/>
[...]
        <line num="408" count="25" type="stmt"/>
        <line num="409" count="25" type="cond" truecount="1" falsecount="0"/>
        <line num="410" count="218" type="cond" truecount="1" falsecount="0"/>
        <line num="411" count="218" type="stmt"/>
        <line num="414" count="25" type="stmt"/>
        <line num="415" count="25" type="cond" truecount="1" falsecount="0"/>
        <line num="416" count="218" type="cond" truecount="1" falsecount="0"/>
        <line num="417" count="157" type="cond" truecount="1" falsecount="0"/>
        <line num="418" count="157" type="stmt"/>
        <line num="419" count="157" type="stmt"/>
        <line num="420" count="157" type="stmt"/>
        <line num="421" count="218" type="stmt"/>
        <line num="424" count="25" type="stmt"/>
        <line num="425" count="25" type="cond" truecount="1" falsecount="0"/>
        <line num="428" count="25" type="stmt"/>
        <line num="430" count="25" type="cond" truecount="1" falsecount="0"/>
        <line num="431" count="64" type="stmt"/>
        <line num="432" count="64" type="cond" truecount="3" falsecount="0"/>
        <line num="434" count="30" type="stmt"/>
        <line num="435" count="30" type="stmt"/>
        <line num="438" count="40" type="cond" truecount="1" falsecount="0"/>
        <line num="439" count="64" type="stmt"/>
        <line num="440" count="64" type="cond" truecount="2" falsecount="0"/>
        <line num="441" count="1" type="stmt"/>
        <line num="442" count="1" type="stmt"/>
        <line num="443" count="1" type="stmt"/>
        <line num="444" count="1" type="stmt"/>
        <line num="445" count="1" type="stmt"/>
        <line num="446" count="1" type="cond" truecount="1" falsecount="0"/>
        <line num="449" count="40" type="cond" truecount="0" falsecount="1"/>
        <line num="450" count="64" type="cond" truecount="2" falsecount="0"/>
        <line num="451" count="57" type="stmt"/>
        <line num="452" count="57" type="cond" truecount="0" falsecount="1"/>
        <line num="453" count="57" type="cond" truecount="2" falsecount="0"/>
        <line num="456" count="56" type="stmt"/>
        <line num="457" count="56" type="stmt"/>
        <line num="458" count="56" type="stmt"/>
        <line num="459" count="56" type="stmt"/>
        <line num="460" count="56" type="stmt"/>
        <line num="462" count="56" type="stmt"/>
        <line num="463" count="56" type="stmt"/>
        <line num="464" count="56" type="stmt"/>
        <line num="465" count="56" type="stmt"/>
        <line num="466" count="56" type="stmt"/>
        <line num="467" count="56" type="stmt"/>
        <line num="468" count="56" type="stmt"/>
        <line num="469" count="56" type="stmt"/>
        <line num="470" count="56" type="stmt"/>
        <line num="471" count="56" type="cond" truecount="1" falsecount="0"/>
        <line num="472" count="30" type="stmt"/>
        <line num="475" count="25" type="cond" truecount="1" falsecount="0"/>
        <line num="476" count="274" type="cond" truecount="3" falsecount="0"/>
        <line num="477" count="19" type="stmt"/>
        <line num="478" count="19" type="stmt"/>
        <line num="479" count="19" type="stmt"/>
        <line num="480" count="19" type="stmt"/>
        <line num="481" count="19" type="stmt"/>
        <line num="482" count="19" type="stmt"/>
        <line num="483" count="19" type="stmt"/>
        <line num="484" count="19" type="stmt"/>
        <line num="485" count="19" type="stmt"/>
        <line num="486" count="19" type="stmt"/>
        <line num="487" count="274" type="stmt"/>
        <line num="488" count="25" type="stmt"/>
        <line num="490" count="1" type="cond" truecount="1" falsecount="0"/>
        <line num="491" count="301" type="stmt"/>
        <line num="494" count="301" type="stmt"/>
        <line num="497" count="301" type="cond" truecount="1" falsecount="0"/>
        <line num="498" count="6" type="stmt"/>
        <line num="499" count="6" type="stmt"/>
        <line num="502" count="301" type="cond" truecount="1" falsecount="0"/>
        <line num="503" count="25" type="stmt"/>
        <line num="504" count="25" type="stmt"/>
        <line num="513" count="301" type="cond" truecount="1" falsecount="0"/>
        <line num="516" count="301" type="stmt"/>
        <line num="517" count="301" type="cond" truecount="1" falsecount="0"/>
        <line num="518" count="669" type="cond" truecount="3" falsecount="0"/>
        <line num="519" count="81" type="stmt"/>
        <line num="520" count="81" type="stmt"/>
        <line num="521" count="81" type="stmt"/>
        <line num="522" count="669" type="stmt"/>
        <line num="525" count="301" type="stmt"/>
        <line num="526" count="301" type="stmt"/>
        <line num="527" count="301" type="stmt"/>
        <line num="528" count="301" type="stmt"/>
        <line num="529" count="301" type="stmt"/>
        <line num="531" count="301" type="stmt"/>
        <line num="532" count="301" type="cond" truecount="2" falsecount="0"/>
        <line num="533" count="301" type="cond" truecount="1" falsecount="0"/>
        <line num="534" count="669" type="cond" truecount="3" falsecount="0"/>
        <line num="535" count="82" type="stmt"/>
        <line num="536" count="82" type="stmt"/>
        <line num="537" count="669" type="stmt"/>
        <line num="540" count="301" type="stmt"/>
        <line num="542" count="301" type="stmt"/>
        <line num="543" count="301" type="cond" truecount="1" falsecount="0"/>
        <line num="544" count="284" type="cond" truecount="1" falsecount="0"/>
        <line num="545" count="1991" type="cond" truecount="1" falsecount="0"/>
        <line num="546" count="1991" type="stmt"/>
        <line num="547" count="284" type="stmt"/>
        <line num="548" count="301" type="cond" truecount="2" falsecount="0"/>
        <line num="549" count="13" type="cond" truecount="1" falsecount="0"/>
        <line num="550" count="98" type="cond" truecount="1" falsecount="0"/>
        <line num="551" count="32" type="cond" truecount="1" falsecount="0"/>
        <line num="552" count="32" type="cond" truecount="1" falsecount="0"/>
        <line num="553" count="98" type="cond" truecount="1" falsecount="1"/>
        <line num="554" count="3" type="stmt"/>
        <line num="555" count="3" type="stmt"/>
        <line num="556" count="98" type="stmt"/>
        <line num="557" count="13" type="stmt"/>
        <line num="559" count="301" type="stmt"/>
        <line num="560" count="301" type="cond" truecount="1" falsecount="0"/>
        <line num="561" count="301" type="cond" truecount="1" falsecount="0"/>
        <line num="563" count="301" type="stmt"/>
        <line num="564" count="301" type="cond" truecount="1" falsecount="0"/>
        <line num="565" count="669" type="cond" truecount="4" falsecount="0"/>
        <line num="566" count="669" type="cond" truecount="4" falsecount="0"/>
        <line num="567" count="636" type="stmt"/>
        <line num="568" count="301" type="stmt"/>
        <line num="569" count="301" type="stmt"/>
        <line num="571" count="301" type="stmt"/>
        <line num="572" count="301" type="stmt"/>
        <line num="573" count="301" type="stmt"/>
        <line num="574" count="301" type="stmt"/>
        <line num="575" count="301" type="stmt"/>
        <line num="576" count="301" type="stmt"/>
      </file>
      <file name="view-filters.ts" path="C:\SysteModel\packages\diagram-service\src\transformer\view-filters.ts">
        <metrics statements="210" coveredstatements="202" conditionals="100" coveredconditionals="96" methods="5" coveredmethods="5"/>
        <line num="12" count="1" type="stmt"/>
        <line num="13" count="1" type="stmt"/>
        <line num="14" count="1" type="stmt"/>
        <line num="15" count="1" type="stmt"/>
        <line num="16" count="1" type="stmt"/>
        <line num="18" count="1" type="stmt"/>
        <line num="19" count="1" type="stmt"/>
        <line num="20" count="1" type="stmt"/>
        <line num="21" count="1" type="stmt"/>
        <line num="23" count="15" type="cond" truecount="1" falsecount="0"/>
        <line num="24" count="15" type="stmt"/>
        <line num="25" count="15" type="cond" truecount="1" falsecount="0"/>
        <line num="26" count="74" type="cond" truecount="1" falsecount="0"/>
        <line num="27" count="74" type="stmt"/>
        <line num="29" count="15" type="cond" truecount="1" falsecount="0"/>
        <line num="30" count="67" type="cond" truecount="2" falsecount="0"/>
        <line num="31" count="15" type="stmt"/>
        <line num="34" count="15" type="stmt"/>
        <line num="35" count="15" type="cond" truecount="1" falsecount="0"/>
        <line num="36" count="31" type="stmt"/>
        <line num="37" count="31" type="stmt"/>
        <line num="38" count="31" type="stmt"/>
        <line num="39" count="15" type="cond" truecount="1" falsecount="0"/>
        <line num="40" count="74" type="cond" truecount="2" falsecount="0"/>
        <line num="41" count="15" type="stmt"/>
        <line num="43" count="15" type="stmt"/>
        <line num="44" count="15" type="stmt"/>
        <line num="50" count="1" type="stmt"/>
        <line num="51" count="1" type="stmt"/>
        <line num="52" count="1" type="stmt"/>
        <line num="53" count="1" type="stmt"/>
        <line num="54" count="1" type="stmt"/>
        <line num="55" count="1" type="stmt"/>
        <line num="56" count="1" type="stmt"/>
        <line num="57" count="1" type="stmt"/>
        <line num="59" count="1" type="stmt"/>
        <line num="60" count="1" type="stmt"/>
        <line num="61" count="1" type="stmt"/>
        <line num="63" count="31" type="cond" truecount="1" falsecount="0"/>
        <line num="64" count="31" type="stmt"/>
        <line num="65" count="31" type="cond" truecount="1" falsecount="0"/>
        <line num="66" count="237" type="cond" truecount="1" falsecount="0"/>
        <line num="68" count="237" type="cond" truecount="3" falsecount="0"/>
        <line num="69" count="237" type="stmt"/>
        <line num="72" count="31" type="stmt"/>
        <line num="73" count="31" type="cond" truecount="1" falsecount="0"/>
        <line num="74" count="275" type="cond" truecount="3" falsecount="0"/>
        <line num="75" count="39" type="stmt"/>
        <line num="76" count="39" type="stmt"/>
        <line num="77" count="39" type="stmt"/>
        <line num="78" count="275" type="stmt"/>
        <line num="81" count="31" type="cond" truecount="1" falsecount="0"/>
        <line num="82" count="237" type="cond" truecount="2" falsecount="0"/>
        <line num="83" count="237" type="cond" truecount="2" falsecount="0"/>
        <line num="84" count="237" type="cond" truecount="2" falsecount="0"/>
        <line num="85" count="52" type="cond" truecount="1" falsecount="0"/>
        <line num="86" count="237" type="cond" truecount="1" falsecount="1"/>
        <line num="87" count="6" type="stmt"/>
        <line num="88" count="6" type="cond" truecount="1" falsecount="0"/>
        <line num="89" count="196" type="stmt"/>
        <line num="90" count="31" type="stmt"/>
        <line num="92" count="31" type="cond" truecount="1" falsecount="0"/>
        <line num="95" count="31" type="stmt"/>
        <line num="96" count="31" type="cond" truecount="1" falsecount="0"/>
        <line num="97" count="275" type="cond" truecount="2" falsecount="0"/>
        <line num="98" count="275" type="stmt"/>
        <line num="99" count="31" type="stmt"/>
        <line num="100" count="31" type="cond" truecount="1" falsecount="0"/>
        <line num="101" count="196" type="stmt"/>
        <line num="102" count="196" type="cond" truecount="2" falsecount="0"/>
        <line num="103" count="6" type="stmt"/>
        <line num="104" count="6" type="stmt"/>
        <line num="105" count="6" type="cond" truecount="1" falsecount="1"/>
        <line num="106" count="0" type="stmt"/>
        <line num="107" count="0" type="stmt"/>
        <line num="108" count="0" type="stmt"/>
        <line num="109" count="0" type="stmt"/>
        <line num="110" count="6" type="cond" truecount="2" falsecount="0"/>
        <line num="111" count="3" type="stmt"/>
        <line num="112" count="3" type="stmt"/>
        <line num="113" count="6" type="stmt"/>
        <line num="114" count="196" type="stmt"/>
        <line num="116" count="31" type="stmt"/>
        <line num="117" count="31" type="cond" truecount="1" falsecount="0"/>
        <line num="118" count="275" type="cond" truecount="1" falsecount="0"/>
        <line num="119" count="31" type="stmt"/>
        <line num="120" count="31" type="stmt"/>
        <line num="121" count="31" type="stmt"/>
        <line num="124" count="31" type="stmt"/>
        <line num="125" count="31" type="cond" truecount="1" falsecount="0"/>
        <line num="126" count="31" type="cond" truecount="2" falsecount="0"/>
        <line num="128" count="31" type="stmt"/>
        <line num="129" count="31" type="stmt"/>
        <line num="135" count="1" type="stmt"/>
        <line num="136" count="1" type="stmt"/>
        <line num="137" count="1" type="stmt"/>
        <line num="138" count="1" type="stmt"/>
        <line num="139" count="1" type="stmt"/>
        <line num="140" count="1" type="stmt"/>
        <line num="142" count="1" type="stmt"/>
        <line num="143" count="1" type="stmt"/>
        <line num="144" count="1" type="stmt"/>
        <line num="146" count="19" type="cond" truecount="1" falsecount="0"/>
        <line num="147" count="19" type="stmt"/>
        <line num="148" count="19" type="cond" truecount="1" falsecount="0"/>
        <line num="149" count="95" type="cond" truecount="1" falsecount="0"/>
        <line num="150" count="95" type="stmt"/>
        <line num="153" count="19" type="stmt"/>
        <line num="154" count="19" type="cond" truecount="1" falsecount="0"/>
        <line num="155" count="91" type="cond" truecount="2" falsecount="0"/>
        <line num="156" count="91" type="stmt"/>
        <line num="160" count="19" type="stmt"/>
        <line num="161" count="19" type="cond" truecount="1" falsecount="0"/>
        <line num="162" count="95" type="cond" truecount="1" falsecount="0"/>
        <line num="163" count="2" type="stmt"/>
        <line num="164" count="2" type="stmt"/>
        <line num="165" count="2" type="stmt"/>
        <line num="166" count="95" type="stmt"/>
        <line num="167" count="19" type="cond" truecount="1" falsecount="0"/>
        <line num="168" count="95" type="cond" truecount="1" falsecount="0"/>
        <line num="169" count="1" type="stmt"/>
        <line num="170" count="1" type="stmt"/>
        <line num="171" count="1" type="stmt"/>
        <line num="172" count="1" type="stmt"/>
        <line num="173" count="1" type="stmt"/>
        <line num="174" count="95" type="stmt"/>
        <line num="177" count="19" type="stmt"/>
        <line num="178" count="19" type="cond" truecount="1" falsecount="0"/>
        <line num="179" count="59" type="stmt"/>
        <line num="180" count="59" type="cond" truecount="2" falsecount="0"/>
        <line num="181" count="6" type="stmt"/>
        <line num="182" count="6" type="stmt"/>
        <line num="183" count="6" type="cond" truecount="1" falsecount="1"/>
        <line num="184" count="0" type="stmt"/>
        <line num="185" count="0" type="stmt"/>
        <line num="186" count="0" type="stmt"/>
        <line num="187" count="0" type="stmt"/>
        <line num="188" count="6" type="cond" truecount="2" falsecount="0"/>
        <line num="189" count="3" type="stmt"/>
        <line num="190" count="3" type="stmt"/>
        <line num="191" count="6" type="stmt"/>
        <line num="192" count="59" type="stmt"/>
        <line num="196" count="19" type="stmt"/>
        <line num="197" count="19" type="cond" truecount="1" falsecount="0"/>
        <line num="198" count="95" type="cond" truecount="1" falsecount="0"/>
        <line num="199" count="2" type="stmt"/>
        <line num="200" count="2" type="stmt"/>
        <line num="201" count="2" type="stmt"/>
        <line num="202" count="95" type="stmt"/>
        <line num="203" count="19" type="stmt"/>
        <line num="204" count="19" type="cond" truecount="1" falsecount="0"/>
        <line num="205" count="95" type="cond" truecount="1" falsecount="0"/>
        <line num="206" count="1" type="stmt"/>
        <line num="207" count="1" type="stmt"/>
        <line num="208" count="1" type="stmt"/>
        <line num="209" count="1" type="stmt"/>
        <line num="210" count="1" type="stmt"/>
        <line num="211" count="1" type="stmt"/>
        <line num="212" count="95" type="stmt"/>
        <line num="214" count="19" type="cond" truecount="1" falsecount="0"/>
        <line num="215" count="19" type="cond" truecount="1" falsecount="0"/>
        <line num="216" count="19" type="stmt"/>
        <line num="217" count="19" type="stmt"/>
        <line num="218" count="19" type="cond" truecount="1" falsecount="0"/>
        <line num="219" count="19" type="cond" truecount="1" falsecount="0"/>
        <line num="220" count="91" type="stmt"/>
        <line num="221" count="91" type="stmt"/>
        <line num="222" count="91" type="cond" truecount="1" falsecount="0"/>
        <line num="223" count="19" type="stmt"/>
        <line num="224" count="19" type="cond" truecount="2" falsecount="0"/>
        <line num="225" count="19" type="stmt"/>
        <line num="226" count="19" type="stmt"/>
        <line num="231" count="19" type="stmt"/>
        <line num="232" count="19" type="cond" truecount="1" falsecount="0"/>
        <line num="233" count="19" type="stmt"/>
        <line num="234" count="19" type="cond" truecount="1" falsecount="0"/>
        <line num="235" count="25" type="stmt"/>
        <line num="236" count="25" type="cond" truecount="1" falsecount="0"/>
        <line num="237" count="74" type="cond" truecount="1" falsecount="0"/>
        <line num="238" count="74" type="cond" truecount="2" falsecount="0"/>
        <line num="240" count="67" type="cond" truecount="1" falsecount="0"/>
        <line num="241" count="126" type="cond" truecount="3" falsecount="0"/>
        <line num="242" count="126" type="cond" truecount="4" falsecount="0"/>
        <line num="243" count="126" type="cond" truecount="2" falsecount="0"/>
        <line num="244" count="71" type="cond" truecount="1" falsecount="0"/>
        <line num="245" count="126" type="cond" truecount="1" falsecount="0"/>
        <line num="246" count="67" type="stmt"/>
        <line num="247" count="74" type="cond" truecount="1" falsecount="0"/>
        <line num="248" count="8" type="stmt"/>
        <line num="249" count="8" type="stmt"/>
        <line num="250" count="8" type="stmt"/>
        <line num="251" count="74" type="stmt"/>
        <line num="252" count="25" type="stmt"/>
        <line num="253" count="19" type="cond" truecount="1" falsecount="0"/>
        <line num="254" count="19" type="cond" truecount="2" falsecount="0"/>
        <line num="256" count="19" type="stmt"/>
        <line num="257" count="19" type="stmt"/>
        <line num="260" count="250" type="cond" truecount="1" falsecount="0"/>
        <line num="261" count="250" type="stmt"/>
        <line num="262" count="250" type="stmt"/>
        <line num="265" count="1" type="stmt"/>
        <line num="266" count="1" type="stmt"/>
        <line num="267" count="1" type="stmt"/>
        <line num="268" count="1" type="stmt"/>
        <line num="269" count="1" type="stmt"/>
        <line num="270" count="1" type="stmt"/>
        <line num="272" count="1" type="cond" truecount="1" falsecount="0"/>
        <line num="273" count="315" type="cond" truecount="0" falsecount="1"/>
        <line num="274" count="315" type="stmt"/>
        <line num="275" count="315" type="stmt"/>
      </file>
    </package>
  </project>
</coverage>
