{"C:\\SysteModel\\packages\\diagram-service\\src\\index.ts": {"path":"C:\\SysteModel\\packages\\diagram-service\\src\\index.ts","all":true,"statementMap":{"0":{"start":{"line":1,"column":0},"end":{"line":1,"column":23}},"1":{"start":{"line":2,"column":0},"end":{"line":2,"column":30}},"2":{"start":{"line":3,"column":0},"end":{"line":3,"column":24}},"3":{"start":{"line":4,"column":0},"end":{"line":4,"column":24}},"4":{"start":{"line":5,"column":0},"end":{"line":5,"column":69}},"6":{"start":{"line":7,"column":0},"end":{"line":7,"column":54}},"7":{"start":{"line":8,"column":0},"end":{"line":8,"column":80}},"8":{"start":{"line":9,"column":0},"end":{"line":9,"column":13}},"9":{"start":{"line":10,"column":0},"end":{"line":10,"column":21}},"10":{"start":{"line":11,"column":0},"end":{"line":11,"column":39}},"13":{"start":{"line":14,"column":0},"end":{"line":14,"column":99}},"14":{"start":{"line":15,"column":0},"end":{"line":15,"column":91}},"15":{"start":{"line":16,"column":0},"end":{"line":16,"column":100}},"16":{"start":{"line":17,"column":0},"end":{"line":17,"column":78}},"17":{"start":{"line":18,"column":0},"end":{"line":18,"column":18}},"18":{"start":{"line":19,"column":0},"end":{"line":19,"column":1}},"20":{"start":{"line":21,"column":0},"end":{"line":21,"column":72}},"22":{"start":{"line":23,"column":0},"end":{"line":23,"column":22}},"23":{"start":{"line":24,"column":0},"end":{"line":24,"column":44}},"24":{"start":{"line":25,"column":0},"end":{"line":25,"column":28}},"25":{"start":{"line":26,"column":0},"end":{"line":26,"column":1}},"26":{"start":{"line":27,"column":0},"end":{"line":27,"column":43}},"28":{"start":{"line":29,"column":0},"end":{"line":29,"column":35}},"29":{"start":{"line":30,"column":0},"end":{"line":30,"column":69}},"30":{"start":{"line":31,"column":0},"end":{"line":31,"column":3}},"32":{"start":{"line":33,"column":0},"end":{"line":33,"column":38}},"33":{"start":{"line":34,"column":0},"end":{"line":34,"column":54}},"35":{"start":{"line":36,"column":0},"end":{"line":36,"column":27}},"36":{"start":{"line":37,"column":0},"end":{"line":37,"column":108}},"37":{"start":{"line":38,"column":0},"end":{"line":38,"column":3}}},"s":{"0":0,"1":0,"2":0,"3":0,"4":0,"6":0,"7":0,"8":0,"9":0,"10":0,"13":0,"14":0,"15":0,"16":0,"17":0,"18":0,"20":0,"22":0,"23":0,"24":0,"25":0,"26":0,"28":0,"29":0,"30":0,"32":0,"33":0,"35":0,"36":0,"37":0},"branchMap":{"0":{"type":"branch","line":1,"loc":{"start":{"line":1,"column":0},"end":{"line":38,"column":-286}},"locations":[{"start":{"line":1,"column":0},"end":{"line":38,"column":-286}}]}},"b":{"0":[0]},"fnMap":{"0":{"name":"(empty-report)","decl":{"start":{"line":1,"column":0},"end":{"line":38,"column":-286}},"loc":{"start":{"line":1,"column":0},"end":{"line":38,"column":-286}},"line":1}},"f":{"0":0}}
,"C:\\SysteModel\\packages\\diagram-service\\src\\websocket-server.ts": {"path":"C:\\SysteModel\\packages\\diagram-service\\src\\websocket-server.ts","all":false,"statementMap":{"0":{"start":{"line":1,"column":0},"end":{"line":1,"column":48}},"11":{"start":{"line":12,"column":0},"end":{"line":12,"column":46}},"12":{"start":{"line":13,"column":0},"end":{"line":13,"column":34}},"13":{"start":{"line":14,"column":0},"end":{"line":14,"column":36}},"15":{"start":{"line":16,"column":0},"end":{"line":16,"column":110}},"16":{"start":{"line":17,"column":0},"end":{"line":17,"column":35}},"17":{"start":{"line":18,"column":0},"end":{"line":18,"column":11}},"18":{"start":{"line":19,"column":0},"end":{"line":19,"column":21}},"19":{"start":{"line":20,"column":0},"end":{"line":20,"column":28}},"20":{"start":{"line":21,"column":0},"end":{"line":21,"column":39}},"21":{"start":{"line":22,"column":0},"end":{"line":22,"column":84}},"22":{"start":{"line":23,"column":0},"end":{"line":23,"column":45}},"23":{"start":{"line":24,"column":0},"end":{"line":24,"column":15}},"24":{"start":{"line":25,"column":0},"end":{"line":25,"column":7}},"25":{"start":{"line":26,"column":0},"end":{"line":26,"column":15}},"26":{"start":{"line":27,"column":0},"end":{"line":27,"column":6}},"27":{"start":{"line":28,"column":0},"end":{"line":28,"column":5}},"30":{"start":{"line":31,"column":0},"end":{"line":31,"column":53}},"32":{"start":{"line":33,"column":0},"end":{"line":33,"column":68}},"34":{"start":{"line":35,"column":0},"end":{"line":35,"column":65}},"35":{"start":{"line":36,"column":0},"end":{"line":36,"column":59}},"38":{"start":{"line":39,"column":0},"end":{"line":39,"column":56}},"39":{"start":{"line":40,"column":0},"end":{"line":40,"column":44}},"40":{"start":{"line":41,"column":0},"end":{"line":41,"column":45}},"41":{"start":{"line":42,"column":0},"end":{"line":42,"column":13}},"42":{"start":{"line":43,"column":0},"end":{"line":43,"column":5}},"43":{"start":{"line":44,"column":0},"end":{"line":44,"column":48}},"46":{"start":{"line":47,"column":0},"end":{"line":47,"column":25}},"47":{"start":{"line":48,"column":0},"end":{"line":48,"column":79}},"49":{"start":{"line":50,"column":0},"end":{"line":50,"column":43}},"50":{"start":{"line":51,"column":0},"end":{"line":51,"column":45}},"51":{"start":{"line":52,"column":0},"end":{"line":52,"column":37}},"52":{"start":{"line":53,"column":0},"end":{"line":53,"column":7}},"53":{"start":{"line":54,"column":0},"end":{"line":54,"column":6}},"55":{"start":{"line":56,"column":0},"end":{"line":56,"column":37}},"57":{"start":{"line":58,"column":0},"end":{"line":58,"column":21}},"58":{"start":{"line":59,"column":0},"end":{"line":59,"column":51}},"59":{"start":{"line":60,"column":0},"end":{"line":60,"column":64}},"60":{"start":{"line":61,"column":0},"end":{"line":61,"column":15}},"61":{"start":{"line":62,"column":0},"end":{"line":62,"column":7}},"63":{"start":{"line":64,"column":0},"end":{"line":64,"column":11}},"64":{"start":{"line":65,"column":0},"end":{"line":65,"column":38}},"66":{"start":{"line":67,"column":0},"end":{"line":67,"column":42}},"67":{"start":{"line":68,"column":0},"end":{"line":68,"column":64}},"68":{"start":{"line":69,"column":0},"end":{"line":69,"column":17}},"69":{"start":{"line":70,"column":0},"end":{"line":70,"column":9}},"71":{"start":{"line":72,"column":0},"end":{"line":72,"column":59}},"73":{"start":{"line":74,"column":0},"end":{"line":74,"column":30}},"74":{"start":{"line":75,"column":0},"end":{"line":75,"column":85}},"75":{"start":{"line":76,"column":0},"end":{"line":76,"column":108}},"76":{"start":{"line":77,"column":0},"end":{"line":77,"column":95}},"77":{"start":{"line":78,"column":0},"end":{"line":78,"column":41}},"79":{"start":{"line":80,"column":0},"end":{"line":80,"column":39}},"81":{"start":{"line":82,"column":0},"end":{"line":82,"column":87}},"82":{"start":{"line":83,"column":0},"end":{"line":83,"column":97}},"83":{"start":{"line":84,"column":0},"end":{"line":84,"column":19}},"84":{"start":{"line":85,"column":0},"end":{"line":85,"column":11}},"85":{"start":{"line":86,"column":0},"end":{"line":86,"column":70}},"86":{"start":{"line":87,"column":0},"end":{"line":87,"column":31}},"87":{"start":{"line":88,"column":0},"end":{"line":88,"column":43}},"88":{"start":{"line":89,"column":0},"end":{"line":89,"column":46}},"89":{"start":{"line":90,"column":0},"end":{"line":90,"column":70}},"90":{"start":{"line":91,"column":0},"end":{"line":91,"column":93}},"91":{"start":{"line":92,"column":0},"end":{"line":92,"column":19}},"92":{"start":{"line":93,"column":0},"end":{"line":93,"column":11}},"93":{"start":{"line":94,"column":0},"end":{"line":94,"column":32}},"94":{"start":{"line":95,"column":0},"end":{"line":95,"column":16}},"95":{"start":{"line":96,"column":0},"end":{"line":96,"column":67}},"96":{"start":{"line":97,"column":0},"end":{"line":97,"column":17}},"97":{"start":{"line":98,"column":0},"end":{"line":98,"column":9}},"99":{"start":{"line":100,"column":0},"end":{"line":100,"column":39}},"100":{"start":{"line":101,"column":0},"end":{"line":101,"column":34}},"101":{"start":{"line":102,"column":0},"end":{"line":102,"column":17}},"102":{"start":{"line":103,"column":0},"end":{"line":103,"column":9}},"105":{"start":{"line":106,"column":0},"end":{"line":106,"column":61}},"106":{"start":{"line":107,"column":0},"end":{"line":107,"column":70}},"107":{"start":{"line":108,"column":0},"end":{"line":108,"column":70}},"109":{"start":{"line":110,"column":0},"end":{"line":110,"column":21}},"111":{"start":{"line":112,"column":0},"end":{"line":112,"column":74}},"112":{"start":{"line":113,"column":0},"end":{"line":113,"column":74}},"113":{"start":{"line":114,"column":0},"end":{"line":114,"column":70}},"114":{"start":{"line":115,"column":0},"end":{"line":115,"column":7}},"115":{"start":{"line":116,"column":0},"end":{"line":116,"column":7}},"117":{"start":{"line":118,"column":0},"end":{"line":118,"column":26}},"118":{"start":{"line":119,"column":0},"end":{"line":119,"column":39}},"119":{"start":{"line":120,"column":0},"end":{"line":120,"column":56}},"120":{"start":{"line":121,"column":0},"end":{"line":121,"column":56}},"121":{"start":{"line":122,"column":0},"end":{"line":122,"column":53}},"122":{"start":{"line":123,"column":0},"end":{"line":123,"column":7}},"124":{"start":{"line":125,"column":0},"end":{"line":125,"column":26}},"125":{"start":{"line":126,"column":0},"end":{"line":126,"column":39}},"126":{"start":{"line":127,"column":0},"end":{"line":127,"column":7}},"127":{"start":{"line":128,"column":0},"end":{"line":128,"column":5}},"129":{"start":{"line":130,"column":0},"end":{"line":130,"column":13}},"130":{"start":{"line":131,"column":0},"end":{"line":131,"column":1}}},"s":{"0":1,"11":1,"12":1,"13":1,"15":1,"16":17,"17":17,"18":17,"19":17,"20":17,"21":21,"22":2,"23":2,"24":2,"25":19,"26":21,"27":17,"30":17,"32":17,"34":17,"35":19,"38":19,"39":19,"40":0,"41":0,"42":0,"43":19,"46":19,"47":19,"49":19,"50":140,"51":140,"52":140,"53":140,"55":19,"57":140,"58":140,"59":1,"60":1,"61":1,"63":139,"64":139,"66":140,"67":0,"68":0,"69":0,"71":139,"73":139,"74":139,"75":139,"76":140,"77":140,"79":140,"81":137,"82":1,"83":1,"84":1,"85":136,"86":136,"87":136,"88":140,"89":0,"90":0,"91":0,"92":0,"93":0,"94":1,"95":1,"96":1,"97":1,"99":140,"100":1,"101":1,"102":1,"105":135,"106":135,"107":135,"109":140,"111":1,"112":1,"113":1,"114":1,"115":19,"117":19,"118":19,"119":19,"120":19,"121":4,"122":19,"124":19,"125":0,"126":19,"127":17,"129":17,"130":17},"branchMap":{"0":{"type":"branch","line":16,"loc":{"start":{"line":16,"column":7},"end":{"line":131,"column":1}},"locations":[{"start":{"line":16,"column":7},"end":{"line":131,"column":1}}]},"1":{"type":"branch","line":21,"loc":{"start":{"line":21,"column":18},"end":{"line":27,"column":6}},"locations":[{"start":{"line":21,"column":18},"end":{"line":27,"column":6}}]},"2":{"type":"branch","line":22,"loc":{"start":{"line":22,"column":10},"end":{"line":22,"column":49}},"locations":[{"start":{"line":22,"column":10},"end":{"line":22,"column":49}}]},"3":{"type":"branch","line":22,"loc":{"start":{"line":22,"column":44},"end":{"line":22,"column":83}},"locations":[{"start":{"line":22,"column":44},"end":{"line":22,"column":83}}]},"4":{"type":"branch","line":22,"loc":{"start":{"line":22,"column":83},"end":{"line":25,"column":7}},"locations":[{"start":{"line":22,"column":83},"end":{"line":25,"column":7}}]},"5":{"type":"branch","line":25,"loc":{"start":{"line":25,"column":6},"end":{"line":26,"column":15}},"locations":[{"start":{"line":25,"column":6},"end":{"line":26,"column":15}}]},"6":{"type":"branch","line":35,"loc":{"start":{"line":35,"column":23},"end":{"line":128,"column":3}},"locations":[{"start":{"line":35,"column":23},"end":{"line":128,"column":3}}]},"7":{"type":"branch","line":36,"loc":{"start":{"line":36,"column":32},"end":{"line":36,"column":59}},"locations":[{"start":{"line":36,"column":32},"end":{"line":36,"column":59}}]},"8":{"type":"branch","line":39,"loc":{"start":{"line":39,"column":49},"end":{"line":39,"column":56}},"locations":[{"start":{"line":39,"column":49},"end":{"line":39,"column":56}}]},"9":{"type":"branch","line":40,"loc":{"start":{"line":40,"column":43},"end":{"line":43,"column":5}},"locations":[{"start":{"line":40,"column":43},"end":{"line":43,"column":5}}]},"10":{"type":"branch","line":50,"loc":{"start":{"line":50,"column":17},"end":{"line":54,"column":6}},"locations":[{"start":{"line":50,"column":17},"end":{"line":54,"column":6}}]},"11":{"type":"branch","line":56,"loc":{"start":{"line":56,"column":21},"end":{"line":116,"column":5}},"locations":[{"start":{"line":56,"column":21},"end":{"line":116,"column":5}}]},"12":{"type":"branch","line":59,"loc":{"start":{"line":59,"column":50},"end":{"line":62,"column":7}},"locations":[{"start":{"line":59,"column":50},"end":{"line":62,"column":7}}]},"13":{"type":"branch","line":62,"loc":{"start":{"line":62,"column":6},"end":{"line":67,"column":41}},"locations":[{"start":{"line":62,"column":6},"end":{"line":67,"column":41}}]},"14":{"type":"branch","line":67,"loc":{"start":{"line":67,"column":41},"end":{"line":70,"column":9}},"locations":[{"start":{"line":67,"column":41},"end":{"line":70,"column":9}}]},"15":{"type":"branch","line":70,"loc":{"start":{"line":70,"column":8},"end":{"line":77,"column":56}},"locations":[{"start":{"line":70,"column":8},"end":{"line":77,"column":56}}]},"16":{"type":"branch","line":77,"loc":{"start":{"line":77,"column":44},"end":{"line":77,"column":95}},"locations":[{"start":{"line":77,"column":44},"end":{"line":77,"column":95}}]},"17":{"type":"branch","line":77,"loc":{"start":{"line":77,"column":93},"end":{"line":78,"column":31}},"locations":[{"start":{"line":77,"column":93},"end":{"line":78,"column":31}}]},"18":{"type":"branch","line":78,"loc":{"start":{"line":78,"column":20},"end":{"line":78,"column":41}},"locations":[{"start":{"line":78,"column":20},"end":{"line":78,"column":41}}]},"19":{"type":"branch","line":80,"loc":{"start":{"line":80,"column":38},"end":{"line":89,"column":19}},"locations":[{"start":{"line":80,"column":38},"end":{"line":89,"column":19}}]},"20":{"type":"branch","line":82,"loc":{"start":{"line":82,"column":37},"end":{"line":82,"column":86}},"locations":[{"start":{"line":82,"column":37},"end":{"line":82,"column":86}}]},"21":{"type":"branch","line":82,"loc":{"start":{"line":82,"column":86},"end":{"line":85,"column":11}},"locations":[{"start":{"line":82,"column":86},"end":{"line":85,"column":11}}]},"22":{"type":"branch","line":85,"loc":{"start":{"line":85,"column":10},"end":{"line":89,"column":19}},"locations":[{"start":{"line":85,"column":10},"end":{"line":89,"column":19}}]},"23":{"type":"branch","line":89,"loc":{"start":{"line":89,"column":8},"end":{"line":98,"column":9}},"locations":[{"start":{"line":89,"column":8},"end":{"line":98,"column":9}}]},"24":{"type":"branch","line":89,"loc":{"start":{"line":89,"column":45},"end":{"line":95,"column":15}},"locations":[{"start":{"line":89,"column":45},"end":{"line":95,"column":15}}]},"25":{"type":"branch","line":98,"loc":{"start":{"line":98,"column":8},"end":{"line":100,"column":38}},"locations":[{"start":{"line":98,"column":8},"end":{"line":100,"column":38}}]},"26":{"type":"branch","line":100,"loc":{"start":{"line":100,"column":38},"end":{"line":103,"column":9}},"locations":[{"start":{"line":100,"column":38},"end":{"line":103,"column":9}}]},"27":{"type":"branch","line":103,"loc":{"start":{"line":103,"column":8},"end":{"line":110,"column":15}},"locations":[{"start":{"line":103,"column":8},"end":{"line":110,"column":15}}]},"28":{"type":"branch","line":110,"loc":{"start":{"line":110,"column":6},"end":{"line":115,"column":7}},"locations":[{"start":{"line":110,"column":6},"end":{"line":115,"column":7}}]},"29":{"type":"branch","line":112,"loc":{"start":{"line":112,"column":52},"end":{"line":112,"column":74}},"locations":[{"start":{"line":112,"column":52},"end":{"line":112,"column":74}}]},"30":{"type":"branch","line":118,"loc":{"start":{"line":118,"column":19},"end":{"line":123,"column":5}},"locations":[{"start":{"line":118,"column":19},"end":{"line":123,"column":5}}]},"31":{"type":"branch","line":120,"loc":{"start":{"line":120,"column":49},"end":{"line":120,"column":56}},"locations":[{"start":{"line":120,"column":49},"end":{"line":120,"column":56}}]},"32":{"type":"branch","line":121,"loc":{"start":{"line":121,"column":22},"end":{"line":121,"column":56}},"locations":[{"start":{"line":121,"column":22},"end":{"line":121,"column":56}}]},"33":{"type":"branch","line":121,"loc":{"start":{"line":121,"column":54},"end":{"line":122,"column":53}},"locations":[{"start":{"line":121,"column":54},"end":{"line":122,"column":53}}]}},"b":{"0":[17],"1":[21],"2":[9],"3":[8],"4":[2],"5":[19],"6":[19],"7":[0],"8":[15],"9":[0],"10":[140],"11":[140],"12":[1],"13":[139],"14":[0],"15":[139],"16":[3],"17":[2],"18":[136],"19":[137],"20":[136],"21":[1],"22":[136],"23":[1],"24":[0],"25":[136],"26":[1],"27":[135],"28":[1],"29":[0],"30":[19],"31":[0],"32":[15],"33":[4]},"fnMap":{"0":{"name":"createDiagramWebSocketServer","decl":{"start":{"line":16,"column":7},"end":{"line":131,"column":1}},"loc":{"start":{"line":16,"column":7},"end":{"line":131,"column":1}},"line":16},"1":{"name":"verifyClient","decl":{"start":{"line":21,"column":18},"end":{"line":27,"column":6}},"loc":{"start":{"line":21,"column":18},"end":{"line":27,"column":6}},"line":21},"2":{"name":"send","decl":{"start":{"line":50,"column":17},"end":{"line":54,"column":6}},"loc":{"start":{"line":50,"column":17},"end":{"line":54,"column":6}},"line":50}},"f":{"0":17,"1":21,"2":140}}
,"C:\\SysteModel\\packages\\diagram-service\\src\\layout\\elk-layout.ts": {"path":"C:\\SysteModel\\packages\\diagram-service\\src\\layout\\elk-layout.ts","all":true,"statementMap":{"0":{"start":{"line":1,"column":0},"end":{"line":1,"column":35}},"4":{"start":{"line":5,"column":0},"end":{"line":5,"column":63}},"5":{"start":{"line":6,"column":0},"end":{"line":6,"column":33}},"30":{"start":{"line":31,"column":0},"end":{"line":31,"column":75}},"31":{"start":{"line":32,"column":0},"end":{"line":32,"column":76}},"32":{"start":{"line":33,"column":0},"end":{"line":33,"column":76}},"34":{"start":{"line":35,"column":0},"end":{"line":35,"column":30}},"35":{"start":{"line":36,"column":0},"end":{"line":36,"column":17}},"36":{"start":{"line":37,"column":0},"end":{"line":37,"column":20}},"37":{"start":{"line":38,"column":0},"end":{"line":38,"column":33}},"38":{"start":{"line":39,"column":0},"end":{"line":39,"column":30}},"39":{"start":{"line":40,"column":0},"end":{"line":40,"column":35}},"40":{"start":{"line":41,"column":0},"end":{"line":41,"column":56}},"41":{"start":{"line":42,"column":0},"end":{"line":42,"column":6}},"42":{"start":{"line":43,"column":0},"end":{"line":43,"column":33}},"43":{"start":{"line":44,"column":0},"end":{"line":44,"column":15}},"44":{"start":{"line":45,"column":0},"end":{"line":45,"column":34}},"45":{"start":{"line":46,"column":0},"end":{"line":46,"column":35}},"46":{"start":{"line":47,"column":0},"end":{"line":47,"column":8}},"47":{"start":{"line":48,"column":0},"end":{"line":48,"column":19}},"48":{"start":{"line":49,"column":0},"end":{"line":49,"column":54}},"49":{"start":{"line":50,"column":0},"end":{"line":50,"column":18}},"50":{"start":{"line":51,"column":0},"end":{"line":51,"column":74}},"51":{"start":{"line":52,"column":0},"end":{"line":52,"column":21}},"55":{"start":{"line":56,"column":0},"end":{"line":56,"column":51}},"56":{"start":{"line":57,"column":0},"end":{"line":57,"column":109}},"57":{"start":{"line":58,"column":0},"end":{"line":58,"column":18}},"58":{"start":{"line":59,"column":0},"end":{"line":59,"column":21}},"59":{"start":{"line":60,"column":0},"end":{"line":60,"column":34}},"60":{"start":{"line":61,"column":0},"end":{"line":61,"column":34}},"61":{"start":{"line":62,"column":0},"end":{"line":62,"column":99}},"62":{"start":{"line":63,"column":0},"end":{"line":63,"column":12}},"63":{"start":{"line":64,"column":0},"end":{"line":64,"column":11}},"64":{"start":{"line":65,"column":0},"end":{"line":65,"column":9}},"65":{"start":{"line":66,"column":0},"end":{"line":66,"column":4}},"67":{"start":{"line":68,"column":0},"end":{"line":68,"column":58}},"69":{"start":{"line":70,"column":0},"end":{"line":70,"column":47}},"70":{"start":{"line":71,"column":0},"end":{"line":71,"column":68}},"71":{"start":{"line":72,"column":0},"end":{"line":72,"column":12}},"72":{"start":{"line":73,"column":0},"end":{"line":73,"column":14}},"73":{"start":{"line":74,"column":0},"end":{"line":74,"column":59}},"74":{"start":{"line":75,"column":0},"end":{"line":75,"column":6}},"75":{"start":{"line":76,"column":0},"end":{"line":76,"column":5}},"77":{"start":{"line":78,"column":0},"end":{"line":78,"column":43}},"78":{"start":{"line":79,"column":0},"end":{"line":79,"column":66}},"79":{"start":{"line":80,"column":0},"end":{"line":80,"column":43}},"80":{"start":{"line":81,"column":0},"end":{"line":81,"column":33}},"81":{"start":{"line":82,"column":0},"end":{"line":82,"column":77}},"82":{"start":{"line":83,"column":0},"end":{"line":83,"column":11}},"83":{"start":{"line":84,"column":0},"end":{"line":84,"column":38}},"84":{"start":{"line":85,"column":0},"end":{"line":85,"column":5}},"86":{"start":{"line":87,"column":0},"end":{"line":87,"column":10}},"87":{"start":{"line":88,"column":0},"end":{"line":88,"column":13}},"88":{"start":{"line":89,"column":0},"end":{"line":89,"column":51}},"89":{"start":{"line":90,"column":0},"end":{"line":90,"column":4}},"90":{"start":{"line":91,"column":0},"end":{"line":91,"column":1}}},"s":{"0":0,"4":0,"5":0,"30":0,"31":0,"32":0,"34":0,"35":0,"36":0,"37":0,"38":0,"39":0,"40":0,"41":0,"42":0,"43":0,"44":0,"45":0,"46":0,"47":0,"48":0,"49":0,"50":0,"51":0,"55":0,"56":0,"57":0,"58":0,"59":0,"60":0,"61":0,"62":0,"63":0,"64":0,"65":0,"67":0,"69":0,"70":0,"71":0,"72":0,"73":0,"74":0,"75":0,"77":0,"78":0,"79":0,"80":0,"81":0,"82":0,"83":0,"84":0,"86":0,"87":0,"88":0,"89":0,"90":0},"branchMap":{"0":{"type":"branch","line":1,"loc":{"start":{"line":1,"column":2824},"end":{"line":91,"column":1}},"locations":[{"start":{"line":1,"column":2824},"end":{"line":91,"column":1}}]}},"b":{"0":[0]},"fnMap":{"0":{"name":"(empty-report)","decl":{"start":{"line":1,"column":2824},"end":{"line":91,"column":1}},"loc":{"start":{"line":1,"column":2824},"end":{"line":91,"column":1}},"line":1}},"f":{"0":0}}
,"C:\\SysteModel\\packages\\diagram-service\\src\\parser\\sysml-text-parser.ts": {"path":"C:\\SysteModel\\packages\\diagram-service\\src\\parser\\sysml-text-parser.ts","all":false,"statementMap":{"14":{"start":{"line":15,"column":0},"end":{"line":15,"column":94}},"15":{"start":{"line":16,"column":0},"end":{"line":16,"column":42}},"16":{"start":{"line":17,"column":0},"end":{"line":17,"column":19}},"19":{"start":{"line":20,"column":0},"end":{"line":20,"column":59}},"20":{"start":{"line":21,"column":0},"end":{"line":21,"column":38}},"21":{"start":{"line":22,"column":0},"end":{"line":22,"column":33}},"22":{"start":{"line":23,"column":0},"end":{"line":23,"column":45}},"23":{"start":{"line":24,"column":0},"end":{"line":24,"column":72}},"24":{"start":{"line":25,"column":0},"end":{"line":25,"column":3}},"25":{"start":{"line":26,"column":0},"end":{"line":26,"column":48}},"26":{"start":{"line":27,"column":0},"end":{"line":27,"column":64}},"27":{"start":{"line":28,"column":0},"end":{"line":28,"column":3}},"30":{"start":{"line":31,"column":0},"end":{"line":31,"column":43}},"31":{"start":{"line":32,"column":0},"end":{"line":32,"column":38}},"32":{"start":{"line":33,"column":0},"end":{"line":33,"column":54}},"33":{"start":{"line":34,"column":0},"end":{"line":34,"column":47}},"35":{"start":{"line":36,"column":0},"end":{"line":36,"column":53}},"36":{"start":{"line":37,"column":0},"end":{"line":37,"column":33}},"37":{"start":{"line":38,"column":0},"end":{"line":38,"column":53}},"38":{"start":{"line":39,"column":0},"end":{"line":39,"column":68}},"39":{"start":{"line":40,"column":0},"end":{"line":40,"column":29}},"41":{"start":{"line":42,"column":0},"end":{"line":42,"column":41}},"42":{"start":{"line":43,"column":0},"end":{"line":43,"column":37}},"43":{"start":{"line":44,"column":0},"end":{"line":44,"column":48}},"45":{"start":{"line":46,"column":0},"end":{"line":46,"column":33}},"46":{"start":{"line":47,"column":0},"end":{"line":47,"column":34}},"48":{"start":{"line":49,"column":0},"end":{"line":49,"column":32}},"49":{"start":{"line":50,"column":0},"end":{"line":50,"column":59}},"50":{"start":{"line":51,"column":0},"end":{"line":51,"column":23}},"51":{"start":{"line":52,"column":0},"end":{"line":52,"column":30}},"52":{"start":{"line":53,"column":0},"end":{"line":53,"column":80}},"53":{"start":{"line":54,"column":0},"end":{"line":54,"column":73}},"54":{"start":{"line":55,"column":0},"end":{"line":55,"column":54}},"55":{"start":{"line":56,"column":0},"end":{"line":56,"column":24}},"56":{"start":{"line":57,"column":0},"end":{"line":57,"column":7}},"57":{"start":{"line":58,"column":0},"end":{"line":58,"column":12}},"59":{"start":{"line":60,"column":0},"end":{"line":60,"column":62}},"60":{"start":{"line":61,"column":0},"end":{"line":61,"column":5}},"62":{"start":{"line":63,"column":0},"end":{"line":63,"column":89}},"64":{"start":{"line":65,"column":0},"end":{"line":65,"column":92}},"65":{"start":{"line":66,"column":0},"end":{"line":66,"column":93}},"66":{"start":{"line":67,"column":0},"end":{"line":67,"column":3}},"67":{"start":{"line":68,"column":0},"end":{"line":68,"column":39}},"68":{"start":{"line":69,"column":0},"end":{"line":69,"column":1}},"70":{"start":{"line":71,"column":0},"end":{"line":71,"column":45}},"72":{"start":{"line":73,"column":0},"end":{"line":73,"column":46}},"74":{"start":{"line":75,"column":0},"end":{"line":75,"column":39}},"75":{"start":{"line":76,"column":0},"end":{"line":76,"column":13}},"76":{"start":{"line":77,"column":0},"end":{"line":77,"column":1}},"78":{"start":{"line":79,"column":0},"end":{"line":79,"column":55}},"79":{"start":{"line":80,"column":0},"end":{"line":80,"column":61}},"80":{"start":{"line":81,"column":0},"end":{"line":81,"column":1}},"84":{"start":{"line":85,"column":0},"end":{"line":85,"column":92}},"85":{"start":{"line":86,"column":0},"end":{"line":86,"column":44}},"86":{"start":{"line":87,"column":0},"end":{"line":87,"column":18}},"87":{"start":{"line":88,"column":0},"end":{"line":88,"column":68}},"88":{"start":{"line":89,"column":0},"end":{"line":89,"column":34}},"90":{"start":{"line":91,"column":0},"end":{"line":91,"column":49}},"91":{"start":{"line":92,"column":0},"end":{"line":92,"column":38}},"92":{"start":{"line":93,"column":0},"end":{"line":93,"column":42}},"93":{"start":{"line":94,"column":0},"end":{"line":94,"column":35}},"94":{"start":{"line":95,"column":0},"end":{"line":95,"column":18}},"95":{"start":{"line":96,"column":0},"end":{"line":96,"column":5}},"96":{"start":{"line":97,"column":0},"end":{"line":97,"column":27}},"97":{"start":{"line":98,"column":0},"end":{"line":98,"column":1}},"100":{"start":{"line":101,"column":0},"end":{"line":101,"column":70}},"101":{"start":{"line":102,"column":0},"end":{"line":102,"column":35}},"102":{"start":{"line":103,"column":0},"end":{"line":103,"column":1}},"104":{"start":{"line":105,"column":0},"end":{"line":105,"column":83}},"105":{"start":{"line":106,"column":0},"end":{"line":106,"column":62}},"106":{"start":{"line":107,"column":0},"end":{"line":107,"column":42}},"107":{"start":{"line":108,"column":0},"end":{"line":108,"column":54}},"108":{"start":{"line":109,"column":0},"end":{"line":109,"column":52}},"109":{"start":{"line":110,"column":0},"end":{"line":110,"column":26}},"110":{"start":{"line":111,"column":0},"end":{"line":111,"column":1}},"113":{"start":{"line":114,"column":0},"end":{"line":114,"column":53}},"114":{"start":{"line":115,"column":0},"end":{"line":115,"column":49}},"116":{"start":{"line":117,"column":0},"end":{"line":117,"column":77}},"118":{"start":{"line":119,"column":0},"end":{"line":119,"column":45}},"119":{"start":{"line":120,"column":0},"end":{"line":120,"column":44}},"120":{"start":{"line":121,"column":0},"end":{"line":121,"column":67}},"121":{"start":{"line":122,"column":0},"end":{"line":122,"column":49}},"122":{"start":{"line":123,"column":0},"end":{"line":123,"column":42}},"123":{"start":{"line":124,"column":0},"end":{"line":124,"column":16}},"124":{"start":{"line":125,"column":0},"end":{"line":125,"column":45}},"125":{"start":{"line":126,"column":0},"end":{"line":126,"column":58}},"126":{"start":{"line":127,"column":0},"end":{"line":127,"column":58}},"127":{"start":{"line":128,"column":0},"end":{"line":128,"column":5}},"128":{"start":{"line":129,"column":0},"end":{"line":129,"column":32}},"129":{"start":{"line":130,"column":0},"end":{"line":130,"column":3}},"130":{"start":{"line":131,"column":0},"end":{"line":131,"column":28}},"131":{"start":{"line":132,"column":0},"end":{"line":132,"column":1}},"134":{"start":{"line":135,"column":0},"end":{"line":135,"column":80}},"135":{"start":{"line":136,"column":0},"end":{"line":136,"column":61}},"136":{"start":{"line":137,"column":0},"end":{"line":137,"column":19}},"137":{"start":{"line":138,"column":0},"end":{"line":138,"column":30}},"138":{"start":{"line":139,"column":0},"end":{"line":139,"column":50}},"139":{"start":{"line":140,"column":0},"end":{"line":140,"column":38}},"140":{"start":{"line":141,"column":0},"end":{"line":141,"column":30}},"141":{"start":{"line":142,"column":0},"end":{"line":142,"column":18}},"142":{"start":{"line":143,"column":0},"end":{"line":143,"column":23}},"143":{"start":{"line":144,"column":0},"end":{"line":144,"column":1}},"147":{"start":{"line":148,"column":0},"end":{"line":148,"column":63}},"148":{"start":{"line":149,"column":0},"end":{"line":149,"column":28}},"149":{"start":{"line":150,"column":0},"end":{"line":150,"column":39}},"150":{"start":{"line":151,"column":0},"end":{"line":151,"column":39}},"151":{"start":{"line":152,"column":0},"end":{"line":152,"column":16}},"152":{"start":{"line":153,"column":0},"end":{"line":153,"column":24}},"153":{"start":{"line":154,"column":0},"end":{"line":154,"column":39}},"154":{"start":{"line":155,"column":0},"end":{"line":155,"column":32}},"155":{"start":{"line":156,"column":0},"end":{"line":156,"column":37}},"156":{"start":{"line":157,"column":0},"end":{"line":157,"column":8}},"157":{"start":{"line":158,"column":0},"end":{"line":158,"column":3}},"158":{"start":{"line":159,"column":0},"end":{"line":159,"column":11}},"159":{"start":{"line":160,"column":0},"end":{"line":160,"column":1}},"167":{"start":{"line":168,"column":0},"end":{"line":168,"column":70}},"168":{"start":{"line":169,"column":0},"end":{"line":169,"column":17}},"169":{"start":{"line":170,"column":0},"end":{"line":170,"column":52}},"170":{"start":{"line":171,"column":0},"end":{"line":171,"column":80}},"171":{"start":{"line":172,"column":0},"end":{"line":172,"column":83}},"172":{"start":{"line":173,"column":0},"end":{"line":173,"column":83}},"173":{"start":{"line":174,"column":0},"end":{"line":174,"column":73}},"174":{"start":{"line":175,"column":0},"end":{"line":175,"column":73}},"175":{"start":{"line":176,"column":0},"end":{"line":176,"column":77}},"176":{"start":{"line":177,"column":0},"end":{"line":177,"column":76}},"177":{"start":{"line":178,"column":0},"end":{"line":178,"column":80}},"178":{"start":{"line":179,"column":0},"end":{"line":179,"column":80}},"179":{"start":{"line":180,"column":0},"end":{"line":180,"column":4}},"180":{"start":{"line":181,"column":0},"end":{"line":181,"column":12}},"182":{"start":{"line":183,"column":0},"end":{"line":183,"column":80}},"183":{"start":{"line":184,"column":0},"end":{"line":184,"column":80}},"184":{"start":{"line":185,"column":0},"end":{"line":185,"column":80}},"185":{"start":{"line":186,"column":0},"end":{"line":186,"column":80}},"186":{"start":{"line":187,"column":0},"end":{"line":187,"column":80}},"187":{"start":{"line":188,"column":0},"end":{"line":188,"column":80}},"188":{"start":{"line":189,"column":0},"end":{"line":189,"column":80}},"189":{"start":{"line":190,"column":0},"end":{"line":190,"column":4}},"190":{"start":{"line":191,"column":0},"end":{"line":191,"column":8}},"192":{"start":{"line":193,"column":0},"end":{"line":193,"column":80}},"193":{"start":{"line":194,"column":0},"end":{"line":194,"column":80}},"194":{"start":{"line":195,"column":0},"end":{"line":195,"column":80}},"195":{"start":{"line":196,"column":0},"end":{"line":196,"column":80}},"196":{"start":{"line":197,"column":0},"end":{"line":197,"column":80}},"197":{"start":{"line":198,"column":0},"end":{"line":198,"column":80}},"198":{"start":{"line":199,"column":0},"end":{"line":199,"column":80}},"199":{"start":{"line":200,"column":0},"end":{"line":200,"column":80}},"200":{"start":{"line":201,"column":0},"end":{"line":201,"column":80}},"201":{"start":{"line":202,"column":0},"end":{"line":202,"column":80}},"202":{"start":{"line":203,"column":0},"end":{"line":203,"column":80}},"203":{"start":{"line":204,"column":0},"end":{"line":204,"column":80}},"204":{"start":{"line":205,"column":0},"end":{"line":205,"column":80}},"205":{"start":{"line":206,"column":0},"end":{"line":206,"column":80}},"206":{"start":{"line":207,"column":0},"end":{"line":207,"column":80}},"207":{"start":{"line":208,"column":0},"end":{"line":208,"column":4}},"208":{"start":{"line":209,"column":0},"end":{"line":209,"column":7}},"210":{"start":{"line":211,"column":0},"end":{"line":211,"column":68}},"211":{"start":{"line":212,"column":0},"end":{"line":212,"column":68}},"212":{"start":{"line":213,"column":0},"end":{"line":213,"column":68}},"213":{"start":{"line":214,"column":0},"end":{"line":214,"column":68}},"214":{"start":{"line":215,"column":0},"end":{"line":215,"column":66}},"215":{"start":{"line":216,"column":0},"end":{"line":216,"column":66}},"216":{"start":{"line":217,"column":0},"end":{"line":217,"column":66}},"217":{"start":{"line":218,"column":0},"end":{"line":218,"column":66}},"218":{"start":{"line":219,"column":0},"end":{"line":219,"column":67}},"219":{"start":{"line":220,"column":0},"end":{"line":220,"column":70}},"220":{"start":{"line":221,"column":0},"end":{"line":221,"column":68}},"221":{"start":{"line":222,"column":0},"end":{"line":222,"column":67}},"222":{"start":{"line":223,"column":0},"end":{"line":223,"column":71}},"223":{"start":{"line":224,"column":0},"end":{"line":224,"column":69}},"224":{"start":{"line":225,"column":0},"end":{"line":225,"column":69}},"225":{"start":{"line":226,"column":0},"end":{"line":226,"column":72}},"226":{"start":{"line":227,"column":0},"end":{"line":227,"column":73}},"227":{"start":{"line":228,"column":0},"end":{"line":228,"column":75}},"228":{"start":{"line":229,"column":0},"end":{"line":229,"column":4}},"229":{"start":{"line":230,"column":0},"end":{"line":230,"column":15}},"231":{"start":{"line":232,"column":0},"end":{"line":232,"column":70}},"232":{"start":{"line":233,"column":0},"end":{"line":233,"column":70}},"233":{"start":{"line":234,"column":0},"end":{"line":234,"column":70}},"234":{"start":{"line":235,"column":0},"end":{"line":235,"column":70}},"235":{"start":{"line":236,"column":0},"end":{"line":236,"column":70}},"236":{"start":{"line":237,"column":0},"end":{"line":237,"column":70}},"237":{"start":{"line":238,"column":0},"end":{"line":238,"column":70}},"238":{"start":{"line":239,"column":0},"end":{"line":239,"column":70}},"239":{"start":{"line":240,"column":0},"end":{"line":240,"column":70}},"240":{"start":{"line":241,"column":0},"end":{"line":241,"column":70}},"241":{"start":{"line":242,"column":0},"end":{"line":242,"column":4}},"243":{"start":{"line":244,"column":0},"end":{"line":244,"column":13}},"244":{"start":{"line":245,"column":0},"end":{"line":245,"column":45}},"245":{"start":{"line":246,"column":0},"end":{"line":246,"column":45}},"246":{"start":{"line":247,"column":0},"end":{"line":247,"column":45}},"247":{"start":{"line":248,"column":0},"end":{"line":248,"column":45}},"248":{"start":{"line":249,"column":0},"end":{"line":249,"column":45}},"249":{"start":{"line":250,"column":0},"end":{"line":250,"column":45}},"250":{"start":{"line":251,"column":0},"end":{"line":251,"column":4}},"251":{"start":{"line":252,"column":0},"end":{"line":252,"column":2}},"255":{"start":{"line":256,"column":0},"end":{"line":256,"column":50}},"260":{"start":{"line":261,"column":0},"end":{"line":261,"column":172}},"263":{"start":{"line":264,"column":0},"end":{"line":264,"column":180}},"264":{"start":{"line":265,"column":0},"end":{"line":265,"column":162}},"266":{"start":{"line":267,"column":0},"end":{"line":267,"column":135}},"268":{"start":{"line":269,"column":0},"end":{"line":269,"column":137}},"269":{"start":{"line":270,"column":0},"end":{"line":270,"column":103}},"270":{"start":{"line":271,"column":0},"end":{"line":271,"column":90}},"272":{"start":{"line":273,"column":0},"end":{"line":273,"column":202}},"274":{"start":{"line":275,"column":0},"end":{"line":275,"column":202}},"276":{"start":{"line":277,"column":0},"end":{"line":277,"column":211}},"278":{"start":{"line":279,"column":0},"end":{"line":279,"column":138}},"280":{"start":{"line":281,"column":0},"end":{"line":281,"column":195}},"282":{"start":{"line":283,"column":0},"end":{"line":283,"column":73}},"283":{"start":{"line":284,"column":0},"end":{"line":284,"column":82}},"285":{"start":{"line":286,"column":0},"end":{"line":286,"column":122}},"287":{"start":{"line":288,"column":0},"end":{"line":288,"column":146}},"289":{"start":{"line":290,"column":0},"end":{"line":290,"column":123}},"291":{"start":{"line":292,"column":0},"end":{"line":292,"column":223}},"293":{"start":{"line":294,"column":0},"end":{"line":294,"column":125}},"294":{"start":{"line":295,"column":0},"end":{"line":295,"column":135}},"295":{"start":{"line":296,"column":0},"end":{"line":296,"column":143}},"297":{"start":{"line":298,"column":0},"end":{"line":298,"column":117}},"298":{"start":{"line":299,"column":0},"end":{"line":299,"column":73}},"299":{"start":{"line":300,"column":0},"end":{"line":300,"column":127}},"300":{"start":{"line":301,"column":0},"end":{"line":301,"column":83}},"301":{"start":{"line":302,"column":0},"end":{"line":302,"column":135}},"302":{"start":{"line":303,"column":0},"end":{"line":303,"column":91}},"304":{"start":{"line":305,"column":0},"end":{"line":305,"column":86}},"305":{"start":{"line":306,"column":0},"end":{"line":306,"column":85}},"310":{"start":{"line":311,"column":0},"end":{"line":311,"column":89}},"311":{"start":{"line":312,"column":0},"end":{"line":312,"column":71}},"314":{"start":{"line":315,"column":0},"end":{"line":315,"column":81}},"316":{"start":{"line":317,"column":0},"end":{"line":317,"column":65}},"319":{"start":{"line":320,"column":0},"end":{"line":320,"column":97}},"321":{"start":{"line":322,"column":0},"end":{"line":322,"column":86}},"322":{"start":{"line":323,"column":0},"end":{"line":323,"column":62}},"324":{"start":{"line":325,"column":0},"end":{"line":325,"column":71}},"326":{"start":{"line":327,"column":0},"end":{"line":327,"column":81}},"327":{"start":{"line":328,"column":0},"end":{"line":328,"column":79}},"328":{"start":{"line":329,"column":0},"end":{"line":329,"column":84}},"329":{"start":{"line":330,"column":0},"end":{"line":330,"column":75}},"332":{"start":{"line":333,"column":0},"end":{"line":333,"column":102}},"334":{"start":{"line":335,"column":0},"end":{"line":335,"column":101}},"337":{"start":{"line":338,"column":0},"end":{"line":338,"column":53}},"338":{"start":{"line":339,"column":0},"end":{"line":339,"column":75}},"339":{"start":{"line":340,"column":0},"end":{"line":340,"column":83}},"340":{"start":{"line":341,"column":0},"end":{"line":341,"column":91}},"341":{"start":{"line":342,"column":0},"end":{"line":342,"column":93}},"342":{"start":{"line":343,"column":0},"end":{"line":343,"column":69}},"343":{"start":{"line":344,"column":0},"end":{"line":344,"column":2}},"347":{"start":{"line":348,"column":0},"end":{"line":348,"column":57}},"349":{"start":{"line":350,"column":0},"end":{"line":350,"column":118}},"350":{"start":{"line":351,"column":0},"end":{"line":351,"column":39}},"351":{"start":{"line":352,"column":0},"end":{"line":352,"column":75}},"352":{"start":{"line":353,"column":0},"end":{"line":353,"column":3}},"353":{"start":{"line":354,"column":0},"end":{"line":354,"column":42}},"354":{"start":{"line":355,"column":0},"end":{"line":355,"column":12}},"355":{"start":{"line":356,"column":0},"end":{"line":356,"column":49}},"356":{"start":{"line":357,"column":0},"end":{"line":357,"column":137}},"357":{"start":{"line":358,"column":0},"end":{"line":358,"column":6}},"358":{"start":{"line":359,"column":0},"end":{"line":359,"column":3}},"361":{"start":{"line":362,"column":0},"end":{"line":362,"column":84}},"363":{"start":{"line":364,"column":0},"end":{"line":364,"column":100}},"367":{"start":{"line":368,"column":0},"end":{"line":368,"column":63}},"368":{"start":{"line":369,"column":0},"end":{"line":369,"column":3}},"369":{"start":{"line":370,"column":0},"end":{"line":370,"column":18}},"370":{"start":{"line":371,"column":0},"end":{"line":371,"column":50}},"371":{"start":{"line":372,"column":0},"end":{"line":372,"column":42}},"372":{"start":{"line":373,"column":0},"end":{"line":373,"column":47}},"373":{"start":{"line":374,"column":0},"end":{"line":374,"column":30}},"374":{"start":{"line":375,"column":0},"end":{"line":375,"column":5}},"375":{"start":{"line":376,"column":0},"end":{"line":376,"column":3}},"376":{"start":{"line":377,"column":0},"end":{"line":377,"column":47}},"377":{"start":{"line":378,"column":0},"end":{"line":378,"column":38}},"378":{"start":{"line":379,"column":0},"end":{"line":379,"column":65}},"381":{"start":{"line":382,"column":0},"end":{"line":382,"column":76}},"382":{"start":{"line":383,"column":0},"end":{"line":383,"column":100}},"383":{"start":{"line":384,"column":0},"end":{"line":384,"column":15}},"384":{"start":{"line":385,"column":0},"end":{"line":385,"column":61}},"385":{"start":{"line":386,"column":0},"end":{"line":386,"column":5}},"386":{"start":{"line":387,"column":0},"end":{"line":387,"column":3}},"387":{"start":{"line":388,"column":0},"end":{"line":388,"column":65}},"388":{"start":{"line":389,"column":0},"end":{"line":389,"column":66}},"390":{"start":{"line":391,"column":0},"end":{"line":391,"column":32}},"391":{"start":{"line":392,"column":0},"end":{"line":392,"column":44}},"392":{"start":{"line":393,"column":0},"end":{"line":393,"column":49}},"393":{"start":{"line":394,"column":0},"end":{"line":394,"column":46}},"394":{"start":{"line":395,"column":0},"end":{"line":395,"column":41}},"396":{"start":{"line":397,"column":0},"end":{"line":397,"column":45}},"399":{"start":{"line":400,"column":0},"end":{"line":400,"column":51}},"400":{"start":{"line":401,"column":0},"end":{"line":401,"column":41}},"401":{"start":{"line":402,"column":0},"end":{"line":402,"column":54}},"402":{"start":{"line":403,"column":0},"end":{"line":403,"column":34}},"403":{"start":{"line":404,"column":0},"end":{"line":404,"column":58}},"404":{"start":{"line":405,"column":0},"end":{"line":405,"column":37}},"405":{"start":{"line":406,"column":0},"end":{"line":406,"column":33}},"406":{"start":{"line":407,"column":0},"end":{"line":407,"column":57}},"407":{"start":{"line":408,"column":0},"end":{"line":408,"column":27}},"408":{"start":{"line":409,"column":0},"end":{"line":409,"column":25}},"409":{"start":{"line":410,"column":0},"end":{"line":410,"column":51}},"410":{"start":{"line":411,"column":0},"end":{"line":411,"column":56}},"411":{"start":{"line":412,"column":0},"end":{"line":412,"column":11}},"412":{"start":{"line":413,"column":0},"end":{"line":413,"column":7}},"413":{"start":{"line":414,"column":0},"end":{"line":414,"column":5}},"414":{"start":{"line":415,"column":0},"end":{"line":415,"column":3}},"416":{"start":{"line":417,"column":0},"end":{"line":417,"column":30}},"419":{"start":{"line":420,"column":0},"end":{"line":420,"column":31}},"420":{"start":{"line":421,"column":0},"end":{"line":421,"column":42}},"421":{"start":{"line":422,"column":0},"end":{"line":422,"column":63}},"422":{"start":{"line":423,"column":0},"end":{"line":423,"column":49}},"424":{"start":{"line":425,"column":0},"end":{"line":425,"column":93}},"425":{"start":{"line":426,"column":0},"end":{"line":426,"column":41}},"426":{"start":{"line":427,"column":0},"end":{"line":427,"column":15}},"428":{"start":{"line":429,"column":0},"end":{"line":429,"column":76}},"429":{"start":{"line":430,"column":0},"end":{"line":430,"column":58}},"430":{"start":{"line":431,"column":0},"end":{"line":431,"column":110}},"431":{"start":{"line":432,"column":0},"end":{"line":432,"column":24}},"432":{"start":{"line":433,"column":0},"end":{"line":433,"column":25}},"433":{"start":{"line":434,"column":0},"end":{"line":434,"column":85}},"434":{"start":{"line":435,"column":0},"end":{"line":435,"column":72}},"435":{"start":{"line":436,"column":0},"end":{"line":436,"column":83}},"436":{"start":{"line":437,"column":0},"end":{"line":437,"column":9}},"437":{"start":{"line":438,"column":0},"end":{"line":438,"column":15}},"438":{"start":{"line":439,"column":0},"end":{"line":439,"column":5}},"439":{"start":{"line":440,"column":0},"end":{"line":440,"column":25}},"440":{"start":{"line":441,"column":0},"end":{"line":441,"column":31}},"441":{"start":{"line":442,"column":0},"end":{"line":442,"column":29}},"443":{"start":{"line":444,"column":0},"end":{"line":444,"column":35}},"444":{"start":{"line":445,"column":0},"end":{"line":445,"column":34}},"445":{"start":{"line":446,"column":0},"end":{"line":446,"column":31}},"446":{"start":{"line":447,"column":0},"end":{"line":447,"column":55}},"447":{"start":{"line":448,"column":0},"end":{"line":448,"column":27}},"448":{"start":{"line":449,"column":0},"end":{"line":449,"column":23}},"449":{"start":{"line":450,"column":0},"end":{"line":450,"column":49}},"450":{"start":{"line":451,"column":0},"end":{"line":451,"column":56}},"451":{"start":{"line":452,"column":0},"end":{"line":452,"column":11}},"452":{"start":{"line":453,"column":0},"end":{"line":453,"column":7}},"453":{"start":{"line":454,"column":0},"end":{"line":454,"column":12}},"454":{"start":{"line":455,"column":0},"end":{"line":455,"column":78}},"455":{"start":{"line":456,"column":0},"end":{"line":456,"column":61}},"456":{"start":{"line":457,"column":0},"end":{"line":457,"column":67}},"457":{"start":{"line":458,"column":0},"end":{"line":458,"column":24}},"458":{"start":{"line":459,"column":0},"end":{"line":459,"column":28}},"459":{"start":{"line":460,"column":0},"end":{"line":460,"column":71}},"460":{"start":{"line":461,"column":0},"end":{"line":461,"column":71}},"461":{"start":{"line":462,"column":0},"end":{"line":462,"column":83}},"462":{"start":{"line":463,"column":0},"end":{"line":463,"column":9}},"463":{"start":{"line":464,"column":0},"end":{"line":464,"column":5}},"464":{"start":{"line":465,"column":0},"end":{"line":465,"column":3}},"467":{"start":{"line":468,"column":0},"end":{"line":468,"column":73}},"471":{"start":{"line":472,"column":0},"end":{"line":472,"column":61}},"473":{"start":{"line":474,"column":0},"end":{"line":474,"column":38}},"474":{"start":{"line":475,"column":0},"end":{"line":475,"column":28}},"476":{"start":{"line":477,"column":0},"end":{"line":477,"column":43}},"477":{"start":{"line":478,"column":0},"end":{"line":478,"column":22}},"478":{"start":{"line":479,"column":0},"end":{"line":479,"column":50}},"479":{"start":{"line":480,"column":0},"end":{"line":480,"column":36}},"480":{"start":{"line":481,"column":0},"end":{"line":481,"column":5}},"482":{"start":{"line":483,"column":0},"end":{"line":483,"column":30}},"483":{"start":{"line":484,"column":0},"end":{"line":484,"column":45}},"484":{"start":{"line":485,"column":0},"end":{"line":485,"column":35}},"485":{"start":{"line":486,"column":0},"end":{"line":486,"column":5}},"486":{"start":{"line":487,"column":0},"end":{"line":487,"column":21}},"487":{"start":{"line":488,"column":0},"end":{"line":488,"column":3}},"490":{"start":{"line":491,"column":0},"end":{"line":491,"column":45}},"491":{"start":{"line":492,"column":0},"end":{"line":492,"column":64}},"492":{"start":{"line":493,"column":0},"end":{"line":493,"column":3}},"498":{"start":{"line":499,"column":0},"end":{"line":499,"column":43}},"500":{"start":{"line":501,"column":0},"end":{"line":501,"column":32}},"501":{"start":{"line":502,"column":0},"end":{"line":502,"column":39}},"502":{"start":{"line":503,"column":0},"end":{"line":503,"column":61}},"503":{"start":{"line":504,"column":0},"end":{"line":504,"column":50}},"504":{"start":{"line":505,"column":0},"end":{"line":505,"column":41}},"505":{"start":{"line":506,"column":0},"end":{"line":506,"column":82}},"506":{"start":{"line":507,"column":0},"end":{"line":507,"column":78}},"507":{"start":{"line":508,"column":0},"end":{"line":508,"column":78}},"509":{"start":{"line":510,"column":0},"end":{"line":510,"column":32}},"510":{"start":{"line":511,"column":0},"end":{"line":511,"column":16}},"511":{"start":{"line":512,"column":0},"end":{"line":512,"column":22}},"512":{"start":{"line":513,"column":0},"end":{"line":513,"column":20}},"513":{"start":{"line":514,"column":0},"end":{"line":514,"column":52}},"514":{"start":{"line":515,"column":0},"end":{"line":515,"column":14}},"515":{"start":{"line":516,"column":0},"end":{"line":516,"column":60}},"516":{"start":{"line":517,"column":0},"end":{"line":517,"column":66}},"517":{"start":{"line":518,"column":0},"end":{"line":518,"column":8}},"518":{"start":{"line":519,"column":0},"end":{"line":519,"column":6}},"519":{"start":{"line":520,"column":0},"end":{"line":520,"column":24}},"520":{"start":{"line":521,"column":0},"end":{"line":521,"column":48}},"521":{"start":{"line":522,"column":0},"end":{"line":522,"column":91}},"522":{"start":{"line":523,"column":0},"end":{"line":523,"column":3}},"525":{"start":{"line":526,"column":0},"end":{"line":526,"column":50}},"528":{"start":{"line":529,"column":0},"end":{"line":529,"column":38}},"530":{"start":{"line":531,"column":0},"end":{"line":531,"column":41}},"531":{"start":{"line":532,"column":0},"end":{"line":532,"column":70}},"532":{"start":{"line":533,"column":0},"end":{"line":533,"column":6}},"533":{"start":{"line":534,"column":0},"end":{"line":534,"column":16}},"534":{"start":{"line":535,"column":0},"end":{"line":535,"column":24}},"535":{"start":{"line":536,"column":0},"end":{"line":536,"column":64}},"536":{"start":{"line":537,"column":0},"end":{"line":537,"column":27}},"537":{"start":{"line":538,"column":0},"end":{"line":538,"column":27}},"538":{"start":{"line":539,"column":0},"end":{"line":539,"column":28}},"539":{"start":{"line":540,"column":0},"end":{"line":540,"column":17}},"540":{"start":{"line":541,"column":0},"end":{"line":541,"column":9}},"541":{"start":{"line":542,"column":0},"end":{"line":542,"column":5}},"542":{"start":{"line":543,"column":0},"end":{"line":543,"column":3}},"545":{"start":{"line":546,"column":0},"end":{"line":546,"column":71}},"546":{"start":{"line":547,"column":0},"end":{"line":547,"column":71}},"547":{"start":{"line":548,"column":0},"end":{"line":548,"column":3}},"552":{"start":{"line":553,"column":0},"end":{"line":553,"column":39}},"554":{"start":{"line":555,"column":0},"end":{"line":555,"column":30}},"555":{"start":{"line":556,"column":0},"end":{"line":556,"column":41}},"556":{"start":{"line":557,"column":0},"end":{"line":557,"column":61}},"557":{"start":{"line":558,"column":0},"end":{"line":558,"column":54}},"558":{"start":{"line":559,"column":0},"end":{"line":559,"column":68}},"559":{"start":{"line":560,"column":0},"end":{"line":560,"column":84}},"561":{"start":{"line":562,"column":0},"end":{"line":562,"column":42}},"563":{"start":{"line":564,"column":0},"end":{"line":564,"column":76}},"564":{"start":{"line":565,"column":0},"end":{"line":565,"column":34}},"565":{"start":{"line":566,"column":0},"end":{"line":566,"column":37}},"566":{"start":{"line":567,"column":0},"end":{"line":567,"column":20}},"567":{"start":{"line":568,"column":0},"end":{"line":568,"column":22}},"568":{"start":{"line":569,"column":0},"end":{"line":569,"column":48}},"569":{"start":{"line":570,"column":0},"end":{"line":570,"column":19}},"570":{"start":{"line":571,"column":0},"end":{"line":571,"column":50}},"571":{"start":{"line":572,"column":0},"end":{"line":572,"column":22}},"572":{"start":{"line":573,"column":0},"end":{"line":573,"column":14}},"573":{"start":{"line":574,"column":0},"end":{"line":574,"column":56}},"574":{"start":{"line":575,"column":0},"end":{"line":575,"column":79}},"575":{"start":{"line":576,"column":0},"end":{"line":576,"column":8}},"576":{"start":{"line":577,"column":0},"end":{"line":577,"column":6}},"577":{"start":{"line":578,"column":0},"end":{"line":578,"column":26}},"578":{"start":{"line":579,"column":0},"end":{"line":579,"column":40}},"581":{"start":{"line":582,"column":0},"end":{"line":582,"column":86}},"582":{"start":{"line":583,"column":0},"end":{"line":583,"column":100}},"585":{"start":{"line":586,"column":0},"end":{"line":586,"column":56}},"586":{"start":{"line":587,"column":0},"end":{"line":587,"column":19}},"587":{"start":{"line":588,"column":0},"end":{"line":588,"column":24}},"588":{"start":{"line":589,"column":0},"end":{"line":589,"column":66}},"589":{"start":{"line":590,"column":0},"end":{"line":590,"column":30}},"590":{"start":{"line":591,"column":0},"end":{"line":591,"column":31}},"591":{"start":{"line":592,"column":0},"end":{"line":592,"column":28}},"592":{"start":{"line":593,"column":0},"end":{"line":593,"column":17}},"593":{"start":{"line":594,"column":0},"end":{"line":594,"column":9}},"594":{"start":{"line":595,"column":0},"end":{"line":595,"column":5}},"595":{"start":{"line":596,"column":0},"end":{"line":596,"column":3}},"599":{"start":{"line":600,"column":0},"end":{"line":600,"column":39}},"600":{"start":{"line":601,"column":0},"end":{"line":601,"column":36}},"601":{"start":{"line":602,"column":0},"end":{"line":602,"column":45}},"602":{"start":{"line":603,"column":0},"end":{"line":603,"column":94}},"603":{"start":{"line":604,"column":0},"end":{"line":604,"column":29}},"604":{"start":{"line":605,"column":0},"end":{"line":605,"column":28}},"605":{"start":{"line":606,"column":0},"end":{"line":606,"column":70}},"606":{"start":{"line":607,"column":0},"end":{"line":607,"column":68}},"607":{"start":{"line":608,"column":0},"end":{"line":608,"column":36}},"608":{"start":{"line":609,"column":0},"end":{"line":609,"column":55}},"609":{"start":{"line":610,"column":0},"end":{"line":610,"column":22}},"610":{"start":{"line":611,"column":0},"end":{"line":611,"column":24}},"611":{"start":{"line":612,"column":0},"end":{"line":612,"column":19}},"612":{"start":{"line":613,"column":0},"end":{"line":613,"column":53}},"613":{"start":{"line":614,"column":0},"end":{"line":614,"column":22}},"614":{"start":{"line":615,"column":0},"end":{"line":615,"column":14}},"615":{"start":{"line":616,"column":0},"end":{"line":616,"column":56}},"616":{"start":{"line":617,"column":0},"end":{"line":617,"column":54}},"617":{"start":{"line":618,"column":0},"end":{"line":618,"column":8}},"618":{"start":{"line":619,"column":0},"end":{"line":619,"column":6}},"619":{"start":{"line":620,"column":0},"end":{"line":620,"column":28}},"623":{"start":{"line":624,"column":0},"end":{"line":624,"column":85}},"624":{"start":{"line":625,"column":0},"end":{"line":625,"column":21}},"625":{"start":{"line":626,"column":0},"end":{"line":626,"column":24}},"626":{"start":{"line":627,"column":0},"end":{"line":627,"column":76}},"627":{"start":{"line":628,"column":0},"end":{"line":628,"column":32}},"628":{"start":{"line":629,"column":0},"end":{"line":629,"column":33}},"629":{"start":{"line":630,"column":0},"end":{"line":630,"column":28}},"630":{"start":{"line":631,"column":0},"end":{"line":631,"column":17}},"631":{"start":{"line":632,"column":0},"end":{"line":632,"column":9}},"632":{"start":{"line":633,"column":0},"end":{"line":633,"column":24}},"634":{"start":{"line":635,"column":0},"end":{"line":635,"column":50}},"635":{"start":{"line":636,"column":0},"end":{"line":636,"column":21}},"636":{"start":{"line":637,"column":0},"end":{"line":637,"column":26}},"637":{"start":{"line":638,"column":0},"end":{"line":638,"column":82}},"638":{"start":{"line":639,"column":0},"end":{"line":639,"column":32}},"639":{"start":{"line":640,"column":0},"end":{"line":640,"column":35}},"640":{"start":{"line":641,"column":0},"end":{"line":641,"column":30}},"641":{"start":{"line":642,"column":0},"end":{"line":642,"column":19}},"642":{"start":{"line":643,"column":0},"end":{"line":643,"column":11}},"643":{"start":{"line":644,"column":0},"end":{"line":644,"column":7}},"644":{"start":{"line":645,"column":0},"end":{"line":645,"column":5}},"647":{"start":{"line":648,"column":0},"end":{"line":648,"column":3}},"651":{"start":{"line":652,"column":0},"end":{"line":652,"column":28}},"652":{"start":{"line":653,"column":0},"end":{"line":653,"column":36}},"654":{"start":{"line":655,"column":0},"end":{"line":655,"column":54}},"655":{"start":{"line":656,"column":0},"end":{"line":656,"column":64}},"656":{"start":{"line":657,"column":0},"end":{"line":657,"column":43}},"657":{"start":{"line":658,"column":0},"end":{"line":658,"column":100}},"658":{"start":{"line":659,"column":0},"end":{"line":659,"column":35}},"660":{"start":{"line":661,"column":0},"end":{"line":661,"column":75}},"661":{"start":{"line":662,"column":0},"end":{"line":662,"column":79}},"662":{"start":{"line":663,"column":0},"end":{"line":663,"column":81}},"664":{"start":{"line":665,"column":0},"end":{"line":665,"column":75}},"665":{"start":{"line":666,"column":0},"end":{"line":666,"column":54}},"666":{"start":{"line":667,"column":0},"end":{"line":667,"column":29}},"667":{"start":{"line":668,"column":0},"end":{"line":668,"column":9}},"668":{"start":{"line":669,"column":0},"end":{"line":669,"column":11}},"669":{"start":{"line":670,"column":0},"end":{"line":670,"column":11}},"670":{"start":{"line":671,"column":0},"end":{"line":671,"column":26}},"671":{"start":{"line":672,"column":0},"end":{"line":672,"column":31}},"672":{"start":{"line":673,"column":0},"end":{"line":673,"column":50}},"673":{"start":{"line":674,"column":0},"end":{"line":674,"column":19}},"674":{"start":{"line":675,"column":0},"end":{"line":675,"column":21}},"675":{"start":{"line":676,"column":0},"end":{"line":676,"column":22}},"676":{"start":{"line":677,"column":0},"end":{"line":677,"column":14}},"677":{"start":{"line":678,"column":0},"end":{"line":678,"column":60}},"678":{"start":{"line":679,"column":0},"end":{"line":679,"column":66}},"679":{"start":{"line":680,"column":0},"end":{"line":680,"column":8}},"680":{"start":{"line":681,"column":0},"end":{"line":681,"column":6}},"683":{"start":{"line":684,"column":0},"end":{"line":684,"column":33}},"684":{"start":{"line":685,"column":0},"end":{"line":685,"column":62}},"685":{"start":{"line":686,"column":0},"end":{"line":686,"column":59}},"686":{"start":{"line":687,"column":0},"end":{"line":687,"column":24}},"687":{"start":{"line":688,"column":0},"end":{"line":688,"column":28}},"688":{"start":{"line":689,"column":0},"end":{"line":689,"column":70}},"689":{"start":{"line":690,"column":0},"end":{"line":690,"column":69}},"690":{"start":{"line":691,"column":0},"end":{"line":691,"column":9}},"691":{"start":{"line":692,"column":0},"end":{"line":692,"column":5}},"692":{"start":{"line":693,"column":0},"end":{"line":693,"column":27}},"694":{"start":{"line":695,"column":0},"end":{"line":695,"column":21}},"695":{"start":{"line":696,"column":0},"end":{"line":696,"column":30}},"698":{"start":{"line":699,"column":0},"end":{"line":699,"column":51}},"699":{"start":{"line":700,"column":0},"end":{"line":700,"column":19}},"700":{"start":{"line":701,"column":0},"end":{"line":701,"column":24}},"701":{"start":{"line":702,"column":0},"end":{"line":702,"column":61}},"702":{"start":{"line":703,"column":0},"end":{"line":703,"column":30}},"703":{"start":{"line":704,"column":0},"end":{"line":704,"column":21}},"704":{"start":{"line":705,"column":0},"end":{"line":705,"column":28}},"705":{"start":{"line":706,"column":0},"end":{"line":706,"column":17}},"706":{"start":{"line":707,"column":0},"end":{"line":707,"column":9}},"707":{"start":{"line":708,"column":0},"end":{"line":708,"column":5}},"710":{"start":{"line":711,"column":0},"end":{"line":711,"column":22}},"711":{"start":{"line":712,"column":0},"end":{"line":712,"column":49}},"712":{"start":{"line":713,"column":0},"end":{"line":713,"column":38}},"713":{"start":{"line":714,"column":0},"end":{"line":714,"column":75}},"714":{"start":{"line":715,"column":0},"end":{"line":715,"column":61}},"715":{"start":{"line":716,"column":0},"end":{"line":716,"column":88}},"716":{"start":{"line":717,"column":0},"end":{"line":717,"column":67}},"717":{"start":{"line":718,"column":0},"end":{"line":718,"column":26}},"718":{"start":{"line":719,"column":0},"end":{"line":719,"column":30}},"719":{"start":{"line":720,"column":0},"end":{"line":720,"column":67}},"720":{"start":{"line":721,"column":0},"end":{"line":721,"column":78}},"721":{"start":{"line":722,"column":0},"end":{"line":722,"column":85}},"722":{"start":{"line":723,"column":0},"end":{"line":723,"column":11}},"723":{"start":{"line":724,"column":0},"end":{"line":724,"column":7}},"724":{"start":{"line":725,"column":0},"end":{"line":725,"column":24}},"725":{"start":{"line":726,"column":0},"end":{"line":726,"column":59}},"726":{"start":{"line":727,"column":0},"end":{"line":727,"column":21}},"727":{"start":{"line":728,"column":0},"end":{"line":728,"column":44}},"728":{"start":{"line":729,"column":0},"end":{"line":729,"column":27}},"729":{"start":{"line":730,"column":0},"end":{"line":730,"column":30}},"730":{"start":{"line":731,"column":0},"end":{"line":731,"column":9}},"731":{"start":{"line":732,"column":0},"end":{"line":732,"column":5}},"732":{"start":{"line":733,"column":0},"end":{"line":733,"column":3}},"736":{"start":{"line":737,"column":0},"end":{"line":737,"column":41}},"737":{"start":{"line":738,"column":0},"end":{"line":738,"column":28}},"738":{"start":{"line":739,"column":0},"end":{"line":739,"column":54}},"739":{"start":{"line":740,"column":0},"end":{"line":740,"column":71}},"740":{"start":{"line":741,"column":0},"end":{"line":741,"column":67}},"741":{"start":{"line":742,"column":0},"end":{"line":742,"column":3}},"743":{"start":{"line":744,"column":0},"end":{"line":744,"column":49}},"746":{"start":{"line":747,"column":0},"end":{"line":747,"column":64}},"747":{"start":{"line":748,"column":0},"end":{"line":748,"column":74}},"748":{"start":{"line":749,"column":0},"end":{"line":749,"column":51}},"749":{"start":{"line":750,"column":0},"end":{"line":750,"column":3}},"753":{"start":{"line":754,"column":0},"end":{"line":754,"column":34}},"754":{"start":{"line":755,"column":0},"end":{"line":755,"column":45}},"755":{"start":{"line":756,"column":0},"end":{"line":756,"column":29}},"756":{"start":{"line":757,"column":0},"end":{"line":757,"column":44}},"757":{"start":{"line":758,"column":0},"end":{"line":758,"column":48}},"759":{"start":{"line":760,"column":0},"end":{"line":760,"column":47}},"760":{"start":{"line":761,"column":0},"end":{"line":761,"column":71}},"761":{"start":{"line":762,"column":0},"end":{"line":762,"column":44}},"762":{"start":{"line":763,"column":0},"end":{"line":763,"column":8}},"763":{"start":{"line":764,"column":0},"end":{"line":764,"column":61}},"764":{"start":{"line":765,"column":0},"end":{"line":765,"column":24}},"765":{"start":{"line":766,"column":0},"end":{"line":766,"column":64}},"766":{"start":{"line":767,"column":0},"end":{"line":767,"column":30}},"767":{"start":{"line":768,"column":0},"end":{"line":768,"column":31}},"768":{"start":{"line":769,"column":0},"end":{"line":769,"column":28}},"769":{"start":{"line":770,"column":0},"end":{"line":770,"column":17}},"770":{"start":{"line":771,"column":0},"end":{"line":771,"column":9}},"771":{"start":{"line":772,"column":0},"end":{"line":772,"column":5}},"772":{"start":{"line":773,"column":0},"end":{"line":773,"column":3}},"778":{"start":{"line":779,"column":0},"end":{"line":779,"column":129}},"779":{"start":{"line":780,"column":0},"end":{"line":780,"column":26}},"780":{"start":{"line":781,"column":0},"end":{"line":781,"column":52}},"781":{"start":{"line":782,"column":0},"end":{"line":782,"column":46}},"782":{"start":{"line":783,"column":0},"end":{"line":783,"column":54}},"783":{"start":{"line":784,"column":0},"end":{"line":784,"column":43}},"784":{"start":{"line":785,"column":0},"end":{"line":785,"column":37}},"785":{"start":{"line":786,"column":0},"end":{"line":786,"column":43}},"786":{"start":{"line":787,"column":0},"end":{"line":787,"column":29}},"787":{"start":{"line":788,"column":0},"end":{"line":788,"column":68}},"788":{"start":{"line":789,"column":0},"end":{"line":789,"column":78}},"789":{"start":{"line":790,"column":0},"end":{"line":790,"column":67}},"790":{"start":{"line":791,"column":0},"end":{"line":791,"column":18}},"791":{"start":{"line":792,"column":0},"end":{"line":792,"column":70}},"792":{"start":{"line":793,"column":0},"end":{"line":793,"column":54}},"793":{"start":{"line":794,"column":0},"end":{"line":794,"column":106}},"794":{"start":{"line":795,"column":0},"end":{"line":795,"column":9}},"795":{"start":{"line":796,"column":0},"end":{"line":796,"column":51}},"796":{"start":{"line":797,"column":0},"end":{"line":797,"column":69}},"797":{"start":{"line":798,"column":0},"end":{"line":798,"column":53}},"798":{"start":{"line":799,"column":0},"end":{"line":799,"column":21}},"799":{"start":{"line":800,"column":0},"end":{"line":800,"column":151}},"800":{"start":{"line":801,"column":0},"end":{"line":801,"column":7}},"801":{"start":{"line":802,"column":0},"end":{"line":802,"column":24}},"802":{"start":{"line":803,"column":0},"end":{"line":803,"column":51}},"803":{"start":{"line":804,"column":0},"end":{"line":804,"column":175}},"804":{"start":{"line":805,"column":0},"end":{"line":805,"column":7}},"805":{"start":{"line":806,"column":0},"end":{"line":806,"column":5}},"806":{"start":{"line":807,"column":0},"end":{"line":807,"column":3}},"809":{"start":{"line":810,"column":0},"end":{"line":810,"column":32}},"810":{"start":{"line":811,"column":0},"end":{"line":811,"column":58}},"811":{"start":{"line":812,"column":0},"end":{"line":812,"column":40}},"812":{"start":{"line":813,"column":0},"end":{"line":813,"column":24}},"813":{"start":{"line":814,"column":0},"end":{"line":814,"column":32}},"814":{"start":{"line":815,"column":0},"end":{"line":815,"column":44}},"815":{"start":{"line":816,"column":0},"end":{"line":816,"column":33}},"816":{"start":{"line":817,"column":0},"end":{"line":817,"column":35}},"817":{"start":{"line":818,"column":0},"end":{"line":818,"column":41}},"818":{"start":{"line":819,"column":0},"end":{"line":819,"column":27}},"819":{"start":{"line":820,"column":0},"end":{"line":820,"column":66}},"820":{"start":{"line":821,"column":0},"end":{"line":821,"column":76}},"821":{"start":{"line":822,"column":0},"end":{"line":822,"column":65}},"822":{"start":{"line":823,"column":0},"end":{"line":823,"column":16}},"823":{"start":{"line":824,"column":0},"end":{"line":824,"column":68}},"824":{"start":{"line":825,"column":0},"end":{"line":825,"column":52}},"825":{"start":{"line":826,"column":0},"end":{"line":826,"column":104}},"826":{"start":{"line":827,"column":0},"end":{"line":827,"column":7}},"827":{"start":{"line":828,"column":0},"end":{"line":828,"column":49}},"828":{"start":{"line":829,"column":0},"end":{"line":829,"column":67}},"829":{"start":{"line":830,"column":0},"end":{"line":830,"column":51}},"830":{"start":{"line":831,"column":0},"end":{"line":831,"column":19}},"831":{"start":{"line":832,"column":0},"end":{"line":832,"column":149}},"832":{"start":{"line":833,"column":0},"end":{"line":833,"column":5}},"833":{"start":{"line":834,"column":0},"end":{"line":834,"column":22}},"834":{"start":{"line":835,"column":0},"end":{"line":835,"column":49}},"835":{"start":{"line":836,"column":0},"end":{"line":836,"column":173}},"836":{"start":{"line":837,"column":0},"end":{"line":837,"column":5}},"837":{"start":{"line":838,"column":0},"end":{"line":838,"column":3}},"840":{"start":{"line":841,"column":0},"end":{"line":841,"column":33}},"841":{"start":{"line":842,"column":0},"end":{"line":842,"column":48}},"842":{"start":{"line":843,"column":0},"end":{"line":843,"column":58}},"843":{"start":{"line":844,"column":0},"end":{"line":844,"column":66}},"844":{"start":{"line":845,"column":0},"end":{"line":845,"column":35}},"845":{"start":{"line":846,"column":0},"end":{"line":846,"column":40}},"846":{"start":{"line":847,"column":0},"end":{"line":847,"column":3}},"847":{"start":{"line":848,"column":0},"end":{"line":848,"column":49}},"852":{"start":{"line":853,"column":0},"end":{"line":853,"column":45}},"853":{"start":{"line":854,"column":0},"end":{"line":854,"column":3}},"855":{"start":{"line":856,"column":0},"end":{"line":856,"column":32}},"856":{"start":{"line":857,"column":0},"end":{"line":857,"column":35}},"857":{"start":{"line":858,"column":0},"end":{"line":858,"column":55}},"858":{"start":{"line":859,"column":0},"end":{"line":859,"column":67}},"859":{"start":{"line":860,"column":0},"end":{"line":860,"column":109}},"860":{"start":{"line":861,"column":0},"end":{"line":861,"column":5}},"862":{"start":{"line":863,"column":0},"end":{"line":863,"column":40}},"863":{"start":{"line":864,"column":0},"end":{"line":864,"column":63}},"865":{"start":{"line":866,"column":0},"end":{"line":866,"column":67}},"866":{"start":{"line":867,"column":0},"end":{"line":867,"column":57}},"868":{"start":{"line":869,"column":0},"end":{"line":869,"column":87}},"869":{"start":{"line":870,"column":0},"end":{"line":870,"column":29}},"870":{"start":{"line":871,"column":0},"end":{"line":871,"column":66}},"871":{"start":{"line":872,"column":0},"end":{"line":872,"column":67}},"872":{"start":{"line":873,"column":0},"end":{"line":873,"column":48}},"873":{"start":{"line":874,"column":0},"end":{"line":874,"column":5}},"875":{"start":{"line":876,"column":0},"end":{"line":876,"column":72}},"876":{"start":{"line":877,"column":0},"end":{"line":877,"column":83}},"877":{"start":{"line":878,"column":0},"end":{"line":878,"column":94}},"878":{"start":{"line":879,"column":0},"end":{"line":879,"column":49}},"879":{"start":{"line":880,"column":0},"end":{"line":880,"column":50}},"880":{"start":{"line":881,"column":0},"end":{"line":881,"column":45}},"881":{"start":{"line":882,"column":0},"end":{"line":882,"column":31}},"882":{"start":{"line":883,"column":0},"end":{"line":883,"column":68}},"883":{"start":{"line":884,"column":0},"end":{"line":884,"column":69}},"884":{"start":{"line":885,"column":0},"end":{"line":885,"column":50}},"885":{"start":{"line":886,"column":0},"end":{"line":886,"column":7}},"886":{"start":{"line":887,"column":0},"end":{"line":887,"column":5}},"888":{"start":{"line":889,"column":0},"end":{"line":889,"column":66}},"889":{"start":{"line":890,"column":0},"end":{"line":890,"column":55}},"890":{"start":{"line":891,"column":0},"end":{"line":891,"column":67}},"891":{"start":{"line":892,"column":0},"end":{"line":892,"column":83}},"892":{"start":{"line":893,"column":0},"end":{"line":893,"column":5}},"893":{"start":{"line":894,"column":0},"end":{"line":894,"column":66}},"894":{"start":{"line":895,"column":0},"end":{"line":895,"column":55}},"895":{"start":{"line":896,"column":0},"end":{"line":896,"column":67}},"896":{"start":{"line":897,"column":0},"end":{"line":897,"column":83}},"897":{"start":{"line":898,"column":0},"end":{"line":898,"column":5}},"898":{"start":{"line":899,"column":0},"end":{"line":899,"column":53}},"899":{"start":{"line":900,"column":0},"end":{"line":900,"column":3}},"904":{"start":{"line":905,"column":0},"end":{"line":905,"column":3}},"905":{"start":{"line":906,"column":0},"end":{"line":906,"column":40}},"906":{"start":{"line":907,"column":0},"end":{"line":907,"column":35}},"907":{"start":{"line":908,"column":0},"end":{"line":908,"column":63}},"909":{"start":{"line":910,"column":0},"end":{"line":910,"column":52}},"910":{"start":{"line":911,"column":0},"end":{"line":911,"column":67}},"911":{"start":{"line":912,"column":0},"end":{"line":912,"column":87}},"913":{"start":{"line":914,"column":0},"end":{"line":914,"column":87}},"914":{"start":{"line":915,"column":0},"end":{"line":915,"column":28}},"915":{"start":{"line":916,"column":0},"end":{"line":916,"column":77}},"916":{"start":{"line":917,"column":0},"end":{"line":917,"column":70}},"918":{"start":{"line":919,"column":0},"end":{"line":919,"column":48}},"919":{"start":{"line":920,"column":0},"end":{"line":920,"column":32}},"920":{"start":{"line":921,"column":0},"end":{"line":921,"column":28}},"921":{"start":{"line":922,"column":0},"end":{"line":922,"column":32}},"922":{"start":{"line":923,"column":0},"end":{"line":923,"column":72}},"925":{"start":{"line":926,"column":0},"end":{"line":926,"column":68}},"926":{"start":{"line":927,"column":0},"end":{"line":927,"column":50}},"927":{"start":{"line":928,"column":0},"end":{"line":928,"column":87}},"930":{"start":{"line":931,"column":0},"end":{"line":931,"column":63}},"932":{"start":{"line":933,"column":0},"end":{"line":933,"column":102}},"933":{"start":{"line":934,"column":0},"end":{"line":934,"column":67}},"934":{"start":{"line":935,"column":0},"end":{"line":935,"column":65}},"935":{"start":{"line":936,"column":0},"end":{"line":936,"column":67}},"936":{"start":{"line":937,"column":0},"end":{"line":937,"column":40}},"937":{"start":{"line":938,"column":0},"end":{"line":938,"column":54}},"938":{"start":{"line":939,"column":0},"end":{"line":939,"column":42}},"939":{"start":{"line":940,"column":0},"end":{"line":940,"column":50}},"940":{"start":{"line":941,"column":0},"end":{"line":941,"column":54}},"941":{"start":{"line":942,"column":0},"end":{"line":942,"column":106}},"942":{"start":{"line":943,"column":0},"end":{"line":943,"column":8}},"943":{"start":{"line":944,"column":0},"end":{"line":944,"column":32}},"944":{"start":{"line":945,"column":0},"end":{"line":945,"column":64}},"945":{"start":{"line":946,"column":0},"end":{"line":946,"column":77}},"948":{"start":{"line":949,"column":0},"end":{"line":949,"column":34}},"949":{"start":{"line":950,"column":0},"end":{"line":950,"column":64}},"950":{"start":{"line":951,"column":0},"end":{"line":951,"column":26}},"951":{"start":{"line":952,"column":0},"end":{"line":952,"column":58}},"952":{"start":{"line":953,"column":0},"end":{"line":953,"column":103}},"953":{"start":{"line":954,"column":0},"end":{"line":954,"column":11}},"954":{"start":{"line":955,"column":0},"end":{"line":955,"column":7}},"955":{"start":{"line":956,"column":0},"end":{"line":956,"column":5}},"956":{"start":{"line":957,"column":0},"end":{"line":957,"column":3}},"959":{"start":{"line":960,"column":0},"end":{"line":960,"column":3}},"960":{"start":{"line":961,"column":0},"end":{"line":961,"column":68}},"961":{"start":{"line":962,"column":0},"end":{"line":962,"column":85}},"962":{"start":{"line":963,"column":0},"end":{"line":963,"column":105}},"963":{"start":{"line":964,"column":0},"end":{"line":964,"column":121}},"964":{"start":{"line":965,"column":0},"end":{"line":965,"column":6}},"965":{"start":{"line":966,"column":0},"end":{"line":966,"column":79}},"966":{"start":{"line":967,"column":0},"end":{"line":967,"column":49}},"967":{"start":{"line":968,"column":0},"end":{"line":968,"column":51}},"968":{"start":{"line":969,"column":0},"end":{"line":969,"column":39}},"969":{"start":{"line":970,"column":0},"end":{"line":970,"column":52}},"970":{"start":{"line":971,"column":0},"end":{"line":971,"column":56}},"971":{"start":{"line":972,"column":0},"end":{"line":972,"column":52}},"972":{"start":{"line":973,"column":0},"end":{"line":973,"column":36}},"974":{"start":{"line":975,"column":0},"end":{"line":975,"column":72}},"975":{"start":{"line":976,"column":0},"end":{"line":976,"column":54}},"976":{"start":{"line":977,"column":0},"end":{"line":977,"column":91}},"978":{"start":{"line":979,"column":0},"end":{"line":979,"column":67}},"980":{"start":{"line":981,"column":0},"end":{"line":981,"column":82}},"981":{"start":{"line":982,"column":0},"end":{"line":982,"column":71}},"982":{"start":{"line":983,"column":0},"end":{"line":983,"column":69}},"983":{"start":{"line":984,"column":0},"end":{"line":984,"column":76}},"984":{"start":{"line":985,"column":0},"end":{"line":985,"column":71}},"985":{"start":{"line":986,"column":0},"end":{"line":986,"column":44}},"986":{"start":{"line":987,"column":0},"end":{"line":987,"column":70}},"987":{"start":{"line":988,"column":0},"end":{"line":988,"column":61}},"988":{"start":{"line":989,"column":0},"end":{"line":989,"column":58}},"989":{"start":{"line":990,"column":0},"end":{"line":990,"column":110}},"990":{"start":{"line":991,"column":0},"end":{"line":991,"column":12}},"991":{"start":{"line":992,"column":0},"end":{"line":992,"column":36}},"992":{"start":{"line":993,"column":0},"end":{"line":993,"column":68}},"993":{"start":{"line":994,"column":0},"end":{"line":994,"column":81}},"995":{"start":{"line":996,"column":0},"end":{"line":996,"column":38}},"996":{"start":{"line":997,"column":0},"end":{"line":997,"column":30}},"997":{"start":{"line":998,"column":0},"end":{"line":998,"column":62}},"998":{"start":{"line":999,"column":0},"end":{"line":999,"column":102}},"999":{"start":{"line":1000,"column":0},"end":{"line":1000,"column":15}},"1000":{"start":{"line":1001,"column":0},"end":{"line":1001,"column":11}},"1001":{"start":{"line":1002,"column":0},"end":{"line":1002,"column":25}},"1002":{"start":{"line":1003,"column":0},"end":{"line":1003,"column":51}},"1003":{"start":{"line":1004,"column":0},"end":{"line":1004,"column":27}},"1004":{"start":{"line":1005,"column":0},"end":{"line":1005,"column":161}},"1005":{"start":{"line":1006,"column":0},"end":{"line":1006,"column":13}},"1006":{"start":{"line":1007,"column":0},"end":{"line":1007,"column":11}},"1007":{"start":{"line":1008,"column":0},"end":{"line":1008,"column":9}},"1008":{"start":{"line":1009,"column":0},"end":{"line":1009,"column":7}},"1009":{"start":{"line":1010,"column":0},"end":{"line":1010,"column":5}},"1010":{"start":{"line":1011,"column":0},"end":{"line":1011,"column":3}},"1013":{"start":{"line":1014,"column":0},"end":{"line":1014,"column":110}},"1014":{"start":{"line":1015,"column":0},"end":{"line":1015,"column":38}},"1015":{"start":{"line":1016,"column":0},"end":{"line":1016,"column":43}},"1016":{"start":{"line":1017,"column":0},"end":{"line":1017,"column":49}},"1017":{"start":{"line":1018,"column":0},"end":{"line":1018,"column":53}},"1018":{"start":{"line":1019,"column":0},"end":{"line":1019,"column":76}},"1019":{"start":{"line":1020,"column":0},"end":{"line":1020,"column":71}},"1020":{"start":{"line":1021,"column":0},"end":{"line":1021,"column":7}},"1021":{"start":{"line":1022,"column":0},"end":{"line":1022,"column":5}},"1022":{"start":{"line":1023,"column":0},"end":{"line":1023,"column":21}},"1023":{"start":{"line":1024,"column":0},"end":{"line":1024,"column":3}},"1027":{"start":{"line":1028,"column":0},"end":{"line":1028,"column":3}},"1028":{"start":{"line":1029,"column":0},"end":{"line":1029,"column":101}},"1029":{"start":{"line":1030,"column":0},"end":{"line":1030,"column":36}},"1030":{"start":{"line":1031,"column":0},"end":{"line":1031,"column":36}},"1031":{"start":{"line":1032,"column":0},"end":{"line":1032,"column":60}},"1032":{"start":{"line":1033,"column":0},"end":{"line":1033,"column":57}},"1033":{"start":{"line":1034,"column":0},"end":{"line":1034,"column":28}},"1036":{"start":{"line":1037,"column":0},"end":{"line":1037,"column":34}},"1037":{"start":{"line":1038,"column":0},"end":{"line":1038,"column":61}},"1038":{"start":{"line":1039,"column":0},"end":{"line":1039,"column":45}},"1039":{"start":{"line":1040,"column":0},"end":{"line":1040,"column":7}},"1042":{"start":{"line":1043,"column":0},"end":{"line":1043,"column":44}},"1043":{"start":{"line":1044,"column":0},"end":{"line":1044,"column":26}},"1046":{"start":{"line":1047,"column":0},"end":{"line":1047,"column":38}},"1047":{"start":{"line":1048,"column":0},"end":{"line":1048,"column":70}},"1048":{"start":{"line":1049,"column":0},"end":{"line":1049,"column":46}},"1049":{"start":{"line":1050,"column":0},"end":{"line":1050,"column":56}},"1050":{"start":{"line":1051,"column":0},"end":{"line":1051,"column":30}},"1051":{"start":{"line":1052,"column":0},"end":
[...]
e":27,"column":3}}]},"2":{"type":"branch","line":26,"loc":{"start":{"line":26,"column":38},"end":{"line":26,"column":59}},"locations":[{"start":{"line":26,"column":38},"end":{"line":26,"column":59}}]},"3":{"type":"branch","line":35,"loc":{"start":{"line":35,"column":31},"end":{"line":38,"column":3}},"locations":[{"start":{"line":35,"column":31},"end":{"line":38,"column":3}}]},"4":{"type":"branch","line":29,"loc":{"start":{"line":29,"column":47},"end":{"line":30,"column":84}},"locations":[{"start":{"line":29,"column":47},"end":{"line":30,"column":84}}]},"5":{"type":"branch","line":30,"loc":{"start":{"line":30,"column":28},"end":{"line":30,"column":60}},"locations":[{"start":{"line":30,"column":28},"end":{"line":30,"column":60}}]},"6":{"type":"branch","line":30,"loc":{"start":{"line":30,"column":55},"end":{"line":30,"column":84}},"locations":[{"start":{"line":30,"column":55},"end":{"line":30,"column":84}}]},"7":{"type":"branch","line":39,"loc":{"start":{"line":39,"column":35},"end":{"line":40,"column":74}},"locations":[{"start":{"line":39,"column":35},"end":{"line":40,"column":74}}]},"8":{"type":"branch","line":40,"loc":{"start":{"line":40,"column":20},"end":{"line":40,"column":74}},"locations":[{"start":{"line":40,"column":20},"end":{"line":40,"column":74}}]},"9":{"type":"branch","line":40,"loc":{"start":{"line":40,"column":47},"end":{"line":40,"column":74}},"locations":[{"start":{"line":40,"column":47},"end":{"line":40,"column":74}}]},"10":{"type":"branch","line":63,"loc":{"start":{"line":63,"column":0},"end":{"line":129,"column":1}},"locations":[{"start":{"line":63,"column":0},"end":{"line":129,"column":1}}]},"11":{"type":"branch","line":65,"loc":{"start":{"line":65,"column":34},"end":{"line":69,"column":3}},"locations":[{"start":{"line":65,"column":34},"end":{"line":69,"column":3}}]},"12":{"type":"branch","line":66,"loc":{"start":{"line":66,"column":39},"end":{"line":66,"column":60}},"locations":[{"start":{"line":66,"column":39},"end":{"line":66,"column":60}}]},"13":{"type":"branch","line":68,"loc":{"start":{"line":68,"column":23},"end":{"line":68,"column":73}},"locations":[{"start":{"line":68,"column":23},"end":{"line":68,"column":73}}]},"14":{"type":"branch","line":68,"loc":{"start":{"line":68,"column":52},"end":{"line":68,"column":89}},"locations":[{"start":{"line":68,"column":52},"end":{"line":68,"column":89}}]},"15":{"type":"branch","line":68,"loc":{"start":{"line":68,"column":89},"end":{"line":68,"column":110}},"locations":[{"start":{"line":68,"column":89},"end":{"line":68,"column":110}}]},"16":{"type":"branch","line":73,"loc":{"start":{"line":73,"column":37},"end":{"line":78,"column":3}},"locations":[{"start":{"line":73,"column":37},"end":{"line":78,"column":3}}]},"17":{"type":"branch","line":74,"loc":{"start":{"line":74,"column":19},"end":{"line":74,"column":56}},"locations":[{"start":{"line":74,"column":19},"end":{"line":74,"column":56}}]},"18":{"type":"branch","line":74,"loc":{"start":{"line":74,"column":46},"end":{"line":74,"column":81}},"locations":[{"start":{"line":74,"column":46},"end":{"line":74,"column":81}}]},"19":{"type":"branch","line":74,"loc":{"start":{"line":74,"column":81},"end":{"line":77,"column":5}},"locations":[{"start":{"line":74,"column":81},"end":{"line":77,"column":5}}]},"20":{"type":"branch","line":96,"loc":{"start":{"line":96,"column":37},"end":{"line":98,"column":3}},"locations":[{"start":{"line":96,"column":37},"end":{"line":98,"column":3}}]},"21":{"type":"branch","line":97,"loc":{"start":{"line":97,"column":19},"end":{"line":97,"column":63}},"locations":[{"start":{"line":97,"column":19},"end":{"line":97,"column":63}}]},"22":{"type":"branch","line":97,"loc":{"start":{"line":97,"column":63},"end":{"line":97,"column":100}},"locations":[{"start":{"line":97,"column":63},"end":{"line":97,"column":100}}]},"23":{"type":"branch","line":100,"loc":{"start":{"line":100,"column":34},"end":{"line":114,"column":3}},"locations":[{"start":{"line":100,"column":34},"end":{"line":114,"column":3}}]},"24":{"type":"branch","line":102,"loc":{"start":{"line":102,"column":8},"end":{"line":102,"column":54}},"locations":[{"start":{"line":102,"column":8},"end":{"line":102,"column":54}}]},"25":{"type":"branch","line":102,"loc":{"start":{"line":102,"column":54},"end":{"line":113,"column":5}},"locations":[{"start":{"line":102,"column":54},"end":{"line":113,"column":5}}]},"26":{"type":"branch","line":105,"loc":{"start":{"line":105,"column":13},"end":{"line":105,"column":51}},"locations":[{"start":{"line":105,"column":13},"end":{"line":105,"column":51}}]},"27":{"type":"branch","line":105,"loc":{"start":{"line":105,"column":51},"end":{"line":109,"column":7}},"locations":[{"start":{"line":105,"column":51},"end":{"line":109,"column":7}}]},"28":{"type":"branch","line":110,"loc":{"start":{"line":110,"column":10},"end":{"line":110,"column":47}},"locations":[{"start":{"line":110,"column":10},"end":{"line":110,"column":47}}]},"29":{"type":"branch","line":110,"loc":{"start":{"line":110,"column":47},"end":{"line":112,"column":7}},"locations":[{"start":{"line":110,"column":47},"end":{"line":112,"column":7}}]},"30":{"type":"branch","line":125,"loc":{"start":{"line":125,"column":31},"end":{"line":125,"column":94}},"locations":[{"start":{"line":125,"column":31},"end":{"line":125,"column":94}}]},"31":{"type":"branch","line":81,"loc":{"start":{"line":81,"column":35},"end":{"line":90,"column":3}},"locations":[{"start":{"line":81,"column":35},"end":{"line":90,"column":3}}]},"32":{"type":"branch","line":82,"loc":{"start":{"line":82,"column":28},"end":{"line":82,"column":41}},"locations":[{"start":{"line":82,"column":28},"end":{"line":82,"column":41}}]},"33":{"type":"branch","line":82,"loc":{"start":{"line":82,"column":35},"end":{"line":83,"column":42}},"locations":[{"start":{"line":82,"column":35},"end":{"line":83,"column":42}}]},"34":{"type":"branch","line":83,"loc":{"start":{"line":83,"column":20},"end":{"line":83,"column":72}},"locations":[{"start":{"line":83,"column":20},"end":{"line":83,"column":72}}]},"35":{"type":"branch","line":83,"loc":{"start":{"line":83,"column":53},"end":{"line":84,"column":50}},"locations":[{"start":{"line":83,"column":53},"end":{"line":84,"column":50}}]},"36":{"type":"branch","line":84,"loc":{"start":{"line":84,"column":22},"end":{"line":84,"column":90}},"locations":[{"start":{"line":84,"column":22},"end":{"line":84,"column":90}}]},"37":{"type":"branch","line":84,"loc":{"start":{"line":84,"column":61},"end":{"line":85,"column":39}},"locations":[{"start":{"line":84,"column":61},"end":{"line":85,"column":39}}]},"38":{"type":"branch","line":85,"loc":{"start":{"line":85,"column":38},"end":{"line":86,"column":46}},"locations":[{"start":{"line":85,"column":38},"end":{"line":86,"column":46}}]},"39":{"type":"branch","line":86,"loc":{"start":{"line":86,"column":26},"end":{"line":86,"column":43}},"locations":[{"start":{"line":86,"column":26},"end":{"line":86,"column":43}}]},"40":{"type":"branch","line":86,"loc":{"start":{"line":86,"column":46},"end":{"line":88,"column":5}},"locations":[{"start":{"line":86,"column":46},"end":{"line":88,"column":5}}]},"41":{"type":"branch","line":88,"loc":{"start":{"line":88,"column":4},"end":{"line":89,"column":16}},"locations":[{"start":{"line":88,"column":4},"end":{"line":89,"column":16}}]},"42":{"type":"branch","line":92,"loc":{"start":{"line":92,"column":38},"end":{"line":92,"column":47}},"locations":[{"start":{"line":92,"column":38},"end":{"line":92,"column":47}}]},"43":{"type":"branch","line":117,"loc":{"start":{"line":117,"column":32},"end":{"line":118,"column":91}},"locations":[{"start":{"line":117,"column":32},"end":{"line":118,"column":91}}]},"44":{"type":"branch","line":118,"loc":{"start":{"line":118,"column":60},"end":{"line":118,"column":91}},"locations":[{"start":{"line":118,"column":60},"end":{"line":118,"column":91}}]},"45":{"type":"branch","line":126,"loc":{"start":{"line":126,"column":34},"end":{"line":126,"column":85}},"locations":[{"start":{"line":126,"column":34},"end":{"line":126,"column":85}}]},"46":{"type":"branch","line":126,"loc":{"start":{"line":126,"column":60},"end":{"line":126,"column":85}},"locations":[{"start":{"line":126,"column":60},"end":{"line":126,"column":85}}]},"47":{"type":"branch","line":146,"loc":{"start":{"line":146,"column":0},"end":{"line":257,"column":1}},"locations":[{"start":{"line":146,"column":0},"end":{"line":257,"column":1}}]},"48":{"type":"branch","line":148,"loc":{"start":{"line":148,"column":34},"end":{"line":150,"column":3}},"locations":[{"start":{"line":148,"column":34},"end":{"line":150,"column":3}}]},"49":{"type":"branch","line":149,"loc":{"start":{"line":149,"column":39},"end":{"line":149,"column":60}},"locations":[{"start":{"line":149,"column":39},"end":{"line":149,"column":60}}]},"50":{"type":"branch","line":154,"loc":{"start":{"line":154,"column":37},"end":{"line":156,"column":3}},"locations":[{"start":{"line":154,"column":37},"end":{"line":156,"column":3}}]},"51":{"type":"branch","line":155,"loc":{"start":{"line":155,"column":19},"end":{"line":155,"column":63}},"locations":[{"start":{"line":155,"column":19},"end":{"line":155,"column":63}}]},"52":{"type":"branch","line":155,"loc":{"start":{"line":155,"column":63},"end":{"line":155,"column":100}},"locations":[{"start":{"line":155,"column":63},"end":{"line":155,"column":100}}]},"53":{"type":"branch","line":161,"loc":{"start":{"line":161,"column":34},"end":{"line":166,"column":3}},"locations":[{"start":{"line":161,"column":34},"end":{"line":166,"column":3}}]},"54":{"type":"branch","line":162,"loc":{"start":{"line":162,"column":42},"end":{"line":165,"column":5}},"locations":[{"start":{"line":162,"column":42},"end":{"line":165,"column":5}}]},"55":{"type":"branch","line":167,"loc":{"start":{"line":167,"column":34},"end":{"line":174,"column":3}},"locations":[{"start":{"line":167,"column":34},"end":{"line":174,"column":3}}]},"56":{"type":"branch","line":168,"loc":{"start":{"line":168,"column":35},"end":{"line":173,"column":5}},"locations":[{"start":{"line":168,"column":35},"end":{"line":173,"column":5}}]},"57":{"type":"branch","line":178,"loc":{"start":{"line":178,"column":32},"end":{"line":192,"column":3}},"locations":[{"start":{"line":178,"column":32},"end":{"line":192,"column":3}}]},"58":{"type":"branch","line":180,"loc":{"start":{"line":180,"column":8},"end":{"line":180,"column":52}},"locations":[{"start":{"line":180,"column":8},"end":{"line":180,"column":52}}]},"59":{"type":"branch","line":180,"loc":{"start":{"line":180,"column":52},"end":{"line":191,"column":5}},"locations":[{"start":{"line":180,"column":52},"end":{"line":191,"column":5}}]},"60":{"type":"branch","line":183,"loc":{"start":{"line":183,"column":13},"end":{"line":183,"column":49}},"locations":[{"start":{"line":183,"column":13},"end":{"line":183,"column":49}}]},"61":{"type":"branch","line":183,"loc":{"start":{"line":183,"column":49},"end":{"line":187,"column":7}},"locations":[{"start":{"line":183,"column":49},"end":{"line":187,"column":7}}]},"62":{"type":"branch","line":188,"loc":{"start":{"line":188,"column":10},"end":{"line":188,"column":45}},"locations":[{"start":{"line":188,"column":10},"end":{"line":188,"column":45}}]},"63":{"type":"branch","line":188,"loc":{"start":{"line":188,"column":45},"end":{"line":190,"column":7}},"locations":[{"start":{"line":188,"column":45},"end":{"line":190,"column":7}}]},"64":{"type":"branch","line":197,"loc":{"start":{"line":197,"column":34},"end":{"line":202,"column":3}},"locations":[{"start":{"line":197,"column":34},"end":{"line":202,"column":3}}]},"65":{"type":"branch","line":198,"loc":{"start":{"line":198,"column":42},"end":{"line":201,"column":5}},"locations":[{"start":{"line":198,"column":42},"end":{"line":201,"column":5}}]},"66":{"type":"branch","line":204,"loc":{"start":{"line":204,"column":34},"end":{"line":212,"column":3}},"locations":[{"start":{"line":204,"column":34},"end":{"line":212,"column":3}}]},"67":{"type":"branch","line":205,"loc":{"start":{"line":205,"column":35},"end":{"line":211,"column":5}},"locations":[{"start":{"line":205,"column":35},"end":{"line":211,"column":5}}]},"68":{"type":"branch","line":234,"loc":{"start":{"line":234,"column":18},"end":{"line":252,"column":3}},"locations":[{"start":{"line":234,"column":18},"end":{"line":252,"column":3}}]},"69":{"type":"branch","line":236,"loc":{"start":{"line":236,"column":36},"end":{"line":251,"column":5}},"locations":[{"start":{"line":236,"column":36},"end":{"line":251,"column":5}}]},"70":{"type":"branch","line":238,"loc":{"start":{"line":238,"column":44},"end":{"line":238,"column":53}},"locations":[{"start":{"line":238,"column":44},"end":{"line":238,"column":53}}]},"71":{"type":"branch","line":238,"loc":{"start":{"line":238,"column":44},"end":{"line":247,"column":31}},"locations":[{"start":{"line":238,"column":44},"end":{"line":247,"column":31}}]},"72":{"type":"branch","line":247,"loc":{"start":{"line":247,"column":31},"end":{"line":250,"column":7}},"locations":[{"start":{"line":247,"column":31},"end":{"line":250,"column":7}}]},"73":{"type":"branch","line":214,"loc":{"start":{"line":214,"column":41},"end":{"line":214,"column":63}},"locations":[{"start":{"line":214,"column":41},"end":{"line":214,"column":63}}]},"74":{"type":"branch","line":215,"loc":{"start":{"line":215,"column":50},"end":{"line":215,"column":59}},"locations":[{"start":{"line":215,"column":50},"end":{"line":215,"column":59}}]},"75":{"type":"branch","line":218,"loc":{"start":{"line":218,"column":14},"end":{"line":218,"column":45}},"locations":[{"start":{"line":218,"column":14},"end":{"line":218,"column":45}}]},"76":{"type":"branch","line":219,"loc":{"start":{"line":219,"column":11},"end":{"line":223,"column":8}},"locations":[{"start":{"line":219,"column":11},"end":{"line":223,"column":8}}]},"77":{"type":"branch","line":222,"loc":{"start":{"line":222,"column":45},"end":{"line":222,"column":61}},"locations":[{"start":{"line":222,"column":45},"end":{"line":222,"column":61}}]},"78":{"type":"branch","line":224,"loc":{"start":{"line":224,"column":14},"end":{"line":224,"column":85}},"locations":[{"start":{"line":224,"column":14},"end":{"line":224,"column":85}}]},"79":{"type":"branch","line":224,"loc":{"start":{"line":224,"column":49},"end":{"line":224,"column":85}},"locations":[{"start":{"line":224,"column":49},"end":{"line":224,"column":85}}]},"80":{"type":"branch","line":232,"loc":{"start":{"line":232,"column":47},"end":{"line":232,"column":56}},"locations":[{"start":{"line":232,"column":47},"end":{"line":232,"column":56}}]},"81":{"type":"branch","line":237,"loc":{"start":{"line":237,"column":36},"end":{"line":237,"column":53}},"locations":[{"start":{"line":237,"column":36},"end":{"line":237,"column":53}}]},"82":{"type":"branch","line":240,"loc":{"start":{"line":240,"column":50},"end":{"line":246,"column":7}},"locations":[{"start":{"line":240,"column":50},"end":{"line":246,"column":7}}]},"83":{"type":"branch","line":241,"loc":{"start":{"line":241,"column":40},"end":{"line":241,"column":76}},"locations":[{"start":{"line":241,"column":40},"end":{"line":241,"column":76}}]},"84":{"type":"branch","line":241,"loc":{"start":{"line":241,"column":76},"end":{"line":241,"column":89}},"locations":[{"start":{"line":241,"column":76},"end":{"line":241,"column":89}}]},"85":{"type":"branch","line":241,"loc":{"start":{"line":241,"column":83},"end":{"line":242,"column":45}},"locations":[{"start":{"line":241,"column":83},"end":{"line":242,"column":45}}]},"86":{"type":"branch","line":242,"loc":{"start":{"line":242,"column":39},"end":{"line":242,"column":58}},"locations":[{"start":{"line":242,"column":39},"end":{"line":242,"column":58}}]},"87":{"type":"branch","line":242,"loc":{"start":{"line":242,"column":47},"end":{"line":242,"column":97}},"locations":[{"start":{"line":242,"column":47},"end":{"line":242,"column":97}}]},"88":{"type":"branch","line":242,"loc":{"start":{"line":242,"column":73},"end":{"line":242,"column":92}},"locations":[{"start":{"line":242,"column":73},"end":{"line":242,"column":92}}]},"89":{"type":"branch","line":242,"loc":{"start":{"line":242,"column":81},"end":{"line":242,"column":97}},"locations":[{"start":{"line":242,"column":81},"end":{"line":242,"column":97}}]},"90":{"type":"branch","line":243,"loc":{"start":{"line":243,"column":22},"end":{"line":243,"column":35}},"locations":[{"start":{"line":243,"column":22},"end":{"line":243,"column":35}}]},"91":{"type":"branch","line":243,"loc":{"start":{"line":243,"column":29},"end":{"line":245,"column":66}},"locations":[{"start":{"line":243,"column":29},"end":{"line":245,"column":66}}]},"92":{"type":"branch","line":245,"loc":{"start":{"line":245,"column":61},"end":{"line":245,"column":95}},"locations":[{"start":{"line":245,"column":61},"end":{"line":245,"column":95}}]},"93":{"type":"branch","line":244,"loc":{"start":{"line":244,"column":43},"end":{"line":244,"column":64}},"locations":[{"start":{"line":244,"column":43},"end":{"line":244,"column":64}}]},"94":{"type":"branch","line":253,"loc":{"start":{"line":253,"column":35},"end":{"line":253,"column":62}},"locations":[{"start":{"line":253,"column":35},"end":{"line":253,"column":62}}]},"95":{"type":"branch","line":254,"loc":{"start":{"line":254,"column":46},"end":{"line":254,"column":111}},"locations":[{"start":{"line":254,"column":46},"end":{"line":254,"column":111}}]},"96":{"type":"branch","line":254,"loc":{"start":{"line":254,"column":78},"end":{"line":254,"column":111}},"locations":[{"start":{"line":254,"column":78},"end":{"line":254,"column":111}}]},"97":{"type":"branch","line":260,"loc":{"start":{"line":260,"column":0},"end":{"line":262,"column":1}},"locations":[{"start":{"line":260,"column":0},"end":{"line":262,"column":1}}]},"98":{"type":"branch","line":272,"loc":{"start":{"line":272,"column":7},"end":{"line":275,"column":1}},"locations":[{"start":{"line":272,"column":7},"end":{"line":275,"column":1}}]},"99":{"type":"branch","line":273,"loc":{"start":{"line":273,"column":38},"end":{"line":273,"column":61}},"locations":[{"start":{"line":273,"column":38},"end":{"line":273,"column":61}}]}},"b":{"0":[15],"1":[74],"2":[43],"3":[31],"4":[67],"5":[61],"6":[49],"7":[74],"8":[43],"9":[2],"10":[31],"11":[237],"12":[142],"13":[177],"14":[60],"15":[60],"16":[275],"17":[259],"18":[240],"19":[39],"20":[275],"21":[75],"22":[200],"23":[196],"24":[168],"25":[6],"26":[3],"27":[0],"28":[3],"29":[3],"30":[230],"31":[237],"32":[35],"33":[202],"34":[154],"35":[152],"36":[151],"37":[52],"38":[52],"39":[0],"40":[6],"41":[196],"42":[196],"43":[275],"44":[241],"45":[196],"46":[2],"47":[19],"48":[95],"49":[60],"50":[91],"51":[20],"52":[71],"53":[95],"54":[2],"55":[95],"56":[1],"57":[59],"58":[42],"59":[6],"60":[3],"61":[0],"62":[3],"63":[3],"64":[95],"65":[2],"66":[95],"67":[1],"68":[25],"69":[74],"70":[7],"71":[67],"72":[8],"73":[95],"74":[59],"75":[91],"76":[91],"77":[90],"78":[91],"79":[59],"80":[59],"81":[183],"82":[126],"83":[122],"84":[4],"85":[122],"86":[22],"87":[100],"88":[49],"89":[51],"90":[51],"91":[71],"92":[69],"93":[128],"94":[59],"95":[53],"96":[51],"97":[250],"98":[315],"99":[0]},"fnMap":{"0":{"name":"filterInterconnectionView","decl":{"start":{"line":23,"column":0},"end":{"line":44,"column":1}},"loc":{"start":{"line":23,"column":0},"end":{"line":44,"column":1}},"line":23},"1":{"name":"filterActionFlowView","decl":{"start":{"line":63,"column":0},"end":{"line":129,"column":1}},"loc":{"start":{"line":63,"column":0},"end":{"line":129,"column":1}},"line":63},"2":{"name":"filterStateTransitionView","decl":{"start":{"line":146,"column":0},"end":{"line":257,"column":1}},"loc":{"start":{"line":146,"column":0},"end":{"line":257,"column":1}},"line":146},"3":{"name":"filterGeneralView","decl":{"start":{"line":260,"column":0},"end":{"line":262,"column":1}},"loc":{"start":{"line":260,"column":0},"end":{"line":262,"column":1}},"line":260},"4":{"name":"applyViewFilter","decl":{"start":{"line":272,"column":7},"end":{"line":275,"column":1}},"loc":{"start":{"line":272,"column":7},"end":{"line":275,"column":1}},"line":272}},"f":{"0":15,"1":31,"2":19,"3":250,"4":315}}
}
