{"C:\\SysteModel\\packages\\diagram-service\\src\\index.ts": {"path":"C:\\SysteModel\\packages\\diagram-service\\src\\index.ts","all":true,"statementMap":{"0":{"start":{"line":1,"column":0},"end":{"line":1,"column":23}},"1":{"start":{"line":2,"column":0},"end":{"line":2,"column":30}},"2":{"start":{"line":3,"column":0},"end":{"line":3,"column":24}},"3":{"start":{"line":4,"column":0},"end":{"line":4,"column":24}},"4":{"start":{"line":5,"column":0},"end":{"line":5,"column":69}},"6":{"start":{"line":7,"column":0},"end":{"line":7,"column":54}},"7":{"start":{"line":8,"column":0},"end":{"line":8,"column":80}},"8":{"start":{"line":9,"column":0},"end":{"line":9,"column":13}},"9":{"start":{"line":10,"column":0},"end":{"line":10,"column":21}},"10":{"start":{"line":11,"column":0},"end":{"line":11,"column":39}},"13":{"start":{"line":14,"column":0},"end":{"line":14,"column":99}},"14":{"start":{"line":15,"column":0},"end":{"line":15,"column":91}},"15":{"start":{"line":16,"column":0},"end":{"line":16,"column":100}},"16":{"start":{"line":17,"column":0},"end":{"line":17,"column":78}},"17":{"start":{"line":18,"column":0},"end":{"line":18,"column":18}},"18":{"start":{"line":19,"column":0},"end":{"line":19,"column":1}},"20":{"start":{"line":21,"column":0},"end":{"line":21,"column":72}},"22":{"start":{"line":23,"column":0},"end":{"line":23,"column":22}},"23":{"start":{"line":24,"column":0},"end":{"line":24,"column":44}},"24":{"start":{"line":25,"column":0},"end":{"line":25,"column":28}},"25":{"start":{"line":26,"column":0},"end":{"line":26,"column":1}},"26":{"start":{"line":27,"column":0},"end":{"line":27,"column":43}},"28":{"start":{"line":29,"column":0},"end":{"line":29,"column":35}},"29":{"start":{"line":30,"column":0},"end":{"line":30,"column":69}},"30":{"start":{"line":31,"column":0},"end":{"line":31,"column":3}},"32":{"start":{"line":33,"column":0},"end":{"line":33,"column":38}},"33":{"start":{"line":34,"column":0},"end":{"line":34,"column":54}},"35":{"start":{"line":36,"column":0},"end":{"line":36,"column":27}},"36":{"start":{"line":37,"column":0},"end":{"line":37,"column":108}},"37":{"start":{"line":38,"column":0},"end":{"line":38,"column":3}}},"s":{"0":0,"1":0,"2":0,"3":0,"4":0,"6":0,"7":0,"8":0,"9":0,"10":0,"13":0,"14":0,"15":0,"16":0,"17":0,"18":0,"20":0,"22":0,"23":0,"24":0,"25":0,"26":0,"28":0,"29":0,"30":0,"32":0,"33":0,"35":0,"36":0,"37":0},"branchMap":{"0":{"type":"branch","line":1,"loc":{"start":{"line":1,"column":0},"end":{"line":38,"column":-286}},"locations":[{"start":{"line":1,"column":0},"end":{"line":38,"column":-286}}]}},"b":{"0":[0]},"fnMap":{"0":{"name":"(empty-report)","decl":{"start":{"line":1,"column":0},"end":{"line":38,"column":-286}},"loc":{"start":{"line":1,"column":0},"end":{"line":38,"column":-286}},"line":1}},"f":{"0":0}}
,"C:\\SysteModel\\packages\\diagram-service\\src\\websocket-server.ts": {"path":"C:\\SysteModel\\packages\\diagram-service\\src\\websocket-server.ts","all":false,"statementMap":{"0":{"start":{"line":1,"column":0},"end":{"line":1,"column":48}},"11":{"start":{"line":12,"column":0},"end":{"line":12,"column":46}},"12":{"start":{"line":13,"column":0},"end":{"line":13,"column":34}},"13":{"start":{"line":14,"column":0},"end":{"line":14,"column":36}},"15":{"start":{"line":16,"column":0},"end":{"line":16,"column":110}},"16":{"start":{"line":17,"column":0},"end":{"line":17,"column":35}},"17":{"start":{"line":18,"column":0},"end":{"line":18,"column":11}},"18":{"start":{"line":19,"column":0},"end":{"line":19,"column":21}},"19":{"start":{"line":20,"column":0},"end":{"line":20,"column":28}},"20":{"start":{"line":21,"column":0},"end":{"line":21,"column":39}},"21":{"start":{"line":22,"column":0},"end":{"line":22,"column":84}},"22":{"start":{"line":23,"column":0},"end":{"line":23,"column":45}},"23":{"start":{"line":24,"column":0},"end":{"line":24,"column":15}},"24":{"start":{"line":25,"column":0},"end":{"line":25,"column":7}},"25":{"start":{"line":26,"column":0},"end":{"line":26,"column":15}},"26":{"start":{"line":27,"column":0},"end":{"line":27,"column":6}},"27":{"start":{"line":28,"column":0},"end":{"line":28,"column":5}},"30":{"start":{"line":31,"column":0},"end":{"line":31,"column":53}},"32":{"start":{"line":33,"column":0},"end":{"line":33,"column":68}},"34":{"start":{"line":35,"column":0},"end":{"line":35,"column":65}},"35":{"start":{"line":36,"column":0},"end":{"line":36,"column":59}},"38":{"start":{"line":39,"column":0},"end":{"line":39,"column":56}},"39":{"start":{"line":40,"column":0},"end":{"line":40,"column":44}},"40":{"start":{"line":41,"column":0},"end":{"line":41,"column":45}},"41":{"start":{"line":42,"column":0},"end":{"line":42,"column":13}},"42":{"start":{"line":43,"column":0},"end":{"line":43,"column":5}},"43":{"start":{"line":44,"column":0},"end":{"line":44,"column":48}},"46":{"start":{"line":47,"column":0},"end":{"line":47,"column":25}},"47":{"start":{"line":48,"column":0},"end":{"line":48,"column":79}},"49":{"start":{"line":50,"column":0},"end":{"line":50,"column":43}},"50":{"start":{"line":51,"column":0},"end":{"line":51,"column":45}},"51":{"start":{"line":52,"column":0},"end":{"line":52,"column":37}},"52":{"start":{"line":53,"column":0},"end":{"line":53,"column":7}},"53":{"start":{"line":54,"column":0},"end":{"line":54,"column":6}},"55":{"start":{"line":56,"column":0},"end":{"line":56,"column":37}},"57":{"start":{"line":58,"column":0},"end":{"line":58,"column":21}},"58":{"start":{"line":59,"column":0},"end":{"line":59,"column":51}},"59":{"start":{"line":60,"column":0},"end":{"line":60,"column":64}},"60":{"start":{"line":61,"column":0},"end":{"line":61,"column":15}},"61":{"start":{"line":62,"column":0},"end":{"line":62,"column":7}},"63":{"start":{"line":64,"column":0},"end":{"line":64,"column":11}},"64":{"start":{"line":65,"column":0},"end":{"line":65,"column":38}},"66":{"start":{"line":67,"column":0},"end":{"line":67,"column":42}},"67":{"start":{"line":68,"column":0},"end":{"line":68,"column":64}},"68":{"start":{"line":69,"column":0},"end":{"line":69,"column":17}},"69":{"start":{"line":70,"column":0},"end":{"line":70,"column":9}},"71":{"start":{"line":72,"column":0},"end":{"line":72,"column":59}},"73":{"start":{"line":74,"column":0},"end":{"line":74,"column":30}},"74":{"start":{"line":75,"column":0},"end":{"line":75,"column":85}},"75":{"start":{"line":76,"column":0},"end":{"line":76,"column":151}},"76":{"start":{"line":77,"column":0},"end":{"line":77,"column":95}},"77":{"start":{"line":78,"column":0},"end":{"line":78,"column":41}},"79":{"start":{"line":80,"column":0},"end":{"line":80,"column":39}},"81":{"start":{"line":82,"column":0},"end":{"line":82,"column":87}},"82":{"start":{"line":83,"column":0},"end":{"line":83,"column":97}},"83":{"start":{"line":84,"column":0},"end":{"line":84,"column":19}},"84":{"start":{"line":85,"column":0},"end":{"line":85,"column":11}},"85":{"start":{"line":86,"column":0},"end":{"line":86,"column":70}},"86":{"start":{"line":87,"column":0},"end":{"line":87,"column":31}},"87":{"start":{"line":88,"column":0},"end":{"line":88,"column":43}},"88":{"start":{"line":89,"column":0},"end":{"line":89,"column":46}},"89":{"start":{"line":90,"column":0},"end":{"line":90,"column":70}},"90":{"start":{"line":91,"column":0},"end":{"line":91,"column":93}},"91":{"start":{"line":92,"column":0},"end":{"line":92,"column":19}},"92":{"start":{"line":93,"column":0},"end":{"line":93,"column":11}},"93":{"start":{"line":94,"column":0},"end":{"line":94,"column":32}},"94":{"start":{"line":95,"column":0},"end":{"line":95,"column":16}},"95":{"start":{"line":96,"column":0},"end":{"line":96,"column":67}},"96":{"start":{"line":97,"column":0},"end":{"line":97,"column":17}},"97":{"start":{"line":98,"column":0},"end":{"line":98,"column":9}},"99":{"start":{"line":100,"column":0},"end":{"line":100,"column":39}},"100":{"start":{"line":101,"column":0},"end":{"line":101,"column":34}},"101":{"start":{"line":102,"column":0},"end":{"line":102,"column":17}},"102":{"start":{"line":103,"column":0},"end":{"line":103,"column":9}},"105":{"start":{"line":106,"column":0},"end":{"line":106,"column":61}},"106":{"start":{"line":107,"column":0},"end":{"line":107,"column":70}},"107":{"start":{"line":108,"column":0},"end":{"line":108,"column":70}},"109":{"start":{"line":110,"column":0},"end":{"line":110,"column":21}},"111":{"start":{"line":112,"column":0},"end":{"line":112,"column":74}},"112":{"start":{"line":113,"column":0},"end":{"line":113,"column":74}},"113":{"start":{"line":114,"column":0},"end":{"line":114,"column":70}},"114":{"start":{"line":115,"column":0},"end":{"line":115,"column":7}},"115":{"start":{"line":116,"column":0},"end":{"line":116,"column":7}},"117":{"start":{"line":118,"column":0},"end":{"line":118,"column":26}},"118":{"start":{"line":119,"column":0},"end":{"line":119,"column":39}},"119":{"start":{"line":120,"column":0},"end":{"line":120,"column":56}},"120":{"start":{"line":121,"column":0},"end":{"line":121,"column":56}},"121":{"start":{"line":122,"column":0},"end":{"line":122,"column":53}},"122":{"start":{"line":123,"column":0},"end":{"line":123,"column":7}},"124":{"start":{"line":125,"column":0},"end":{"line":125,"column":26}},"125":{"start":{"line":126,"column":0},"end":{"line":126,"column":39}},"126":{"start":{"line":127,"column":0},"end":{"line":127,"column":7}},"127":{"start":{"line":128,"column":0},"end":{"line":128,"column":5}},"129":{"start":{"line":130,"column":0},"end":{"line":130,"column":13}},"130":{"start":{"line":131,"column":0},"end":{"line":131,"column":1}}},"s":{"0":1,"11":1,"12":1,"13":1,"15":1,"16":17,"17":17,"18":17,"19":17,"20":17,"21":21,"22":2,"23":2,"24":2,"25":19,"26":21,"27":17,"30":17,"32":17,"34":17,"35":19,"38":19,"39":19,"40":0,"41":0,"42":0,"43":19,"46":19,"47":19,"49":19,"50":140,"51":140,"52":140,"53":140,"55":19,"57":140,"58":140,"59":1,"60":1,"61":1,"63":139,"64":139,"66":140,"67":0,"68":0,"69":0,"71":139,"73":139,"74":139,"75":139,"76":140,"77":140,"79":140,"81":137,"82":1,"83":1,"84":1,"85":136,"86":136,"87":136,"88":140,"89":0,"90":0,"91":0,"92":0,"93":0,"94":1,"95":1,"96":1,"97":1,"99":140,"100":1,"101":1,"102":1,"105":135,"106":135,"107":135,"109":140,"111":1,"112":1,"113":1,"114":1,"115":19,"117":19,"118":19,"119":19,"120":19,"121":4,"122":19,"124":19,"125":0,"126":19,"127":17,"129":17,"130":17},"branchMap":{"0":{"type":"branch","line":16,"loc":{"start":{"line":16,"column":7},"end":{"line":131,"column":1}},"locations":[{"start":{"line":16,"column":7},"end":{"line":131,"column":1}}]},"1":{"type":"branch","line":21,"loc":{"start":{"line":21,"column":18},"end":{"line":27,"column":6}},"locations":[{"start":{"line":21,"column":18},"end":{"line":27,"column":6}}]},"2":{"type":"branch","line":22,"loc":{"start":{"line":22,"column":10},"end":{"line":22,"column":49}},"locations":[{"start":{"line":22,"column":10},"end":{"line":22,"column":49}}]},"3":{"type":"branch","line":22,"loc":{"start":{"line":22,"column":44},"end":{"line":22,"column":83}},"locations":[{"start":{"line":22,"column":44},"end":{"line":22,"column":83}}]},"4":{"type":"branch","line":22,"loc":{"start":{"line":22,"column":83},"end":{"line":25,"column":7}},"locations":[{"start":{"line":22,"column":83},"end":{"line":25,"column":7}}]},"5":{"type":"branch","line":25,"loc":{"start":{"line":25,"column":6},"end":{"line":26,"column":15}},"locations":[{"start":{"line":25,"column":6},"end":{"line":26,"column":15}}]},"6":{"type":"branch","line":35,"loc":{"start":{"line":35,"column":23},"end":{"line":128,"column":3}},"locations":[{"start":{"line":35,"column":23},"end":{"line":128,"column":3}}]},"7":{"type":"branch","line":36,"loc":{"start":{"line":36,"column":32},"end":{"line":36,"column":59}},"locations":[{"start":{"line":36,"column":32},"end":{"line":36,"column":59}}]},"8":{"type":"branch","line":39,"loc":{"start":{"line":39,"column":49},"end":{"line":39,"column":56}},"locations":[{"start":{"line":39,"column":49},"end":{"line":39,"column":56}}]},"9":{"type":"branch","line":40,"loc":{"start":{"line":40,"column":43},"end":{"line":43,"column":5}},"locations":[{"start":{"line":40,"column":43},"end":{"line":43,"column":5}}]},"10":{"type":"branch","line":50,"loc":{"start":{"line":50,"column":17},"end":{"line":54,"column":6}},"locations":[{"start":{"line":50,"column":17},"end":{"line":54,"column":6}}]},"11":{"type":"branch","line":56,"loc":{"start":{"line":56,"column":21},"end":{"line":116,"column":5}},"locations":[{"start":{"line":56,"column":21},"end":{"line":116,"column":5}}]},"12":{"type":"branch","line":59,"loc":{"start":{"line":59,"column":50},"end":{"line":62,"column":7}},"locations":[{"start":{"line":59,"column":50},"end":{"line":62,"column":7}}]},"13":{"type":"branch","line":62,"loc":{"start":{"line":62,"column":6},"end":{"line":67,"column":41}},"locations":[{"start":{"line":62,"column":6},"end":{"line":67,"column":41}}]},"14":{"type":"branch","line":67,"loc":{"start":{"line":67,"column":41},"end":{"line":70,"column":9}},"locations":[{"start":{"line":67,"column":41},"end":{"line":70,"column":9}}]},"15":{"type":"branch","line":70,"loc":{"start":{"line":70,"column":8},"end":{"line":77,"column":56}},"locations":[{"start":{"line":70,"column":8},"end":{"line":77,"column":56}}]},"16":{"type":"branch","line":77,"loc":{"start":{"line":77,"column":44},"end":{"line":77,"column":95}},"locations":[{"start":{"line":77,"column":44},"end":{"line":77,"column":95}}]},"17":{"type":"branch","line":77,"loc":{"start":{"line":77,"column":93},"end":{"line":78,"column":31}},"locations":[{"start":{"line":77,"column":93},"end":{"line":78,"column":31}}]},"18":{"type":"branch","line":78,"loc":{"start":{"line":78,"column":20},"end":{"line":78,"column":41}},"locations":[{"start":{"line":78,"column":20},"end":{"line":78,"column":41}}]},"19":{"type":"branch","line":80,"loc":{"start":{"line":80,"column":38},"end":{"line":89,"column":19}},"locations":[{"start":{"line":80,"column":38},"end":{"line":89,"column":19}}]},"20":{"type":"branch","line":82,"loc":{"start":{"line":82,"column":37},"end":{"line":82,"column":86}},"locations":[{"start":{"line":82,"column":37},"end":{"line":82,"column":86}}]},"21":{"type":"branch","line":82,"loc":{"start":{"line":82,"column":86},"end":{"line":85,"column":11}},"locations":[{"start":{"line":82,"column":86},"end":{"line":85,"column":11}}]},"22":{"type":"branch","line":85,"loc":{"start":{"line":85,"column":10},"end":{"line":89,"column":19}},"locations":[{"start":{"line":85,"column":10},"end":{"line":89,"column":19}}]},"23":{"type":"branch","line":89,"loc":{"start":{"line":89,"column":8},"end":{"line":98,"column":9}},"locations":[{"start":{"line":89,"column":8},"end":{"line":98,"column":9}}]},"24":{"type":"branch","line":89,"loc":{"start":{"line":89,"column":45},"end":{"line":95,"column":15}},"locations":[{"start":{"line":89,"column":45},"end":{"line":95,"column":15}}]},"25":{"type":"branch","line":98,"loc":{"start":{"line":98,"column":8},"end":{"line":100,"column":38}},"locations":[{"start":{"line":98,"column":8},"end":{"line":100,"column":38}}]},"26":{"type":"branch","line":100,"loc":{"start":{"line":100,"column":38},"end":{"line":103,"column":9}},"locations":[{"start":{"line":100,"column":38},"end":{"line":103,"column":9}}]},"27":{"type":"branch","line":103,"loc":{"start":{"line":103,"column":8},"end":{"line":110,"column":15}},"locations":[{"start":{"line":103,"column":8},"end":{"line":110,"column":15}}]},"28":{"type":"branch","line":110,"loc":{"start":{"line":110,"column":6},"end":{"line":115,"column":7}},"locations":[{"start":{"line":110,"column":6},"end":{"line":115,"column":7}}]},"29":{"type":"branch","line":112,"loc":{"start":{"line":112,"column":52},"end":{"line":112,"column":74}},"locations":[{"start":{"line":112,"column":52},"end":{"line":112,"column":74}}]},"30":{"type":"branch","line":118,"loc":{"start":{"line":118,"column":19},"end":{"line":123,"column":5}},"locations":[{"start":{"line":118,"column":19},"end":{"line":123,"column":5}}]},"31":{"type":"branch","line":120,"loc":{"start":{"line":120,"column":49},"end":{"line":120,"column":56}},"locations":[{"start":{"line":120,"column":49},"end":{"line":120,"column":56}}]},"32":{"type":"branch","line":121,"loc":{"start":{"line":121,"column":22},"end":{"line":121,"column":56}},"locations":[{"start":{"line":121,"column":22},"end":{"line":121,"column":56}}]},"33":{"type":"branch","line":121,"loc":{"start":{"line":121,"column":54},"end":{"line":122,"column":53}},"locations":[{"start":{"line":121,"column":54},"end":{"line":122,"column":53}}]}},"b":{"0":[17],"1":[21],"2":[9],"3":[8],"4":[2],"5":[19],"6":[19],"7":[0],"8":[15],"9":[0],"10":[140],"11":[140],"12":[1],"13":[139],"14":[0],"15":[139],"16":[3],"17":[2],"18":[136],"19":[137],"20":[136],"21":[1],"22":[136],"23":[1],"24":[0],"25":[136],"26":[1],"27":[135],"28":[1],"29":[0],"30":[19],"31":[0],"32":[15],"33":[4]},"fnMap":{"0":{"name":"createDiagramWebSocketServer","decl":{"start":{"line":16,"column":7},"end":{"line":131,"column":1}},"loc":{"start":{"line":16,"column":7},"end":{"line":131,"column":1}},"line":16},"1":{"name":"verifyClient","decl":{"start":{"line":21,"column":18},"end":{"line":27,"column":6}},"loc":{"start":{"line":21,"column":18},"end":{"line":27,"column":6}},"line":21},"2":{"name":"send","decl":{"start":{"line":50,"column":17},"end":{"line":54,"column":6}},"loc":{"start":{"line":50,"column":17},"end":{"line":54,"column":6}},"line":50}},"f":{"0":17,"1":21,"2":140}}
,"C:\\SysteModel\\packages\\diagram-service\\src\\layout\\elk-layout.ts": {"path":"C:\\SysteModel\\packages\\diagram-service\\src\\layout\\elk-layout.ts","all":true,"statementMap":{"0":{"start":{"line":1,"column":0},"end":{"line":1,"column":35}},"4":{"start":{"line":5,"column":0},"end":{"line":5,"column":63}},"5":{"start":{"line":6,"column":0},"end":{"line":6,"column":33}},"30":{"start":{"line":31,"column":0},"end":{"line":31,"column":75}},"31":{"start":{"line":32,"column":0},"end":{"line":32,"column":76}},"32":{"start":{"line":33,"column":0},"end":{"line":33,"column":76}},"34":{"start":{"line":35,"column":0},"end":{"line":35,"column":30}},"35":{"start":{"line":36,"column":0},"end":{"line":36,"column":17}},"36":{"start":{"line":37,"column":0},"end":{"line":37,"column":20}},"37":{"start":{"line":38,"column":0},"end":{"line":38,"column":33}},"38":{"start":{"line":39,"column":0},"end":{"line":39,"column":30}},"39":{"start":{"line":40,"column":0},"end":{"line":40,"column":35}},"40":{"start":{"line":41,"column":0},"end":{"line":41,"column":56}},"41":{"start":{"line":42,"column":0},"end":{"line":42,"column":6}},"42":{"start":{"line":43,"column":0},"end":{"line":43,"column":33}},"43":{"start":{"line":44,"column":0},"end":{"line":44,"column":15}},"44":{"start":{"line":45,"column":0},"end":{"line":45,"column":34}},"45":{"start":{"line":46,"column":0},"end":{"line":46,"column":35}},"46":{"start":{"line":47,"column":0},"end":{"line":47,"column":8}},"47":{"start":{"line":48,"column":0},"end":{"line":48,"column":19}},"48":{"start":{"line":49,"column":0},"end":{"line":49,"column":54}},"49":{"start":{"line":50,"column":0},"end":{"line":50,"column":18}},"50":{"start":{"line":51,"column":0},"end":{"line":51,"column":74}},"51":{"start":{"line":52,"column":0},"end":{"line":52,"column":21}},"55":{"start":{"line":56,"column":0},"end":{"line":56,"column":51}},"56":{"start":{"line":57,"column":0},"end":{"line":57,"column":109}},"57":{"start":{"line":58,"column":0},"end":{"line":58,"column":18}},"58":{"start":{"line":59,"column":0},"end":{"line":59,"column":21}},"59":{"start":{"line":60,"column":0},"end":{"line":60,"column":34}},"60":{"start":{"line":61,"column":0},"end":{"line":61,"column":34}},"61":{"start":{"line":62,"column":0},"end":{"line":62,"column":99}},"62":{"start":{"line":63,"column":0},"end":{"line":63,"column":12}},"63":{"start":{"line":64,"column":0},"end":{"line":64,"column":11}},"64":{"start":{"line":65,"column":0},"end":{"line":65,"column":9}},"65":{"start":{"line":66,"column":0},"end":{"line":66,"column":4}},"67":{"start":{"line":68,"column":0},"end":{"line":68,"column":58}},"69":{"start":{"line":70,"column":0},"end":{"line":70,"column":47}},"70":{"start":{"line":71,"column":0},"end":{"line":71,"column":68}},"71":{"start":{"line":72,"column":0},"end":{"line":72,"column":12}},"72":{"start":{"line":73,"column":0},"end":{"line":73,"column":14}},"73":{"start":{"line":74,"column":0},"end":{"line":74,"column":59}},"74":{"start":{"line":75,"column":0},"end":{"line":75,"column":6}},"75":{"start":{"line":76,"column":0},"end":{"line":76,"column":5}},"77":{"start":{"line":78,"column":0},"end":{"line":78,"column":43}},"78":{"start":{"line":79,"column":0},"end":{"line":79,"column":66}},"79":{"start":{"line":80,"column":0},"end":{"line":80,"column":43}},"80":{"start":{"line":81,"column":0},"end":{"line":81,"column":33}},"81":{"start":{"line":82,"column":0},"end":{"line":82,"column":77}},"82":{"start":{"line":83,"column":0},"end":{"line":83,"column":11}},"83":{"start":{"line":84,"column":0},"end":{"line":84,"column":38}},"84":{"start":{"line":85,"column":0},"end":{"line":85,"column":5}},"86":{"start":{"line":87,"column":0},"end":{"line":87,"column":10}},"87":{"start":{"line":88,"column":0},"end":{"line":88,"column":13}},"88":{"start":{"line":89,"column":0},"end":{"line":89,"column":51}},"89":{"start":{"line":90,"column":0},"end":{"line":90,"column":4}},"90":{"start":{"line":91,"column":0},"end":{"line":91,"column":1}}},"s":{"0":0,"4":0,"5":0,"30":0,"31":0,"32":0,"34":0,"35":0,"36":0,"37":0,"38":0,"39":0,"40":0,"41":0,"42":0,"43":0,"44":0,"45":0,"46":0,"47":0,"48":0,"49":0,"50":0,"51":0,"55":0,"56":0,"57":0,"58":0,"59":0,"60":0,"61":0,"62":0,"63":0,"64":0,"65":0,"67":0,"69":0,"70":0,"71":0,"72":0,"73":0,"74":0,"75":0,"77":0,"78":0,"79":0,"80":0,"81":0,"82":0,"83":0,"84":0,"86":0,"87":0,"88":0,"89":0,"90":0},"branchMap":{"0":{"type":"branch","line":1,"loc":{"start":{"line":1,"column":2824},"end":{"line":91,"column":1}},"locations":[{"start":{"line":1,"column":2824},"end":{"line":91,"column":1}}]}},"b":{"0":[0]},"fnMap":{"0":{"name":"(empty-report)","decl":{"start":{"line":1,"column":2824},"end":{"line":91,"column":1}},"loc":{"start":{"line":1,"column":2824},"end":{"line":91,"column":1}},"line":1}},"f":{"0":0}}
,"C:\\SysteModel\\packages\\diagram-service\\src\\parser\\sysml-text-parser.ts": {"path":"C:\\SysteModel\\packages\\diagram-service\\src\\parser\\sysml-text-parser.ts","all":false,"statementMap":{"14":{"start":{"line":15,"column":0},"end":{"line":15,"column":94}},"15":{"start":{"line":16,"column":0},"end":{"line":16,"column":42}},"16":{"start":{"line":17,"column":0},"end":{"line":17,"column":19}},"19":{"start":{"line":20,"column":0},"end":{"line":20,"column":59}},"20":{"start":{"line":21,"column":0},"end":{"line":21,"column":38}},"21":{"start":{"line":22,"column":0},"end":{"line":22,"column":33}},"22":{"start":{"line":23,"column":0},"end":{"line":23,"column":45}},"23":{"start":{"line":24,"column":0},"end":{"line":24,"column":72}},"24":{"start":{"line":25,"column":0},"end":{"line":25,"column":3}},"25":{"start":{"line":26,"column":0},"end":{"line":26,"column":48}},"26":{"start":{"line":27,"column":0},"end":{"line":27,"column":64}},"27":{"start":{"line":28,"column":0},"end":{"line":28,"column":3}},"30":{"start":{"line":31,"column":0},"end":{"line":31,"column":43}},"31":{"start":{"line":32,"column":0},"end":{"line":32,"column":38}},"32":{"start":{"line":33,"column":0},"end":{"line":33,"column":54}},"33":{"start":{"line":34,"column":0},"end":{"line":34,"column":47}},"35":{"start":{"line":36,"column":0},"end":{"line":36,"column":53}},"36":{"start":{"line":37,"column":0},"end":{"line":37,"column":33}},"37":{"start":{"line":38,"column":0},"end":{"line":38,"column":53}},"38":{"start":{"line":39,"column":0},"end":{"line":39,"column":68}},"39":{"start":{"line":40,"column":0},"end":{"line":40,"column":29}},"41":{"start":{"line":42,"column":0},"end":{"line":42,"column":41}},"42":{"start":{"line":43,"column":0},"end":{"line":43,"column":37}},"43":{"start":{"line":44,"column":0},"end":{"line":44,"column":48}},"45":{"start":{"line":46,"column":0},"end":{"line":46,"column":33}},"46":{"start":{"line":47,"column":0},"end":{"line":47,"column":34}},"48":{"start":{"line":49,"column":0},"end":{"line":49,"column":32}},"49":{"start":{"line":50,"column":0},"end":{"line":50,"column":59}},"50":{"start":{"line":51,"column":0},"end":{"line":51,"column":23}},"51":{"start":{"line":52,"column":0},"end":{"line":52,"column":30}},"52":{"start":{"line":53,"column":0},"end":{"line":53,"column":80}},"53":{"start":{"line":54,"column":0},"end":{"line":54,"column":73}},"54":{"start":{"line":55,"column":0},"end":{"line":55,"column":54}},"55":{"start":{"line":56,"column":0},"end":{"line":56,"column":24}},"56":{"start":{"line":57,"column":0},"end":{"line":57,"column":7}},"57":{"start":{"line":58,"column":0},"end":{"line":58,"column":12}},"59":{"start":{"line":60,"column":0},"end":{"line":60,"column":62}},"60":{"start":{"line":61,"column":0},"end":{"line":61,"column":5}},"62":{"start":{"line":63,"column":0},"end":{"line":63,"column":89}},"64":{"start":{"line":65,"column":0},"end":{"line":65,"column":92}},"65":{"start":{"line":66,"column":0},"end":{"line":66,"column":93}},"66":{"start":{"line":67,"column":0},"end":{"line":67,"column":3}},"67":{"start":{"line":68,"column":0},"end":{"line":68,"column":39}},"68":{"start":{"line":69,"column":0},"end":{"line":69,"column":1}},"70":{"start":{"line":71,"column":0},"end":{"line":71,"column":45}},"72":{"start":{"line":73,"column":0},"end":{"line":73,"column":46}},"74":{"start":{"line":75,"column":0},"end":{"line":75,"column":39}},"75":{"start":{"line":76,"column":0},"end":{"line":76,"column":13}},"76":{"start":{"line":77,"column":0},"end":{"line":77,"column":1}},"78":{"start":{"line":79,"column":0},"end":{"line":79,"column":55}},"79":{"start":{"line":80,"column":0},"end":{"line":80,"column":61}},"80":{"start":{"line":81,"column":0},"end":{"line":81,"column":1}},"84":{"start":{"line":85,"column":0},"end":{"line":85,"column":92}},"85":{"start":{"line":86,"column":0},"end":{"line":86,"column":44}},"86":{"start":{"line":87,"column":0},"end":{"line":87,"column":18}},"87":{"start":{"line":88,"column":0},"end":{"line":88,"column":68}},"88":{"start":{"line":89,"column":0},"end":{"line":89,"column":34}},"90":{"start":{"line":91,"column":0},"end":{"line":91,"column":49}},"91":{"start":{"line":92,"column":0},"end":{"line":92,"column":38}},"92":{"start":{"line":93,"column":0},"end":{"line":93,"column":42}},"93":{"start":{"line":94,"column":0},"end":{"line":94,"column":35}},"94":{"start":{"line":95,"column":0},"end":{"line":95,"column":18}},"95":{"start":{"line":96,"column":0},"end":{"line":96,"column":5}},"96":{"start":{"line":97,"column":0},"end":{"line":97,"column":27}},"97":{"start":{"line":98,"column":0},"end":{"line":98,"column":1}},"100":{"start":{"line":101,"column":0},"end":{"line":101,"column":70}},"101":{"start":{"line":102,"column":0},"end":{"line":102,"column":35}},"102":{"start":{"line":103,"column":0},"end":{"line":103,"column":1}},"104":{"start":{"line":105,"column":0},"end":{"line":105,"column":83}},"105":{"start":{"line":106,"column":0},"end":{"line":106,"column":62}},"106":{"start":{"line":107,"column":0},"end":{"line":107,"column":42}},"107":{"start":{"line":108,"column":0},"end":{"line":108,"column":54}},"108":{"start":{"line":109,"column":0},"end":{"line":109,"column":52}},"109":{"start":{"line":110,"column":0},"end":{"line":110,"column":26}},"110":{"start":{"line":111,"column":0},"end":{"line":111,"column":1}},"113":{"start":{"line":114,"column":0},"end":{"line":114,"column":53}},"114":{"start":{"line":115,"column":0},"end":{"line":115,"column":49}},"116":{"start":{"line":117,"column":0},"end":{"line":117,"column":77}},"118":{"start":{"line":119,"column":0},"end":{"line":119,"column":45}},"119":{"start":{"line":120,"column":0},"end":{"line":120,"column":44}},"120":{"start":{"line":121,"column":0},"end":{"line":121,"column":67}},"121":{"start":{"line":122,"column":0},"end":{"line":122,"column":49}},"122":{"start":{"line":123,"column":0},"end":{"line":123,"column":42}},"123":{"start":{"line":124,"column":0},"end":{"line":124,"column":16}},"124":{"start":{"line":125,"column":0},"end":{"line":125,"column":45}},"125":{"start":{"line":126,"column":0},"end":{"line":126,"column":58}},"126":{"start":{"line":127,"column":0},"end":{"line":127,"column":58}},"127":{"start":{"line":128,"column":0},"end":{"line":128,"column":5}},"128":{"start":{"line":129,"column":0},"end":{"line":129,"column":32}},"129":{"start":{"line":130,"column":0},"end":{"line":130,"column":3}},"130":{"start":{"line":131,"column":0},"end":{"line":131,"column":28}},"131":{"start":{"line":132,"column":0},"end":{"line":132,"column":1}},"134":{"start":{"line":135,"column":0},"end":{"line":135,"column":80}},"135":{"start":{"line":136,"column":0},"end":{"line":136,"column":61}},"136":{"start":{"line":137,"column":0},"end":{"line":137,"column":19}},"137":{"start":{"line":138,"column":0},"end":{"line":138,"column":30}},"138":{"start":{"line":139,"column":0},"end":{"line":139,"column":50}},"139":{"start":{"line":140,"column":0},"end":{"line":140,"column":38}},"140":{"start":{"line":141,"column":0},"end":{"line":141,"column":30}},"141":{"start":{"line":142,"column":0},"end":{"line":142,"column":18}},"142":{"start":{"line":143,"column":0},"end":{"line":143,"column":23}},"143":{"start":{"line":144,"column":0},"end":{"line":144,"column":1}},"147":{"start":{"line":148,"column":0},"end":{"line":148,"column":63}},"148":{"start":{"line":149,"column":0},"end":{"line":149,"column":28}},"149":{"start":{"line":150,"column":0},"end":{"line":150,"column":39}},"150":{"start":{"line":151,"column":0},"end":{"line":151,"column":39}},"151":{"start":{"line":152,"column":0},"end":{"line":152,"column":16}},"152":{"start":{"line":153,"column":0},"end":{"line":153,"column":24}},"153":{"start":{"line":154,"column":0},"end":{"line":154,"column":39}},"154":{"start":{"line":155,"column":0},"end":{"line":155,"column":32}},"155":{"start":{"line":156,"column":0},"end":{"line":156,"column":37}},"156":{"start":{"line":157,"column":0},"end":{"line":157,"column":8}},"157":{"start":{"line":158,"column":0},"end":{"line":158,"column":3}},"158":{"start":{"line":159,"column":0},"end":{"line":159,"column":11}},"159":{"start":{"line":160,"column":0},"end":{"line":160,"column":1}},"167":{"start":{"line":168,"column":0},"end":{"line":168,"column":70}},"168":{"start":{"line":169,"column":0},"end":{"line":169,"column":17}},"169":{"start":{"line":170,"column":0},"end":{"line":170,"column":52}},"170":{"start":{"line":171,"column":0},"end":{"line":171,"column":80}},"171":{"start":{"line":172,"column":0},"end":{"line":172,"column":83}},"172":{"start":{"line":173,"column":0},"end":{"line":173,"column":83}},"173":{"start":{"line":174,"column":0},"end":{"line":174,"column":73}},"174":{"start":{"line":175,"column":0},"end":{"line":175,"column":73}},"175":{"start":{"line":176,"column":0},"end":{"line":176,"column":77}},"176":{"start":{"line":177,"column":0},"end":{"line":177,"column":76}},"177":{"start":{"line":178,"column":0},"end":{"line":178,"column":80}},"178":{"start":{"line":179,"column":0},"end":{"line":179,"column":80}},"179":{"start":{"line":180,"column":0},"end":{"line":180,"column":4}},"180":{"start":{"line":181,"column":0},"end":{"line":181,"column":12}},"182":{"start":{"line":183,"column":0},"end":{"line":183,"column":80}},"183":{"start":{"line":184,"column":0},"end":{"line":184,"column":80}},"184":{"start":{"line":185,"column":0},"end":{"line":185,"column":80}},"185":{"start":{"line":186,"column":0},"end":{"line":186,"column":80}},"186":{"start":{"line":187,"column":0},"end":{"line":187,"column":80}},"187":{"start":{"line":188,"column":0},"end":{"line":188,"column":80}},"188":{"start":{"line":189,"column":0},"end":{"line":189,"column":80}},"189":{"start":{"line":190,"column":0},"end":{"line":190,"column":4}},"190":{"start":{"line":191,"column":0},"end":{"line":191,"column":8}},"192":{"start":{"line":193,"column":0},"end":{"line":193,"column":80}},"193":{"start":{"line":194,"column":0},"end":{"line":194,"column":80}},"194":{"start":{"line":195,"column":0},"end":{"line":195,"column":80}},"195":{"start":{"line":196,"column":0},"end":{"line":196,"column":80}},"196":{"start":{"line":197,"column":0},"end":{"line":197,"column":80}},"197":{"start":{"line":198,"column":0},"end":{"line":198,"column":80}},"198":{"start":{"line":199,"column":0},"end":{"line":199,"column":80}},"199":{"start":{"line":200,"column":0},"end":{"line":200,"column":80}},"200":{"start":{"line":201,"column":0},"end":{"line":201,"column":80}},"201":{"start":{"line":202,"column":0},"end":{"line":202,"column":80}},"202":{"start":{"line":203,"column":0},"end":{"line":203,"column":80}},"203":{"start":{"line":204,"column":0},"end":{"line":204,"column":80}},"204":{"start":{"line":205,"column":0},"end":{"line":205,"column":80}},"205":{"start":{"line":206,"column":0},"end":{"line":206,"column":80}},"206":{"start":{"line":207,"column":0},"end":{"line":207,"column":80}},"207":{"start":{"line":208,"column":0},"end":{"line":208,"column":4}},"208":{"start":{"line":209,"column":0},"end":{"line":209,"column":7}},"210":{"start":{"line":211,"column":0},"end":{"line":211,"column":68}},"211":{"start":{"line":212,"column":0},"end":{"line":212,"column":68}},"212":{"start":{"line":213,"column":0},"end":{"line":213,"column":68}},"213":{"start":{"line":214,"column":0},"end":{"line":214,"column":68}},"214":{"start":{"line":215,"column":0},"end":{"line":215,"column":66}},"215":{"start":{"line":216,"column":0},"end":{"line":216,"column":66}},"216":{"start":{"line":217,"column":0},"end":{"line":217,"column":66}},"217":{"start":{"line":218,"column":0},"end":{"line":218,"column":66}},"218":{"start":{"line":219,"column":0},"end":{"line":219,"column":67}},"219":{"start":{"line":220,"column":0},"end":{"line":220,"column":70}},"220":{"start":{"line":221,"column":0},"end":{"line":221,"column":68}},"221":{"start":{"line":222,"column":0},"end":{"line":222,"column":67}},"222":{"start":{"line":223,"column":0},"end":{"line":223,"column":71}},"223":{"start":{"line":224,"column":0},"end":{"line":224,"column":69}},"224":{"start":{"line":225,"column":0},"end":{"line":225,"column":69}},"225":{"start":{"line":226,"column":0},"end":{"line":226,"column":72}},"226":{"start":{"line":227,"column":0},"end":{"line":227,"column":73}},"227":{"start":{"line":228,"column":0},"end":{"line":228,"column":75}},"228":{"start":{"line":229,"column":0},"end":{"line":229,"column":4}},"229":{"start":{"line":230,"column":0},"end":{"line":230,"column":15}},"231":{"start":{"line":232,"column":0},"end":{"line":232,"column":70}},"232":{"start":{"line":233,"column":0},"end":{"line":233,"column":70}},"233":{"start":{"line":234,"column":0},"end":{"line":234,"column":70}},"234":{"start":{"line":235,"column":0},"end":{"line":235,"column":70}},"235":{"start":{"line":236,"column":0},"end":{"line":236,"column":70}},"236":{"start":{"line":237,"column":0},"end":{"line":237,"column":70}},"237":{"start":{"line":238,"column":0},"end":{"line":238,"column":70}},"238":{"start":{"line":239,"column":0},"end":{"line":239,"column":70}},"239":{"start":{"line":240,"column":0},"end":{"line":240,"column":70}},"240":{"start":{"line":241,"column":0},"end":{"line":241,"column":70}},"241":{"start":{"line":242,"column":0},"end":{"line":242,"column":4}},"243":{"start":{"line":244,"column":0},"end":{"line":244,"column":13}},"244":{"start":{"line":245,"column":0},"end":{"line":245,"column":45}},"245":{"start":{"line":246,"column":0},"end":{"line":246,"column":45}},"246":{"start":{"line":247,"column":0},"end":{"line":247,"column":45}},"247":{"start":{"line":248,"column":0},"end":{"line":248,"column":45}},"248":{"start":{"line":249,"column":0},"end":{"line":249,"column":45}},"249":{"start":{"line":250,"column":0},"end":{"line":250,"column":45}},"250":{"start":{"line":251,"column":0},"end":{"line":251,"column":4}},"251":{"start":{"line":252,"column":0},"end":{"line":252,"column":2}},"255":{"start":{"line":256,"column":0},"end":{"line":256,"column":50}},"260":{"start":{"line":261,"column":0},"end":{"line":261,"column":172}},"263":{"start":{"line":264,"column":0},"end":{"line":264,"column":180}},"264":{"start":{"line":265,"column":0},"end":{"line":265,"column":179}},"266":{"start":{"line":267,"column":0},"end":{"line":267,"column":135}},"268":{"start":{"line":269,"column":0},"end":{"line":269,"column":137}},"269":{"start":{"line":270,"column":0},"end":{"line":270,"column":103}},"270":{"start":{"line":271,"column":0},"end":{"line":271,"column":90}},"272":{"start":{"line":273,"column":0},"end":{"line":273,"column":202}},"274":{"start":{"line":275,"column":0},"end":{"line":275,"column":202}},"276":{"start":{"line":277,"column":0},"end":{"line":277,"column":211}},"278":{"start":{"line":279,"column":0},"end":{"line":279,"column":138}},"280":{"start":{"line":281,"column":0},"end":{"line":281,"column":195}},"282":{"start":{"line":283,"column":0},"end":{"line":283,"column":73}},"283":{"start":{"line":284,"column":0},"end":{"line":284,"column":82}},"285":{"start":{"line":286,"column":0},"end":{"line":286,"column":122}},"287":{"start":{"line":288,"column":0},"end":{"line":288,"column":146}},"289":{"start":{"line":290,"column":0},"end":{"line":290,"column":123}},"291":{"start":{"line":292,"column":0},"end":{"line":292,"column":223}},"293":{"start":{"line":294,"column":0},"end":{"line":294,"column":125}},"294":{"start":{"line":295,"column":0},"end":{"line":295,"column":135}},"295":{"start":{"line":296,"column":0},"end":{"line":296,"column":143}},"297":{"start":{"line":298,"column":0},"end":{"line":298,"column":154}},"299":{"start":{"line":300,"column":0},"end":{"line":300,"column":117}},"300":{"start":{"line":301,"column":0},"end":{"line":301,"column":73}},"301":{"start":{"line":302,"column":0},"end":{"line":302,"column":127}},"302":{"start":{"line":303,"column":0},"end":{"line":303,"column":83}},"303":{"start":{"line":304,"column":0},"end":{"line":304,"column":135}},"304":{"start":{"line":305,"column":0},"end":{"line":305,"column":91}},"306":{"start":{"line":307,"column":0},"end":{"line":307,"column":146}},"307":{"start":{"line":308,"column":0},"end":{"line":308,"column":102}},"309":{"start":{"line":310,"column":0},"end":{"line":310,"column":86}},"310":{"start":{"line":311,"column":0},"end":{"line":311,"column":85}},"312":{"start":{"line":313,"column":0},"end":{"line":313,"column":105}},"314":{"start":{"line":315,"column":0},"end":{"line":315,"column":102}},"315":{"start":{"line":316,"column":0},"end":{"line":316,"column":117}},"316":{"start":{"line":317,"column":0},"end":{"line":317,"column":57}},"317":{"start":{"line":318,"column":0},"end":{"line":318,"column":76}},"318":{"start":{"line":319,"column":0},"end":{"line":319,"column":64}},"319":{"start":{"line":320,"column":0},"end":{"line":320,"column":70}},"320":{"start":{"line":321,"column":0},"end":{"line":321,"column":99}},"321":{"start":{"line":322,"column":0},"end":{"line":322,"column":99}},"322":{"start":{"line":323,"column":0},"end":{"line":323,"column":91}},"323":{"start":{"line":324,"column":0},"end":{"line":324,"column":97}},"325":{"start":{"line":326,"column":0},"end":{"line":326,"column":72}},"326":{"start":{"line":327,"column":0},"end":{"line":327,"column":68}},"327":{"start":{"line":328,"column":0},"end":{"line":328,"column":80}},"328":{"start":{"line":329,"column":0},"end":{"line":329,"column":76}},"329":{"start":{"line":330,"column":0},"end":{"line":330,"column":66}},"330":{"start":{"line":331,"column":0},"end":{"line":331,"column":80}},"331":{"start":{"line":332,"column":0},"end":{"line":332,"column":64}},"336":{"start":{"line":337,"column":0},"end":{"line":337,"column":89}},"337":{"start":{"line":338,"column":0},"end":{"line":338,"column":71}},"340":{"start":{"line":341,"column":0},"end":{"line":341,"column":81}},"342":{"start":{"line":343,"column":0},"end":{"line":343,"column":65}},"345":{"start":{"line":346,"column":0},"end":{"line":346,"column":97}},"347":{"start":{"line":348,"column":0},"end":{"line":348,"column":86}},"348":{"start":{"line":349,"column":0},"end":{"line":349,"column":62}},"350":{"start":{"line":351,"column":0},"end":{"line":351,"column":71}},"352":{"start":{"line":353,"column":0},"end":{"line":353,"column":81}},"353":{"start":{"line":354,"column":0},"end":{"line":354,"column":79}},"354":{"start":{"line":355,"column":0},"end":{"line":355,"column":84}},"355":{"start":{"line":356,"column":0},"end":{"line":356,"column":75}},"358":{"start":{"line":359,"column":0},"end":{"line":359,"column":102}},"360":{"start":{"line":361,"column":0},"end":{"line":361,"column":101}},"363":{"start":{"line":364,"column":0},"end":{"line":364,"column":53}},"364":{"start":{"line":365,"column":0},"end":{"line":365,"column":75}},"365":{"start":{"line":366,"column":0},"end":{"line":366,"column":83}},"366":{"start":{"line":367,"column":0},"end":{"line":367,"column":91}},"367":{"start":{"line":368,"column":0},"end":{"line":368,"column":93}},"368":{"start":{"line":369,"column":0},"end":{"line":369,"column":69}},"369":{"start":{"line":370,"column":0},"end":{"line":370,"column":2}},"373":{"start":{"line":374,"column":0},"end":{"line":374,"column":57}},"375":{"start":{"line":376,"column":0},"end":{"line":376,"column":118}},"376":{"start":{"line":377,"column":0},"end":{"line":377,"column":39}},"377":{"start":{"line":378,"column":0},"end":{"line":378,"column":75}},"378":{"start":{"line":379,"column":0},"end":{"line":379,"column":3}},"379":{"start":{"line":380,"column":0},"end":{"line":380,"column":42}},"380":{"start":{"line":381,"column":0},"end":{"line":381,"column":12}},"381":{"start":{"line":382,"column":0},"end":{"line":382,"column":49}},"382":{"start":{"line":383,"column":0},"end":{"line":383,"column":137}},"383":{"start":{"line":384,"column":0},"end":{"line":384,"column":6}},"384":{"start":{"line":385,"column":0},"end":{"line":385,"column":3}},"387":{"start":{"line":388,"column":0},"end":{"line":388,"column":84}},"389":{"start":{"line":390,"column":0},"end":{"line":390,"column":100}},"393":{"start":{"line":394,"column":0},"end":{"line":394,"column":63}},"394":{"start":{"line":395,"column":0},"end":{"line":395,"column":3}},"395":{"start":{"line":396,"column":0},"end":{"line":396,"column":18}},"396":{"start":{"line":397,"column":0},"end":{"line":397,"column":50}},"397":{"start":{"line":398,"column":0},"end":{"line":398,"column":42}},"398":{"start":{"line":399,"column":0},"end":{"line":399,"column":47}},"399":{"start":{"line":400,"column":0},"end":{"line":400,"column":30}},"400":{"start":{"line":401,"column":0},"end":{"line":401,"column":5}},"401":{"start":{"line":402,"column":0},"end":{"line":402,"column":3}},"402":{"start":{"line":403,"column":0},"end":{"line":403,"column":47}},"403":{"start":{"line":404,"column":0},"end":{"line":404,"column":38}},"404":{"start":{"line":405,"column":0},"end":{"line":405,"column":65}},"407":{"start":{"line":408,"column":0},"end":{"line":408,"column":76}},"408":{"start":{"line":409,"column":0},"end":{"line":409,"column":100}},"409":{"start":{"line":410,"column":0},"end":{"line":410,"column":15}},"410":{"start":{"line":411,"column":0},"end":{"line":411,"column":61}},"411":{"start":{"line":412,"column":0},"end":{"line":412,"column":5}},"412":{"start":{"line":413,"column":0},"end":{"line":413,"column":3}},"413":{"start":{"line":414,"column":0},"end":{"line":414,"column":65}},"414":{"start":{"line":415,"column":0},"end":{"line":415,"column":66}},"416":{"start":{"line":417,"column":0},"end":{"line":417,"column":32}},"417":{"start":{"line":418,"column":0},"end":{"line":418,"column":44}},"418":{"start":{"line":419,"column":0},"end":{"line":419,"column":49}},"419":{"start":{"line":420,"column":0},"end":{"line":420,"column":46}},"420":{"start":{"line":421,"column":0},"end":{"line":421,"column":41}},"422":{"start":{"line":423,"column":0},"end":{"line":423,"column":45}},"425":{"start":{"line":426,"column":0},"end":{"line":426,"column":51}},"426":{"start":{"line":427,"column":0},"end":{"line":427,"column":41}},"427":{"start":{"line":428,"column":0},"end":{"line":428,"column":54}},"428":{"start":{"line":429,"column":0},"end":{"line":429,"column":34}},"429":{"start":{"line":430,"column":0},"end":{"line":430,"column":58}},"430":{"start":{"line":431,"column":0},"end":{"line":431,"column":37}},"431":{"start":{"line":432,"column":0},"end":{"line":432,"column":33}},"432":{"start":{"line":433,"column":0},"end":{"line":433,"column":57}},"433":{"start":{"line":434,"column":0},"end":{"line":434,"column":27}},"434":{"start":{"line":435,"column":0},"end":{"line":435,"column":25}},"435":{"start":{"line":436,"column":0},"end":{"line":436,"column":51}},"436":{"start":{"line":437,"column":0},"end":{"line":437,"column":56}},"437":{"start":{"line":438,"column":0},"end":{"line":438,"column":11}},"438":{"start":{"line":439,"column":0},"end":{"line":439,"column":7}},"439":{"start":{"line":440,"column":0},"end":{"line":440,"column":5}},"440":{"start":{"line":441,"column":0},"end":{"line":441,"column":3}},"442":{"start":{"line":443,"column":0},"end":{"line":443,"column":30}},"445":{"start":{"line":446,"column":0},"end":{"line":446,"column":31}},"446":{"start":{"line":447,"column":0},"end":{"line":447,"column":42}},"447":{"start":{"line":448,"column":0},"end":{"line":448,"column":63}},"448":{"start":{"line":449,"column":0},"end":{"line":449,"column":49}},"450":{"start":{"line":451,"column":0},"end":{"line":451,"column":93}},"451":{"start":{"line":452,"column":0},"end":{"line":452,"column":41}},"452":{"start":{"line":453,"column":0},"end":{"line":453,"column":15}},"454":{"start":{"line":455,"column":0},"end":{"line":455,"column":76}},"455":{"start":{"line":456,"column":0},"end":{"line":456,"column":58}},"456":{"start":{"line":457,"column":0},"end":{"line":457,"column":110}},"457":{"start":{"line":458,"column":0},"end":{"line":458,"column":24}},"458":{"start":{"line":459,"column":0},"end":{"line":459,"column":25}},"459":{"start":{"line":460,"column":0},"end":{"line":460,"column":85}},"460":{"start":{"line":461,"column":0},"end":{"line":461,"column":72}},"461":{"start":{"line":462,"column":0},"end":{"line":462,"column":83}},"462":{"start":{"line":463,"column":0},"end":{"line":463,"column":9}},"463":{"start":{"line":464,"column":0},"end":{"line":464,"column":15}},"464":{"start":{"line":465,"column":0},"end":{"line":465,"column":5}},"465":{"start":{"line":466,"column":0},"end":{"line":466,"column":25}},"466":{"start":{"line":467,"column":0},"end":{"line":467,"column":31}},"467":{"start":{"line":468,"column":0},"end":{"line":468,"column":29}},"469":{"start":{"line":470,"column":0},"end":{"line":470,"column":35}},"470":{"start":{"line":471,"column":0},"end":{"line":471,"column":34}},"471":{"start":{"line":472,"column":0},"end":{"line":472,"column":31}},"472":{"start":{"line":473,"column":0},"end":{"line":473,"column":55}},"473":{"start":{"line":474,"column":0},"end":{"line":474,"column":27}},"474":{"start":{"line":475,"column":0},"end":{"line":475,"column":23}},"475":{"start":{"line":476,"column":0},"end":{"line":476,"column":49}},"476":{"start":{"line":477,"column":0},"end":{"line":477,"column":56}},"477":{"start":{"line":478,"column":0},"end":{"line":478,"column":11}},"478":{"start":{"line":479,"column":0},"end":{"line":479,"column":7}},"479":{"start":{"line":480,"column":0},"end":{"line":480,"column":12}},"480":{"start":{"line":481,"column":0},"end":{"line":481,"column":78}},"481":{"start":{"line":482,"column":0},"end":{"line":482,"column":61}},"482":{"start":{"line":483,"column":0},"end":{"line":483,"column":67}},"483":{"start":{"line":484,"column":0},"end":{"line":484,"column":24}},"484":{"start":{"line":485,"column":0},"end":{"line":485,"column":28}},"485":{"start":{"line":486,"column":0},"end":{"line":486,"column":71}},"486":{"start":{"line":487,"column":0},"end":{"line":487,"column":71}},"487":{"start":{"line":488,"column":0},"end":{"line":488,"column":83}},"488":{"start":{"line":489,"column":0},"end":{"line":489,"column":9}},"489":{"start":{"line":490,"column":0},"end":{"line":490,"column":5}},"490":{"start":{"line":491,"column":0},"end":{"line":491,"column":3}},"493":{"start":{"line":494,"column":0},"end":{"line":494,"column":73}},"497":{"start":{"line":498,"column":0},"end":{"line":498,"column":61}},"499":{"start":{"line":500,"column":0},"end":{"line":500,"column":38}},"500":{"start":{"line":501,"column":0},"end":{"line":501,"column":28}},"502":{"start":{"line":503,"column":0},"end":{"line":503,"column":43}},"503":{"start":{"line":504,"column":0},"end":{"line":504,"column":22}},"504":{"start":{"line":505,"column":0},"end":{"line":505,"column":50}},"505":{"start":{"line":506,"column":0},"end":{"line":506,"column":36}},"506":{"start":{"line":507,"column":0},"end":{"line":507,"column":5}},"508":{"start":{"line":509,"column":0},"end":{"line":509,"column":30}},"509":{"start":{"line":510,"column":0},"end":{"line":510,"column":45}},"510":{"start":{"line":511,"column":0},"end":{"line":511,"column":35}},"511":{"start":{"line":512,"column":0},"end":{"line":512,"column":5}},"512":{"start":{"line":513,"column":0},"end":{"line":513,"column":21}},"513":{"start":{"line":514,"column":0},"end":{"line":514,"column":3}},"516":{"start":{"line":517,"column":0},"end":{"line":517,"column":45}},"517":{"start":{"line":518,"column":0},"end":{"line":518,"column":64}},"518":{"start":{"line":519,"column":0},"end":{"line":519,"column":3}},"524":{"start":{"line":525,"column":0},"end":{"line":525,"column":43}},"526":{"start":{"line":527,"column":0},"end":{"line":527,"column":32}},"527":{"start":{"line":528,"column":0},"end":{"line":528,"column":39}},"528":{"start":{"line":529,"column":0},"end":{"line":529,"column":61}},"529":{"start":{"line":530,"column":0},"end":{"line":530,"column":50}},"530":{"start":{"line":531,"column":0},"end":{"line":531,"column":41}},"531":{"start":{"line":532,"column":0},"end":{"line":532,"column":82}},"532":{"start":{"line":533,"column":0},"end":{"line":533,"column":78}},"533":{"start":{"line":534,"column":0},"end":{"line":534,"column":78}},"535":{"start":{"line":536,"column":0},"end":{"line":536,"column":32}},"536":{"start":{"line":537,"column":0},"end":{"line":537,"column":16}},"537":{"start":{"line":538,"column":0},"end":{"line":538,"column":22}},"538":{"start":{"line":539,"column":0},"end":{"line":539,"column":20}},"539":{"start":{"line":540,"column":0},"end":{"line":540,"column":52}},"540":{"start":{"line":541,"column":0},"end":{"line":541,"column":14}},"541":{"start":{"line":542,"column":0},"end":{"line":542,"column":60}},"542":{"start":{"line":543,"column":0},"end":{"line":543,"column":66}},"543":{"start":{"line":544,"column":0},"end":{"line":544,"column":8}},"544":{"start":{"line":545,"column":0},"end":{"line":545,"column":6}},"545":{"start":{"line":546,"column":0},"end":{"line":546,"column":24}},"546":{"start":{"line":547,"column":0},"end":{"line":547,"column":48}},"547":{"start":{"line":548,"column":0},"end":{"line":548,"column":91}},"548":{"start":{"line":549,"column":0},"end":{"line":549,"column":3}},"551":{"start":{"line":552,"column":0},"end":{"line":552,"column":50}},"554":{"start":{"line":555,"column":0},"end":{"line":555,"column":38}},"556":{"start":{"line":557,"column":0},"end":{"line":557,"column":41}},"557":{"start":{"line":558,"column":0},"end":{"line":558,"column":70}},"558":{"start":{"line":559,"column":0},"end":{"line":559,"column":6}},"559":{"start":{"line":560,"column":0},"end":{"line":560,"column":16}},"560":{"start":{"line":561,"column":0},"end":{"line":561,"column":24}},"561":{"start":{"line":562,"column":0},"end":{"line":562,"column":64}},"562":{"start":{"line":563,"column":0},"end":{"line":563,"column":27}},"563":{"start":{"line":564,"column":0},"end":{"line":564,"column":27}},"564":{"start":{"line":565,"column":0},"end":{"line":565,"column":28}},"565":{"start":{"line":566,"column":0},"end":{"line":566,"column":17}},"566":{"start":{"line":567,"column":0},"end":{"line":567,"column":9}},"567":{"start":{"line":568,"column":0},"end":{"line":568,"column":5}},"568":{"start":{"line":569,"column":0},"end":{"line":569,"column":3}},"571":{"start":{"line":572,"column":0},"end":{"line":572,"column":71}},"572":{"start":{"line":573,"column":0},"end":{"line":573,"column":71}},"573":{"start":{"line":574,"column":0},"end":{"line":574,"column":3}},"578":{"start":{"line":579,"column":0},"end":{"line":579,"column":39}},"580":{"start":{"line":581,"column":0},"end":{"line":581,"column":30}},"581":{"start":{"line":582,"column":0},"end":{"line":582,"column":41}},"582":{"start":{"line":583,"column":0},"end":{"line":583,"column":61}},"583":{"start":{"line":584,"column":0},"end":{"line":584,"column":54}},"584":{"start":{"line":585,"column":0},"end":{"line":585,"column":68}},"585":{"start":{"line":586,"column":0},"end":{"line":586,"column":84}},"587":{"start":{"line":588,"column":0},"end":{"line":588,"column":42}},"589":{"start":{"line":590,"column":0},"end":{"line":590,"column":76}},"590":{"start":{"line":591,"column":0},"end":{"line":591,"column":34}},"591":{"start":{"line":592,"column":0},"end":{"line":592,"column":37}},"592":{"start":{"line":593,"column":0},"end":{"line":593,"column":20}},"593":{"start":{"line":594,"column":0},"end":{"line":594,"column":22}},"594":{"start":{"line":595,"column":0},"end":{"line":595,"column":48}},"595":{"start":{"line":596,"column":0},"end":{"line":596,"column":19}},"596":{"start":{"line":597,"column":0},"end":{"line":597,"column":50}},"597":{"start":{"line":598,"column":0},"end":{"line":598,"column":22}},"598":{"start":{"line":599,"column":0},"end":{"line":599,"column":14}},"599":{"start":{"line":600,"column":0},"end":{"line":600,"column":56}},"600":{"start":{"line":601,"column":0},"end":{"line":601,"column":79}},"601":{"start":{"line":602,"column":0},"end":{"line":602,"column":8}},"602":{"start":{"line":603,"column":0},"end":{"line":603,"column":6}},"603":{"start":{"line":604,"column":0},"end":{"line":604,"column":26}},"604":{"start":{"line":605,"column":0},"end":{"line":605,"column":40}},"607":{"start":{"line":608,"column":0},"end":{"line":608,"column":86}},"608":{"start":{"line":609,"column":0},"end":{"line":609,"column":100}},"611":{"start":{"line":612,"column":0},"end":{"line":612,"column":56}},"612":{"start":{"line":613,"column":0},"end":{"line":613,"column":19}},"613":{"start":{"line":614,"column":0},"end":{"line":614,"column":24}},"614":{"start":{"line":615,"column":0},"end":{"line":615,"column":66}},"615":{"start":{"line":616,"column":0},"end":{"line":616,"column":30}},"616":{"start":{"line":617,"column":0},"end":{"line":617,"column":31}},"617":{"start":{"line":618,"column":0},"end":{"line":618,"column":28}},"618":{"start":{"line":619,"column":0},"end":{"line":619,"column":17}},"619":{"start":{"line":620,"column":0},"end":{"line":620,"column":9}},"620":{"start":{"line":621,"column":0},"end":{"line":621,"column":5}},"621":{"start":{"line":622,"column":0},"end":{"line":622,"column":3}},"625":{"start":{"line":626,"column":0},"end":{"line":626,"column":39}},"626":{"start":{"line":627,"column":0},"end":{"line":627,"column":36}},"627":{"start":{"line":628,"column":0},"end":{"line":628,"column":45}},"628":{"start":{"line":629,"column":0},"end":{"line":629,"column":94}},"629":{"start":{"line":630,"column":0},"end":{"line":630,"column":29}},"630":{"start":{"line":631,"column":0},"end":{"line":631,"column":28}},"631":{"start":{"line":632,"column":0},"end":{"line":632,"column":70}},"632":{"start":{"line":633,"column":0},"end":{"line":633,"column":68}},"633":{"start":{"line":634,"column":0},"end":{"line":634,"column":36}},"634":{"start":{"line":635,"column":0},"end":{"line":635,"column":55}},"635":{"start":{"line":636,"column":0},"end":{"line":636,"column":22}},"636":{"start":{"line":637,"column":0},"end":{"line":637,"column":24}},"637":{"start":{"line":638,"column":0},"end":{"line":638,"column":19}},"638":{"start":{"line":639,"column":0},"end":{"line":639,"column":53}},"639":{"start":{"line":640,"column":0},"end":{"line":640,"column":22}},"640":{"start":{"line":641,"column":0},"end":{"line":641,"column":14}},"641":{"start":{"line":642,"column":0},"end":{"line":642,"column":56}},"642":{"start":{"line":643,"column":0},"end":{"line":643,"column":54}},"643":{"start":{"line":644,"column":0},"end":{"line":644,"column":8}},"644":{"start":{"line":645,"column":0},"end":{"line":645,"column":6}},"645":{"start":{"line":646,"column":0},"end":{"line":646,"column":28}},"649":{"start":{"line":650,"column":0},"end":{"line":650,"column":85}},"650":{"start":{"line":651,"column":0},"end":{"line":651,"column":21}},"651":{"start":{"line":652,"column":0},"end":{"line":652,"column":24}},"652":{"start":{"line":653,"column":0},"end":{"line":653,"column":76}},"653":{"start":{"line":654,"column":0},"end":{"line":654,"column":32}},"654":{"start":{"line":655,"column":0},"end":{"line":655,"column":33}},"655":{"start":{"line":656,"column":0},"end":{"line":656,"column":28}},"656":{"start":{"line":657,"column":0},"end":{"line":657,"column":17}},"657":{"start":{"line":658,"column":0},"end":{"line":658,"column":9}},"658":{"start":{"line":659,"column":0},"end":{"line":659,"column":24}},"660":{"start":{"line":661,"column":0},"end":{"line":661,"column":50}},"661":{"start":{"line":662,"column":0},"end":{"line":662,"column":21}},"662":{"start":{"line":663,"column":0},"end":{"line":663,"column":26}},"663":{"start":{"line":664,"column":0},"end":{"line":664,"column":82}},"664":{"start":{"line":665,"column":0},"end":{"line":665,"column":32}},"665":{"start":{"line":666,"column":0},"end":{"line":666,"column":35}},"666":{"start":{"line":667,"column":0},"end":{"line":667,"column":30}},"667":{"start":{"line":668,"column":0},"end":{"line":668,"column":19}},"668":{"start":{"line":669,"column":0},"end":{"line":669,"column":11}},"669":{"start":{"line":670,"column":0},"end":{"line":670,"column":7}},"670":{"start":{"line":671,"column":0},"end":{"line":671,"column":5}},"673":{"start":{"line":674,"column":0},"end":{"line":674,"column":3}},"677":{"start":{"line":678,"column":0},"end":{"line":678,"column":28}},"678":{"start":{"line":679,"column":0},"end":{"line":679,"column":36}},"680":{"start":{"line":681,"column":0},"end":{"line":681,"column":54}},"681":{"start":{"line":682,"column":0},"end":{"line":682,"column":64}},"682":{"start":{"line":683,"column":0},"end":{"line":683,"column":43}},"683":{"start":{"line":684,"column":0},"end":{"line":684,"column":100}},"684":{"start":{"line":685,"column":0},"end":{"line":685,"column":35}},"686":{"start":{"line":687,"column":0},"end":{"line":687,"column":75}},"687":{"start":{"line":688,"column":0},"end":{"line":688,"column":79}},"688":{"start":{"line":689,"column":0},"end":{"line":689,"column":81}},"690":{"start":{"line":691,"column":0},"end":{"line":691,"column":75}},"691":{"start":{"line":692,"column":0},"end":{"line":692,"column":54}},"692":{"start":{"line":693,"column":0},"end":{"line":693,"column":29}},"693":{"start":{"line":694,"column":0},"end":{"line":694,"column":9}},"694":{"start":{"line":695,"column":0},"end":{"line":695,"column":11}},"695":{"start":{"line":696,"column":0},"end":{"line":696,"column":11}},"696":{"start":{"line":697,"column":0},"end":{"line":697,"column":26}},"697":{"start":{"line":698,"column":0},"end":{"line":698,"column":31}},"698":{"start":{"line":699,"column":0},"end":{"line":699,"column":50}},"699":{"start":{"line":700,"column":0},"end":{"line":700,"column":19}},"700":{"start":{"line":701,"column":0},"end":{"line":701,"column":21}},"701":{"start":{"line":702,"column":0},"end":{"line":702,"column":22}},"702":{"start":{"line":703,"column":0},"end":{"line":703,"column":14}},"703":{"start":{"line":704,"column":0},"end":{"line":704,"column":60}},"704":{"start":{"line":705,"column":0},"end":{"line":705,"column":66}},"705":{"start":{"line":706,"column":0},"end":{"line":706,"column":8}},"706":{"start":{"line":707,"column":0},"end":{"line":707,"column":6}},"709":{"start":{"line":710,"column":0},"end":{"line":710,"column":33}},"710":{"start":{"line":711,"column":0},"end":{"line":711,"column":62}},"711":{"start":{"line":712,"column":0},"end":{"line":712,"column":59}},"712":{"start":{"line":713,"column":0},"end":{"line":713,"column":24}},"713":{"start":{"line":714,"column":0},"end":{"line":714,"column":28}},"714":{"start":{"line":715,"column":0},"end":{"line":715,"column":70}},"715":{"start":{"line":716,"column":0},"end":{"line":716,"column":69}},"716":{"start":{"line":717,"column":0},"end":{"line":717,"column":9}},"717":{"start":{"line":718,"column":0},"end":{"line":718,"column":5}},"718":{"start":{"line":719,"column":0},"end":{"line":719,"column":27}},"720":{"start":{"line":721,"column":0},"end":{"line":721,"column":21}},"721":{"start":{"line":722,"column":0},"end":{"line":722,"column":30}},"724":{"start":{"line":725,"column":0},"end":{"line":725,"column":51}},"725":{"start":{"line":726,"column":0},"end":{"line":726,"column":19}},"726":{"start":{"line":727,"column":0},"end":{"line":727,"column":24}},"727":{"start":{"line":728,"column":0},"end":{"line":728,"column":61}},"728":{"start":{"line":729,"column":0},"end":{"line":729,"column":30}},"729":{"start":{"line":730,"column":0},"end":{"line":730,"column":21}},"730":{"start":{"line":731,"column":0},"end":{"line":731,"column":28}},"731":{"start":{"line":732,"column":0},"end":{"line":732,"column":17}},"732":{"start":{"line":733,"column":0},"end":{"line":733,"column":9}},"733":{"start":{"line":734,"column":0},"end":{"line":734,"column":5}},"736":{"start":{"line":737,"column":0},"end":{"line":737,"column":22}},"737":{"start":{"line":738,"column":0},"end":{"line":738,"column":49}},"738":{"start":{"line":739,"column":0},"end":{"line":739,"column":38}},"739":{"start":{"line":740,"column":0},"end":{"line":740,"column":75}},"740":{"start":{"line":741,"column":0},"end":{"line":741,"column":61}},"741":{"start":{"line":742,"column":0},"end":{"line":742,"column":88}},"742":{"start":{"line":743,"column":0},"end":{"line":743,"column":67}},"743":{"start":{"line":744,"column":0},"end":{"line":744,"column":26}},"744":{"start":{"line":745,"column":0},"end":{"line":745,"column":30}},"745":{"start":{"line":746,"column":0},"end":{"line":746,"column":67}},"746":{"start":{"line":747,"column":0},"end":{"line":747,"column":78}},"747":{"start":{"line":748,"column":0},"end":{"line":748,"column":85}},"748":{"start":{"line":749,"column":0},"end":{"line":749,"column":11}},"749":{"start":{"line":750,"column":0},"end":{"line":750,"column":7}},"750":{"start":{"line":751,"column":0},"end":{"line":751,"column":24}},"751":{"start":{"line":752,"column":0},"end":{"line":752,"column":59}},"752":{"start":{"line":753,"column":0},"end":{"line":753,"column":21}},"753":{"start":{"line":754,"column":0},"end":{"line":754,"column":44}},"754":{"start":{"line":755,"column":0},"end":{"line":755,"column":27}},"755":{"start":{"line":756,"column":0},"end":{"line":756,"column":30}},"756":{"start":{"line":757,"column":0},"end":{"line":757,"column":9}},"757":{"start":{"line":758,"column":0},"end":{"line":758,"column":5}},"758":{"start":{"line":759,"column":0},"end":{"line":759,"column":3}},"762":{"start":{"line":763,"column":0},"end":{"line":763,"column":41}},"763":{"start":{"line":764,"column":0},"end":{"line":764,"column":28}},"764":{"start":{"line":765,"column":0},"end":{"line":765,"column":54}},"765":{"start":{"line":766,"column":0},"end":{"line":766,"column":71}},"766":{"start":{"line":767,"column":0},"end":{"line":767,"column":67}},"767":{"start":{"line":768,"column":0},"end":{"line":768,"column":3}},"769":{"start":{"line":770,"column":0},"end":{"line":770,"column":49}},"772":{"start":{"line":773,"column":0},"end":{"line":773,"column":64}},"773":{"start":{"line":774,"column":0},"end":{"line":774,"column":74}},"774":{"start":{"line":775,"column":0},"end":{"line":775,"column":51}},"775":{"start":{"line":776,"column":0},"end":{"line":776,"column":3}},"779":{"start":{"line":780,"column":0},"end":{"line":780,"column":34}},"780":{"start":{"line":781,"column":0},"end":{"line":781,"column":45}},"781":{"start":{"line":782,"column":0},"end":{"line":782,"column":29}},"782":{"start":{"line":783,"column":0},"end":{"line":783,"column":44}},"783":{"start":{"line":784,"column":0},"end":{"line":784,"column":48}},"785":{"start":{"line":786,"column":0},"end":{"line":786,"column":47}},"786":{"start":{"line":787,"column":0},"end":{"line":787,"column":71}},"787":{"start":{"line":788,"column":0},"end":{"line":788,"column":44}},"788":{"start":{"line":789,"column":0},"end":{"line":789,"column":8}},"789":{"start":{"line":790,"column":0},"end":{"line":790,"column":61}},"790":{"start":{"line":791,"column":0},"end":{"line":791,"column":24}},"791":{"start":{"line":792,"column":0},"end":{"line":792,"column":64}},"792":{"start":{"line":793,"column":0},"end":{"line":793,"column":30}},"793":{"start":{"line":794,"column":0},"end":{"line":794,"column":31}},"794":{"start":{"line":795,"column":0},"end":{"line":795,"column":28}},"795":{"start":{"line":796,"column":0},"end":{"line":796,"column":17}},"796":{"start":{"line":797,"column":0},"end":{"line":797,"column":9}},"797":{"start":{"line":798,"column":0},"end":{"line":798,"column":5}},"798":{"start":{"line":799,"column":0},"end":{"line":799,"column":3}},"804":{"start":{"line":805,"column":0},"end":{"line":805,"column":129}},"805":{"start":{"line":806,"column":0},"end":{"line":806,"column":26}},"806":{"start":{"line":807,"column":0},"end":{"line":807,"column":52}},"807":{"start":{"line":808,"column":0},"end":{"line":808,"column":46}},"808":{"start":{"line":809,"column":0},"end":{"line":809,"column":54}},"809":{"start":{"line":810,"column":0},"end":{"line":810,"column":43}},"810":{"start":{"line":811,"column":0},"end":{"line":811,"column":37}},"811":{"start":{"line":812,"column":0},"end":{"line":812,"column":43}},"812":{"start":{"line":813,"column":0},"end":{"line":813,"column":29}},"813":{"start":{"line":814,"column":0},"end":{"line":814,"column":68}},"814":{"start":{"line":815,"column":0},"end":{"line":815,"column":78}},"815":{"start":{"line":816,"column":0},"end":{"line":816,"column":67}},"816":{"start":{"line":817,"column":0},"end":{"line":817,"column":18}},"817":{"start":{"line":818,"column":0},"end":{"line":818,"column":70}},"818":{"start":{"line":819,"column":0},"end":{"line":819,"column":54}},"819":{"start":{"line":820,"column":0},"end":{"line":820,"column":106}},"820":{"start":{"line":821,"column":0},"end":{"line":821,"column":9}},"821":{"start":{"line":822,"column":0},"end":{"line":822,"column":51}},"822":{"start":{"line":823,"column":0},"end":{"line":823,"column":69}},"823":{"start":{"line":824,"column":0},"end":{"line":824,"column":53}},"824":{"start":{"line":825,"column":0},"end":{"line":825,"column":21}},"825":{"start":{"line":826,"column":0},"end":{"line":826,"column":151}},"826":{"start":{"line":827,"column":0},"end":{"line":827,"column":7}},"827":{"start":{"line":828,"column":0},"end":{"line":828,"column":24}},"828":{"start":{"line":829,"column":0},"end":{"line":829,"column":51}},"829":{"start":{"line":830,"column":0},"end":{"line":830,"column":175}},"830":{"start":{"line":831,"column":0},"end":{"line":831,"column":7}},"831":{"start":{"line":832,"column":0},"end":{"line":832,"column":5}},"832":{"start":{"line":833,"column":0},"end":{"line":833,"column":3}},"835":{"start":{"line":836,"column":0},"end":{"line":836,"column":32}},"836":{"start":{"line":837,"column":0},"end":{"line":837,"column":58}},"837":{"start":{"line":838,"column":0},"end":{"line":838,"column":40}},"838":{"start":{"line":839,"column":0},"end":{"line":839,"column":24}},"839":{"start":{"line":840,"column":0},"end":{"line":840,"column":32}},"840":{"start":{"line":841,"column":0},"end":{"line":841,"column":44}},"841":{"start":{"line":842,"column":0},"end":{"line":842,"column":33}},"842":{"start":{"line":843,"column":0},"end":{"line":843,"column":35}},"843":{"start":{"line":844,"column":0},"end":{"line":844,"column":41}},"844":{"start":{"line":845,"column":0},"end":{"line":845,"column":27}},"845":{"start":{"line":846,"column":0},"end":{"line":846,"column":66}},"846":{"start":{"line":847,"column":0},"end":{"line":847,"column":76}},"847":{"start":{"line":848,"column":0},"end":{"line":848,"column":65}},"848":{"start":{"line":849,"column":0},"end":{"line":849,"column":16}},"849":{"start":{"line":850,"column":0},"end":{"line":850,"column":68}},"850":{"start":{"line":851,"column":0},"end":{"line":851,"column":52}},"851":{"start":{"line":852,"column":0},"end":{"line":852,"column":104}},"852":{"start":{"line":853,"column":0},"end":{"line":853,"column":7}},"853":{"start":{"line":854,"column":0},"end":{"line":854,"column":49}},"854":{"start":{"line":855,"column":0},"end":{"line":855,"column":67}},"855":{"start":{"line":856,"column":0},"end":{"line":856,"column":51}},"856":{"start":{"line":857,"column":0},"end":{"line":857,"column":19}},"857":{"start":{"line":858,"column":0},"end":{"line":858,"column":149}},"858":{"start":{"line":859,"column":0},"end":{"line":859,"column":5}},"859":{"start":{"line":860,"column":0},"end":{"line":860,"column":22}},"860":{"start":{"line":861,"column":0},"end":{"line":861,"column":49}},"861":{"start":{"line":862,"column":0},"end":{"line":862,"column":173}},"862":{"start":{"line":863,"column":0},"end":{"line":863,"column":5}},"863":{"start":{"line":864,"column":0},"end":{"line":864,"column":3}},"866":{"start":{"line":867,"column":0},"end":{"line":867,"column":33}},"867":{"start":{"line":868,"column":0},"end":{"line":868,"column":48}},"868":{"start":{"line":869,"column":0},"end":{"line":869,"column":58}},"869":{"start":{"line":870,"column":0},"end":{"line":870,"column":66}},"870":{"start":{"line":871,"column":0},"end":{"line":871,"column":41}},"871":{"start":{"line":872,"column":0},"end":{"line":872,"column":35}},"872":{"start":{"line":873,"column":0},"end":{"line":873,"column":40}},"873":{"start":{"line":874,"column":0},"end":{"line":874,"column":3}},"876":{"start":{"line":877,"column":0},"end":{"line":877,"column":3}},"877":{"start":{"line":878,"column":0},"end":{"line":878,"column":46}},"878":{"start":{"line":879,"column":0},"end":{"line":879,"column":36}},"879":{"start":{"line":880,"column":0},"end":{"line":880,"column":70}},"880":{"start":{"line":881,"column":0},"end":{"line":881,"column":34}},"881":{"start":{"line":882,"column":0},"end":{"line":882,"column":44}},"882":{"start":{"line":883,"column":0},"end":{"line":883,"column":50}},"884":{"start":{"line":885,"column":0},"end":{"line":885,"column":32}},"886":{"start":{"line":887,"column":0},"end":{"line":887,"column":46}},"887":{"start":{"line":888,"column":0},"end":{"line":888,"column":57}},"888":{"start":{"line":889,"column":0},"end":{"line":889,"column":25}},"889":{"start":{"line":890,"column":0},"end":{"line":890,"column":180}},"890":{"start":{"line":891,"column":0},"end":{"line":891,"column":9}},"891":{"start":{"line":892,"column":0},"end":{"line":892,"column":17}},"892":{"start":{"line":893,"column":0},"end":{"line":893,"column":7}},"893":{"start":{"line":894,"column":0},"end":{"line":894,"column":37}},"894":{"start":{"line":895,"column":0},"end":{"line":895,"column":74}},"895":{"start":{"line":896,"column":0},"end":{"line":896,"column":66}},"896":{"start":{"line":897,"column":0},"end":{"line":897,"column":67}},"897":{"start":{"line":898,"column":0},"end":{"line":898,"column":34}},"898":{"start":{"line":899,"column":0},"end":{"line":899,"column":51}},"899":{"start":{"line":900,"column":0},"end":{"line":900,"column":52}},"900":{"start":{"line":901,"column":0},"end":{"line":901,"column":54}},"901":{"start":{"line":902,"column":0},"end":{"line":902,"column":106}},"902":{"start":{"line":903,"column":0},"end":{"line":903,"column":8}},"903":{"start":{"line":904,"column":0},"end":{"line":904,"column":26}},"904":{"start":{"line":905,"column":0},"end":{"line":905,"column":35}},"905":{"start":{"line":906,"column":0},"end":{"line":906,"column":67}},"906":{"start":{"line":907,"column":0},"end":{"line":907,"column":51}},"907":{"start":{"line":908,"column":0},"end":{"line":908,"column":21}},"908":{"start":{"line":909,"column":0},"end":{"line":909,"column":151}},"909":{"start":{"line":910,"column":0},"end":{"line":910,"column":7}},"911":{"start":{"line":912,"column":0},"end":{"line":912,"column":55}},"912":{"start":{"line":913,"column":0},"end":{"line":913,"column":23}},"913":{"start":{"line":914,"column":0},"end":{"line":914,"column":169}},"914":{"start":{"line":915,"column":0},"end":{"line":915,"column":7}},"915":{"start":{"line":916,"column":0},"end":{"line":916,"column":5}},"916":{"start":{"line":917,"column":0},"end":{"line":917,"column":3}},"918":{"start":{"line":919,"column":0},"end":{"line":919,"column":49}},"923":{"start":{"line":924,"column":0},"end":{"line":924,"column":45}},"924":{"start":{"line":925,"column":0},"end":{"line":925,"column":3}},"926":{"start":{"line":927,"column":0},"end":{"line":927,"column":32}},"927":{"start":{"line":928,"column":0},"end":{"line":928,"column":35}},"928":{"start":{"line":929,"column":0},"end":{"line":929,"column":55}},"929":{"start":{"line":930,"column":0},"end":{"line":930,"column":67}},"930":{"start":{"line":931,"column":0},"end":{"line":931,"column":109}},"931":{"start":{"line":932,"column":0},"end":{"line":932,"column":5}},"933":{"start":{"line":934,"column":0},"end":{"line":934,"column":40}},"934":{"start":{"line":935,"column":0},"end":{"line":935,"column":63}},"936":{"start":{"line":937,"column":0},"end":{"line":937,"column":67}},"937":{"start":{"line":938,"column":0},"end":{"line":938,"column":57}},"939":{"start":{"line":940,"column":0},"end":{"line":940,"column":87}},"940":{"start":{"line":941,"column":0},"end":{"line":941,"column":29}},"941":{"start":{"line":942,"column":0},"end":{"line":942,"column":66}},"942":{"start":{"line":943,"column":0},"end":{"line":943,"column":67}},"943":{"start":{"line":944,"column":0},"end":{"line":944,"column":48}},"944":{"start":{"line":945,"column":0},"end":{"line":945,"column":5}},"946":{"start":{"line":947,"column":0},"end":{"line":947,"column":72}},"947":{"start":{"line":948,"column":0},"end":{"line":948,"column":83}},"948":{"start":{"line":949,"column":0},"end":{"line":949,"column":91}},"949":{"start":{"line":950,"column":0},"end":{"line":950,"column":68}},"950":{"start":{"line":951,"column":0},"end":{"line":951,"column":49}},"951":{"start":{"line":952,"column":0},"end":{"line":952,"column":50}},"952":{"start":{"line":953,"column":0},"end":{"line":953,"column":45}},"953":{"start":{"line":954,"column":0},"end":{"line":954,"column":31}},"954":{"start":{"line":955,"column":0},"end":{"line":955,"column":68}},"955":{"start":{"line":956,"column":0},"end":{"line":956,"column":69}},"956":{"start":{"line":957,"column":0},"end":{"line":957,"column":50}},"957":{"start":{"line":958,"column":0},"end":{"line":958,"column":7}},"958":{"start":{"line":959,"column":0},"end":{"line":959,"column":5}},"960":{"start":{"line":961,"column":0},"end":{"line":961,"column":66}},"961":{"start":{"line":962,"column":0},"end":{"line":962,"column":55}},"962":{"start":{"line":963,"column":0},"end":{"line":963,"column":67}},"963":{"start":{"line":964,"column":0},"end":{"line":964,"column":83}},"964":{"start":{"line":965,"column":0},"end":{"line":965,"column":5}},"965":{"start":{"line":966,"column":0},"end":{"line":966,"column":66}},"966":{"start":{"line":967,"column":0},"end":{"line":967,"column":55}},"967":{"start":{"line":968,"column":0},"end":{"line":968,"column":67}},"968":{"start":{"line":969,"column":0},"end":{"line":969,"column":83}},"969":{"start":{"line":970,"column":0},"end":{"line":970,"column":5}},"970":{"start":{"line":971,"column":0},"end":{"line":971,"column":53}},"971":{"start":{"line":972,"column":0},"end":{"line":972,"column":3}},"976":{"start":{"line":977,"column":0},"end":{"line":977,"column":3}},"977":{"start":{"line":978,"column":0},"end":{"line":978,"column":40}},"978":{"start":{"line":979,"column":0},"end":{"line":979,"column":35}},"979":{"start":{"line":980,"column":0},"end":{"line":980,"column":63}},"981":{"start":{"line":982,"column":0},"end":{"line":982,"column":52}},"982":{"start":{"line":983,"column":0},"end":{"line":983,"column":67}},"983":{"start":{"line":984,"column":0},"end":{"line":984,"column":87}},"985":{"start":{"line":986,"column":0},"end":{"line":986,"column":87}},"986":{"start":{"line":987,"column":0},"end":{"line":987,"column":28}},"987":{"start":{"line":988,"column":0},"end":{"line":988,"column":77}},"988":{"start":{"line":989,"column":0},"end":{"line":989,"column":70}},"990":{"start":{"line":991,"column":0},"end":{"line":991,"column":48}},"991":{"start":{"line":992,"column":0},"end":{"line":992,"column":32}},"992":{"start":{"line":993,"column":0},"end":{"line":993,"column":28}},"993":{"start":{"line":994,"column":0},"end":{"line":994,"column":32}},"994":{"start":{"line":995,"column":0},"end":{"line":995,"column":72}},"997":{"start":{"line":998,"column":0},"end":{"line":998,"column":68}},"998":{"start":{"line":999,"column":0},"end":{"line":999,"column":50}},"999":{"start":{"line":1000,"column":0},"end":{"line":1000,"column":87}},"1002":{"start":{"line":1003,"column":0},"end":{"line":1003,"column":63}},"1004":{"start":{"line":1005,"column":0},"end":{"line":1005,"column":102}},"1005":{"start":{"line":1006,"column":0},"end":{"line":1006,"column":67}},"1006":{"start":{"line":1007,"column":0},"end":{"line":1007,"column":65}},"1007":{"start":{"line":1008,"column":0},"end":{"line":1008,"column":67}},"1008":{"start":{"line":1009,"column":0},"end":{"line":1009,"column":40}},"1009":{"start":{"line":1010,"column":0},"end":{"line":1010,"column":54}},"1010":{"start":{"line":1011,"column":0},"end":{"line":1011,"column":42}},"1011":{"start":{"line":1012,"column":0},"end":{"line":1012,"column":50}},"1012":{"start":{"line":1013,"column":0},"end":{"line":1013,"column":54}},"1013":{"start":{"line":1014,"column":0},"end":{"line":1014,"column":106}},"1014":{"start":{"line":1015,"column":0},"end":{"line":1015,"column":8}},"1015":{"start":{"line":1016,"column":0},"end":{"line":1016,"column":32}},"1016":{"start":{"line":1017,"column":0},"end":{"line":1017,"column":64}},"1017":{"start":{"line":1018,"column":0},"end":{"line":1018,"column":77}},"1020":{"start":{"line":1021,"column":0},"end":{"line":1021,"column":34}},"1021":{"start":{"line":1022,"column":0},"end":{"line":1022,"column":64}},"1022":{"start":{"line":1023,"column":0},"end":{"line":1023,"column":26}},"1023":{"start":{"line":1024,"column":0},"end":{"line":1024,"column":58}},"1024":{"start":{"line":1025,"column":0},"end":{"line":1025,"column":103}},"1025":{"start":{"line":1026,"column":0},"end":{"line":1026,"column":11}},"1026":{"start":{"line":1027,"column":0},"end":{"line":1027,"column":7}},"1027":{"start":{"line":1028,"column":0},"end":{"line":1028,"column":5}},"1028":{"start":{"line":1029,"column":0},"end":{"line":1029,"column":3}},"1031":{"start":{"line":1032,"column":0},"end":{"line":1032,"column":3}},"1032":{"start":{"line":1033,"column":0},"end":{"line":1033,"column":68}},"1033":{"start":{"line":1034,"column":0},"end":{"line":1034,"column":85}},"1034":{"start":{"line":1035,"column":0},"end":{"line":1035,"column":105}},"1035":{"start":{"line":1036,"column":0},"end":{"line":1036,"column":121}},"1036":{"start":{"line":1037,"column":0},"end":{"line":1037,"column":70}},"1037":{"start":{"line":1038,"column":0},"end":{"line":1038,"column":6}},"1038":{"start":{"line":1039,"column":0},"end":{"line":1039,"column":79}},"1039":{"start":{"line":1040,"column":0},"end":{"line":1040,"column":49}},"1040":{"start":{"line":1041,"column":0},"end":{"line":1041,"column":51}},"1041":{"start":{"line":1042,"column":0},"end":{"line":1042,"column":39}},"1042":{"start":{"line":1043,"column":0},"end":{"line":1043,"column":52}},"1043":{"start":{"line":1044,"column":0},"end":{"line":1044,"column":56}},"1044":{"start":{"line":1045,"column":0},"end":{"line":1045,"column":52}},"1045":{"start":{"line":1046,"column":0},"end":{"line":1046,"column":36}},"1047":{"start":{"line":1048,"column":0},"end":{"line":1048,"column":72}},"1048":{"start":{"line":1049,"column":0},
[...]
":{"start":{"line":77,"column":81},"end":{"line":80,"column":5}},"locations":[{"start":{"line":77,"column":81},"end":{"line":80,"column":5}}]},"20":{"type":"branch","line":100,"loc":{"start":{"line":100,"column":37},"end":{"line":102,"column":3}},"locations":[{"start":{"line":100,"column":37},"end":{"line":102,"column":3}}]},"21":{"type":"branch","line":101,"loc":{"start":{"line":101,"column":19},"end":{"line":101,"column":63}},"locations":[{"start":{"line":101,"column":19},"end":{"line":101,"column":63}}]},"22":{"type":"branch","line":101,"loc":{"start":{"line":101,"column":63},"end":{"line":101,"column":100}},"locations":[{"start":{"line":101,"column":63},"end":{"line":101,"column":100}}]},"23":{"type":"branch","line":104,"loc":{"start":{"line":104,"column":34},"end":{"line":118,"column":3}},"locations":[{"start":{"line":104,"column":34},"end":{"line":118,"column":3}}]},"24":{"type":"branch","line":106,"loc":{"start":{"line":106,"column":8},"end":{"line":106,"column":54}},"locations":[{"start":{"line":106,"column":8},"end":{"line":106,"column":54}}]},"25":{"type":"branch","line":106,"loc":{"start":{"line":106,"column":54},"end":{"line":117,"column":5}},"locations":[{"start":{"line":106,"column":54},"end":{"line":117,"column":5}}]},"26":{"type":"branch","line":109,"loc":{"start":{"line":109,"column":13},"end":{"line":109,"column":51}},"locations":[{"start":{"line":109,"column":13},"end":{"line":109,"column":51}}]},"27":{"type":"branch","line":109,"loc":{"start":{"line":109,"column":51},"end":{"line":113,"column":7}},"locations":[{"start":{"line":109,"column":51},"end":{"line":113,"column":7}}]},"28":{"type":"branch","line":114,"loc":{"start":{"line":114,"column":10},"end":{"line":114,"column":47}},"locations":[{"start":{"line":114,"column":10},"end":{"line":114,"column":47}}]},"29":{"type":"branch","line":114,"loc":{"start":{"line":114,"column":47},"end":{"line":116,"column":7}},"locations":[{"start":{"line":114,"column":47},"end":{"line":116,"column":7}}]},"30":{"type":"branch","line":129,"loc":{"start":{"line":129,"column":31},"end":{"line":129,"column":94}},"locations":[{"start":{"line":129,"column":31},"end":{"line":129,"column":94}}]},"31":{"type":"branch","line":84,"loc":{"start":{"line":84,"column":35},"end":{"line":94,"column":3}},"locations":[{"start":{"line":84,"column":35},"end":{"line":94,"column":3}}]},"32":{"type":"branch","line":85,"loc":{"start":{"line":85,"column":28},"end":{"line":85,"column":41}},"locations":[{"start":{"line":85,"column":28},"end":{"line":85,"column":41}}]},"33":{"type":"branch","line":85,"loc":{"start":{"line":85,"column":35},"end":{"line":86,"column":42}},"locations":[{"start":{"line":85,"column":35},"end":{"line":86,"column":42}}]},"34":{"type":"branch","line":86,"loc":{"start":{"line":86,"column":20},"end":{"line":86,"column":69}},"locations":[{"start":{"line":86,"column":20},"end":{"line":86,"column":69}}]},"35":{"type":"branch","line":86,"loc":{"start":{"line":86,"column":53},"end":{"line":87,"column":41}},"locations":[{"start":{"line":86,"column":53},"end":{"line":87,"column":41}}]},"36":{"type":"branch","line":87,"loc":{"start":{"line":87,"column":22},"end":{"line":88,"column":50}},"locations":[{"start":{"line":87,"column":22},"end":{"line":88,"column":50}}]},"37":{"type":"branch","line":88,"loc":{"start":{"line":88,"column":22},"end":{"line":88,"column":90}},"locations":[{"start":{"line":88,"column":22},"end":{"line":88,"column":90}}]},"38":{"type":"branch","line":88,"loc":{"start":{"line":88,"column":61},"end":{"line":89,"column":39}},"locations":[{"start":{"line":88,"column":61},"end":{"line":89,"column":39}}]},"39":{"type":"branch","line":89,"loc":{"start":{"line":89,"column":38},"end":{"line":90,"column":46}},"locations":[{"start":{"line":89,"column":38},"end":{"line":90,"column":46}}]},"40":{"type":"branch","line":90,"loc":{"start":{"line":90,"column":26},"end":{"line":90,"column":43}},"locations":[{"start":{"line":90,"column":26},"end":{"line":90,"column":43}}]},"41":{"type":"branch","line":90,"loc":{"start":{"line":90,"column":46},"end":{"line":92,"column":5}},"locations":[{"start":{"line":90,"column":46},"end":{"line":92,"column":5}}]},"42":{"type":"branch","line":92,"loc":{"start":{"line":92,"column":4},"end":{"line":93,"column":16}},"locations":[{"start":{"line":92,"column":4},"end":{"line":93,"column":16}}]},"43":{"type":"branch","line":96,"loc":{"start":{"line":96,"column":38},"end":{"line":96,"column":47}},"locations":[{"start":{"line":96,"column":38},"end":{"line":96,"column":47}}]},"44":{"type":"branch","line":121,"loc":{"start":{"line":121,"column":32},"end":{"line":122,"column":91}},"locations":[{"start":{"line":121,"column":32},"end":{"line":122,"column":91}}]},"45":{"type":"branch","line":122,"loc":{"start":{"line":122,"column":60},"end":{"line":122,"column":91}},"locations":[{"start":{"line":122,"column":60},"end":{"line":122,"column":91}}]},"46":{"type":"branch","line":130,"loc":{"start":{"line":130,"column":34},"end":{"line":130,"column":85}},"locations":[{"start":{"line":130,"column":34},"end":{"line":130,"column":85}}]},"47":{"type":"branch","line":130,"loc":{"start":{"line":130,"column":60},"end":{"line":130,"column":85}},"locations":[{"start":{"line":130,"column":60},"end":{"line":130,"column":85}}]},"48":{"type":"branch","line":150,"loc":{"start":{"line":150,"column":0},"end":{"line":262,"column":1}},"locations":[{"start":{"line":150,"column":0},"end":{"line":262,"column":1}}]},"49":{"type":"branch","line":152,"loc":{"start":{"line":152,"column":34},"end":{"line":154,"column":3}},"locations":[{"start":{"line":152,"column":34},"end":{"line":154,"column":3}}]},"50":{"type":"branch","line":153,"loc":{"start":{"line":153,"column":39},"end":{"line":153,"column":60}},"locations":[{"start":{"line":153,"column":39},"end":{"line":153,"column":60}}]},"51":{"type":"branch","line":158,"loc":{"start":{"line":158,"column":37},"end":{"line":160,"column":3}},"locations":[{"start":{"line":158,"column":37},"end":{"line":160,"column":3}}]},"52":{"type":"branch","line":159,"loc":{"start":{"line":159,"column":19},"end":{"line":159,"column":63}},"locations":[{"start":{"line":159,"column":19},"end":{"line":159,"column":63}}]},"53":{"type":"branch","line":159,"loc":{"start":{"line":159,"column":63},"end":{"line":159,"column":100}},"locations":[{"start":{"line":159,"column":63},"end":{"line":159,"column":100}}]},"54":{"type":"branch","line":165,"loc":{"start":{"line":165,"column":34},"end":{"line":170,"column":3}},"locations":[{"start":{"line":165,"column":34},"end":{"line":170,"column":3}}]},"55":{"type":"branch","line":166,"loc":{"start":{"line":166,"column":42},"end":{"line":169,"column":5}},"locations":[{"start":{"line":166,"column":42},"end":{"line":169,"column":5}}]},"56":{"type":"branch","line":171,"loc":{"start":{"line":171,"column":34},"end":{"line":178,"column":3}},"locations":[{"start":{"line":171,"column":34},"end":{"line":178,"column":3}}]},"57":{"type":"branch","line":172,"loc":{"start":{"line":172,"column":35},"end":{"line":177,"column":5}},"locations":[{"start":{"line":172,"column":35},"end":{"line":177,"column":5}}]},"58":{"type":"branch","line":182,"loc":{"start":{"line":182,"column":32},"end":{"line":196,"column":3}},"locations":[{"start":{"line":182,"column":32},"end":{"line":196,"column":3}}]},"59":{"type":"branch","line":184,"loc":{"start":{"line":184,"column":8},"end":{"line":184,"column":52}},"locations":[{"start":{"line":184,"column":8},"end":{"line":184,"column":52}}]},"60":{"type":"branch","line":184,"loc":{"start":{"line":184,"column":52},"end":{"line":195,"column":5}},"locations":[{"start":{"line":184,"column":52},"end":{"line":195,"column":5}}]},"61":{"type":"branch","line":187,"loc":{"start":{"line":187,"column":13},"end":{"line":187,"column":49}},"locations":[{"start":{"line":187,"column":13},"end":{"line":187,"column":49}}]},"62":{"type":"branch","line":187,"loc":{"start":{"line":187,"column":49},"end":{"line":191,"column":7}},"locations":[{"start":{"line":187,"column":49},"end":{"line":191,"column":7}}]},"63":{"type":"branch","line":192,"loc":{"start":{"line":192,"column":10},"end":{"line":192,"column":45}},"locations":[{"start":{"line":192,"column":10},"end":{"line":192,"column":45}}]},"64":{"type":"branch","line":192,"loc":{"start":{"line":192,"column":45},"end":{"line":194,"column":7}},"locations":[{"start":{"line":192,"column":45},"end":{"line":194,"column":7}}]},"65":{"type":"branch","line":201,"loc":{"start":{"line":201,"column":34},"end":{"line":206,"column":3}},"locations":[{"start":{"line":201,"column":34},"end":{"line":206,"column":3}}]},"66":{"type":"branch","line":202,"loc":{"start":{"line":202,"column":42},"end":{"line":205,"column":5}},"locations":[{"start":{"line":202,"column":42},"end":{"line":205,"column":5}}]},"67":{"type":"branch","line":208,"loc":{"start":{"line":208,"column":34},"end":{"line":216,"column":3}},"locations":[{"start":{"line":208,"column":34},"end":{"line":216,"column":3}}]},"68":{"type":"branch","line":209,"loc":{"start":{"line":209,"column":35},"end":{"line":215,"column":5}},"locations":[{"start":{"line":209,"column":35},"end":{"line":215,"column":5}}]},"69":{"type":"branch","line":239,"loc":{"start":{"line":239,"column":18},"end":{"line":257,"column":3}},"locations":[{"start":{"line":239,"column":18},"end":{"line":257,"column":3}}]},"70":{"type":"branch","line":241,"loc":{"start":{"line":241,"column":48},"end":{"line":256,"column":5}},"locations":[{"start":{"line":241,"column":48},"end":{"line":256,"column":5}}]},"71":{"type":"branch","line":243,"loc":{"start":{"line":243,"column":44},"end":{"line":243,"column":53}},"locations":[{"start":{"line":243,"column":44},"end":{"line":243,"column":53}}]},"72":{"type":"branch","line":243,"loc":{"start":{"line":243,"column":44},"end":{"line":252,"column":31}},"locations":[{"start":{"line":243,"column":44},"end":{"line":252,"column":31}}]},"73":{"type":"branch","line":252,"loc":{"start":{"line":252,"column":31},"end":{"line":255,"column":7}},"locations":[{"start":{"line":252,"column":31},"end":{"line":255,"column":7}}]},"74":{"type":"branch","line":218,"loc":{"start":{"line":218,"column":41},"end":{"line":218,"column":63}},"locations":[{"start":{"line":218,"column":41},"end":{"line":218,"column":63}}]},"75":{"type":"branch","line":219,"loc":{"start":{"line":219,"column":50},"end":{"line":219,"column":59}},"locations":[{"start":{"line":219,"column":50},"end":{"line":219,"column":59}}]},"76":{"type":"branch","line":222,"loc":{"start":{"line":222,"column":14},"end":{"line":222,"column":45}},"locations":[{"start":{"line":222,"column":14},"end":{"line":222,"column":45}}]},"77":{"type":"branch","line":223,"loc":{"start":{"line":223,"column":11},"end":{"line":227,"column":8}},"locations":[{"start":{"line":223,"column":11},"end":{"line":227,"column":8}}]},"78":{"type":"branch","line":228,"loc":{"start":{"line":228,"column":14},"end":{"line":228,"column":85}},"locations":[{"start":{"line":228,"column":14},"end":{"line":228,"column":85}}]},"79":{"type":"branch","line":228,"loc":{"start":{"line":228,"column":49},"end":{"line":228,"column":85}},"locations":[{"start":{"line":228,"column":49},"end":{"line":228,"column":85}}]},"80":{"type":"branch","line":236,"loc":{"start":{"line":236,"column":43},"end":{"line":236,"column":57}},"locations":[{"start":{"line":236,"column":43},"end":{"line":236,"column":57}}]},"81":{"type":"branch","line":237,"loc":{"start":{"line":237,"column":47},"end":{"line":237,"column":56}},"locations":[{"start":{"line":237,"column":47},"end":{"line":237,"column":56}}]},"82":{"type":"branch","line":245,"loc":{"start":{"line":245,"column":50},"end":{"line":251,"column":7}},"locations":[{"start":{"line":245,"column":50},"end":{"line":251,"column":7}}]},"83":{"type":"branch","line":246,"loc":{"start":{"line":246,"column":40},"end":{"line":246,"column":76}},"locations":[{"start":{"line":246,"column":40},"end":{"line":246,"column":76}}]},"84":{"type":"branch","line":246,"loc":{"start":{"line":246,"column":76},"end":{"line":246,"column":89}},"locations":[{"start":{"line":246,"column":76},"end":{"line":246,"column":89}}]},"85":{"type":"branch","line":246,"loc":{"start":{"line":246,"column":83},"end":{"line":247,"column":45}},"locations":[{"start":{"line":246,"column":83},"end":{"line":247,"column":45}}]},"86":{"type":"branch","line":247,"loc":{"start":{"line":247,"column":39},"end":{"line":247,"column":58}},"locations":[{"start":{"line":247,"column":39},"end":{"line":247,"column":58}}]},"87":{"type":"branch","line":247,"loc":{"start":{"line":247,"column":47},"end":{"line":247,"column":97}},"locations":[{"start":{"line":247,"column":47},"end":{"line":247,"column":97}}]},"88":{"type":"branch","line":247,"loc":{"start":{"line":247,"column":73},"end":{"line":247,"column":92}},"locations":[{"start":{"line":247,"column":73},"end":{"line":247,"column":92}}]},"89":{"type":"branch","line":247,"loc":{"start":{"line":247,"column":81},"end":{"line":247,"column":97}},"locations":[{"start":{"line":247,"column":81},"end":{"line":247,"column":97}}]},"90":{"type":"branch","line":248,"loc":{"start":{"line":248,"column":22},"end":{"line":248,"column":35}},"locations":[{"start":{"line":248,"column":22},"end":{"line":248,"column":35}}]},"91":{"type":"branch","line":248,"loc":{"start":{"line":248,"column":29},"end":{"line":250,"column":66}},"locations":[{"start":{"line":248,"column":29},"end":{"line":250,"column":66}}]},"92":{"type":"branch","line":250,"loc":{"start":{"line":250,"column":61},"end":{"line":250,"column":95}},"locations":[{"start":{"line":250,"column":61},"end":{"line":250,"column":95}}]},"93":{"type":"branch","line":258,"loc":{"start":{"line":258,"column":35},"end":{"line":258,"column":62}},"locations":[{"start":{"line":258,"column":35},"end":{"line":258,"column":62}}]},"94":{"type":"branch","line":259,"loc":{"start":{"line":259,"column":46},"end":{"line":259,"column":111}},"locations":[{"start":{"line":259,"column":46},"end":{"line":259,"column":111}}]},"95":{"type":"branch","line":259,"loc":{"start":{"line":259,"column":78},"end":{"line":259,"column":111}},"locations":[{"start":{"line":259,"column":78},"end":{"line":259,"column":111}}]},"96":{"type":"branch","line":266,"loc":{"start":{"line":266,"column":0},"end":{"line":298,"column":1}},"locations":[{"start":{"line":266,"column":0},"end":{"line":298,"column":1}}]},"97":{"type":"branch","line":269,"loc":{"start":{"line":269,"column":37},"end":{"line":274,"column":3}},"locations":[{"start":{"line":269,"column":37},"end":{"line":274,"column":3}}]},"98":{"type":"branch","line":270,"loc":{"start":{"line":270,"column":19},"end":{"line":270,"column":53}},"locations":[{"start":{"line":270,"column":19},"end":{"line":270,"column":53}}]},"99":{"type":"branch","line":270,"loc":{"start":{"line":270,"column":43},"end":{"line":270,"column":82}},"locations":[{"start":{"line":270,"column":43},"end":{"line":270,"column":82}}]},"100":{"type":"branch","line":270,"loc":{"start":{"line":270,"column":82},"end":{"line":273,"column":5}},"locations":[{"start":{"line":270,"column":82},"end":{"line":273,"column":5}}]},"101":{"type":"branch","line":285,"loc":{"start":{"line":285,"column":34},"end":{"line":289,"column":3}},"locations":[{"start":{"line":285,"column":34},"end":{"line":289,"column":3}}]},"102":{"type":"branch","line":286,"loc":{"start":{"line":286,"column":39},"end":{"line":286,"column":75}},"locations":[{"start":{"line":286,"column":39},"end":{"line":286,"column":75}}]},"103":{"type":"branch","line":291,"loc":{"start":{"line":291,"column":35},"end":{"line":291,"column":57}},"locations":[{"start":{"line":291,"column":35},"end":{"line":291,"column":57}}]},"104":{"type":"branch","line":292,"loc":{"start":{"line":292,"column":38},"end":{"line":292,"column":47}},"locations":[{"start":{"line":292,"column":38},"end":{"line":292,"column":47}}]},"105":{"type":"branch","line":293,"loc":{"start":{"line":293,"column":47},"end":{"line":294,"column":59}},"locations":[{"start":{"line":293,"column":47},"end":{"line":294,"column":59}}]},"106":{"type":"branch","line":301,"loc":{"start":{"line":301,"column":0},"end":{"line":303,"column":1}},"locations":[{"start":{"line":301,"column":0},"end":{"line":303,"column":1}}]},"107":{"type":"branch","line":306,"loc":{"start":{"line":306,"column":0},"end":{"line":308,"column":1}},"locations":[{"start":{"line":306,"column":0},"end":{"line":308,"column":1}}]},"108":{"type":"branch","line":311,"loc":{"start":{"line":311,"column":0},"end":{"line":313,"column":1}},"locations":[{"start":{"line":311,"column":0},"end":{"line":313,"column":1}}]},"109":{"type":"branch","line":316,"loc":{"start":{"line":316,"column":0},"end":{"line":318,"column":1}},"locations":[{"start":{"line":316,"column":0},"end":{"line":318,"column":1}}]},"110":{"type":"branch","line":332,"loc":{"start":{"line":332,"column":7},"end":{"line":335,"column":1}},"locations":[{"start":{"line":332,"column":7},"end":{"line":335,"column":1}}]},"111":{"type":"branch","line":333,"loc":{"start":{"line":333,"column":38},"end":{"line":333,"column":61}},"locations":[{"start":{"line":333,"column":38},"end":{"line":333,"column":61}}]}},"b":{"0":[16],"1":[81],"2":[50],"3":[32],"4":[76],"5":[62],"6":[50],"7":[81],"8":[50],"9":[4],"10":[36],"11":[259],"12":[164],"13":[199],"14":[60],"15":[60],"16":[293],"17":[277],"18":[258],"19":[39],"20":[293],"21":[76],"22":[217],"23":[217],"24":[184],"25":[8],"26":[5],"27":[0],"28":[5],"29":[5],"30":[247],"31":[259],"32":[35],"33":[224],"34":[173],"35":[172],"36":[169],"37":[168],"38":[57],"39":[57],"40":[0],"41":[7],"42":[217],"43":[217],"44":[293],"45":[257],"46":[217],"47":[2],"48":[19],"49":[94],"50":[59],"51":[90],"52":[20],"53":[70],"54":[94],"55":[2],"56":[94],"57":[0],"58":[59],"59":[42],"60":[6],"61":[3],"62":[0],"63":[3],"64":[3],"65":[94],"66":[2],"67":[94],"68":[0],"69":[25],"70":[74],"71":[7],"72":[67],"73":[8],"74":[94],"75":[59],"76":[90],"77":[86],"78":[86],"79":[58],"80":[59],"81":[59],"82":[126],"83":[122],"84":[4],"85":[122],"86":[22],"87":[100],"88":[49],"89":[51],"90":[51],"91":[71],"92":[69],"93":[59],"94":[52],"95":[50],"96":[3],"97":[12],"98":[10],"99":[10],"100":[2],"101":[11],"102":[7],"103":[11],"104":[11],"105":[12],"106":[1],"107":[1],"108":[1],"109":[248],"110":[325],"111":[0]},"fnMap":{"0":{"name":"filterInterconnectionView","decl":{"start":{"line":23,"column":0},"end":{"line":44,"column":1}},"loc":{"start":{"line":23,"column":0},"end":{"line":44,"column":1}},"line":23},"1":{"name":"filterActionFlowView","decl":{"start":{"line":66,"column":0},"end":{"line":133,"column":1}},"loc":{"start":{"line":66,"column":0},"end":{"line":133,"column":1}},"line":66},"2":{"name":"filterStateTransitionView","decl":{"start":{"line":150,"column":0},"end":{"line":262,"column":1}},"loc":{"start":{"line":150,"column":0},"end":{"line":262,"column":1}},"line":150},"3":{"name":"filterSequenceView","decl":{"start":{"line":266,"column":0},"end":{"line":298,"column":1}},"loc":{"start":{"line":266,"column":0},"end":{"line":298,"column":1}},"line":266},"4":{"name":"filterGridView","decl":{"start":{"line":301,"column":0},"end":{"line":303,"column":1}},"loc":{"start":{"line":301,"column":0},"end":{"line":303,"column":1}},"line":301},"5":{"name":"filterBrowserView","decl":{"start":{"line":306,"column":0},"end":{"line":308,"column":1}},"loc":{"start":{"line":306,"column":0},"end":{"line":308,"column":1}},"line":306},"6":{"name":"filterGeometryView","decl":{"start":{"line":311,"column":0},"end":{"line":313,"column":1}},"loc":{"start":{"line":311,"column":0},"end":{"line":313,"column":1}},"line":311},"7":{"name":"filterGeneralView","decl":{"start":{"line":316,"column":0},"end":{"line":318,"column":1}},"loc":{"start":{"line":316,"column":0},"end":{"line":318,"column":1}},"line":316},"8":{"name":"applyViewFilter","decl":{"start":{"line":332,"column":7},"end":{"line":335,"column":1}},"loc":{"start":{"line":332,"column":7},"end":{"line":335,"column":1}},"line":332}},"f":{"0":16,"1":36,"2":19,"3":3,"4":1,"5":1,"6":1,"7":248,"8":325}}
}
